Apr-09 13:08:16.176 [main] DEBUG nextflow.cli.Launcher - $> nextflow run main.nf
Apr-09 13:08:16.368 [main] INFO  nextflow.cli.CmdRun - N E X T F L O W  ~  version 20.10.0
Apr-09 13:08:16.387 [main] INFO  nextflow.cli.CmdRun - Launching `main.nf` [friendly_snyder] - revision: 8b2f3a08df
Apr-09 13:08:16.428 [main] DEBUG nextflow.config.ConfigBuilder - Found config local: /home/theo/postdoc/meteor_pipeline/nextflow.config
Apr-09 13:08:16.429 [main] DEBUG nextflow.config.ConfigBuilder - Parsing config file: /home/theo/postdoc/meteor_pipeline/nextflow.config
Apr-09 13:08:16.465 [main] DEBUG nextflow.config.ConfigBuilder - Applying config profile: `standard`
Apr-09 13:08:17.738 [main] DEBUG nextflow.Session - Session uuid: ac322805-4acb-4c26-bafa-75ffbd136197
Apr-09 13:08:17.738 [main] DEBUG nextflow.Session - Run name: friendly_snyder
Apr-09 13:08:17.740 [main] DEBUG nextflow.Session - Executor pool size: 4
Apr-09 13:08:17.762 [main] DEBUG nextflow.cli.CmdRun - 
  Version: 20.10.0 build 5430
  Created: 01-11-2020 15:14 UTC (15:14 BST)
  System: Linux 5.11.11-arch1-1
  Runtime: Groovy 3.0.5 on OpenJDK 64-Bit Server VM 1.8.0_282-b08
  Encoding: UTF-8 (UTF-8)
  Process: 5589@laptop [192.168.0.21]
  CPUs: 4 - Mem: 3.6 GB (567.3 MB) - Swap: 10 GB (10 GB)
Apr-09 13:08:17.790 [main] DEBUG nextflow.Session - Work-dir: /home/theo/postdoc/meteor_pipeline/work [ext2/ext3]
Apr-09 13:08:17.791 [main] DEBUG nextflow.Session - Script base path does not exist or is not a directory: /home/theo/postdoc/meteor_pipeline/bin
Apr-09 13:08:17.868 [main] DEBUG nextflow.Session - Observer factory: TowerFactory
Apr-09 13:08:17.872 [main] DEBUG nextflow.Session - Observer factory: DefaultObserverFactory
Apr-09 13:08:18.250 [main] DEBUG nextflow.Session - Session start invoked
Apr-09 13:08:18.444 [main] DEBUG nextflow.script.ScriptRunner - > Launching execution
Apr-09 13:08:18.479 [main] DEBUG nextflow.Session - Workflow process names [dsl1]: 
Apr-09 13:08:18.488 [main] DEBUG nextflow.script.ScriptRunner - > Await termination 
Apr-09 13:08:18.488 [main] DEBUG nextflow.Session - Session await
Apr-09 13:08:18.488 [main] DEBUG nextflow.Session - Session await > all process finished
Apr-09 13:08:18.488 [main] DEBUG nextflow.Session - Session await > all barriers passed
Apr-09 13:08:18.508 [main] DEBUG nextflow.trace.WorkflowStatsObserver - Workflow completed > WorkflowStats[succeededCount=0; failedCount=0; ignoredCount=0; cachedCount=0; pendingCount=0; submittedCount=0; runningCount=0; retriesCount=0; abortedCount=0; succeedDuration=0ms; failedDuration=0ms; cachedDuration=0ms;loadCpus=0; loadMemory=0; peakRunning=0; peakCpus=0; peakMemory=0; ]
Apr-09 13:08:18.744 [main] DEBUG nextflow.CacheDB - Closing CacheDB done
Apr-09 13:08:18.823 [main] DEBUG nextflow.script.ScriptRunner - > Execution complete -- Goodbye
