...Thu Jun 10 13:41:57 CEST 2021: - begin running script
#!/bin/bash -l
#SBATCH --account=snic2021-5-248
#SBATCH --partition=core
#SBATCH --ntasks=10
#SBATCH --time=2-04:00:00
#SBATCH --job-name=Meteor
#SBATCH --mail-user=zn.tportlock@gmail.com
#SBATCH --mail-type=ALL
##SBATCH --output=/proj/uppstore2019028/projects/metagenome/theo/newscripts/meteor/logs/%j 

function Run {
	start=$(date +%m)
	echo "...$(date): $1 - begin"; echo ""
	$@ \
	&& (echo "...$(date): $1 - done"; echo "") \
	|| (echo "...$(date): $1 - failed"; echo "")
	end=$(date +%s)
	echo "...time taken: $((end-start))"; echo ""
}
function Parse_variables {
	v_project_dir="$TMPDIR"
	v_workdir="${v_project_dir}/working"
	v_refdir="${v_project_dir}/reference"
	v_fastqgz1="$(readlink -f ${fastqgzs[0]})"
	v_fastqgz2="$(readlink -f ${fastqgzs[1]})"
	v_fastqgz1_unzip="${v_workdir}/$(basename $v_fastqgz1 .gz).unzipped"
	v_fastqgz2_unzip="${v_workdir}/$(basename $v_fastqgz2 .gz).unzipped"
	v_trimmedS="${v_workdir}/${sampleId}.trimmed.s.fastq"
	v_final1="${v_workdir}/${sampleId}_1.fastq"
	v_final2="${v_workdir}/${sampleId}_2.fastq"
	v_sampledir="${v_project_dir}/${catalog_type}/sample/${sampleId}"
	v_downstream_dir="$v_project_dir/Downstream"
	vars="$(compgen -A variable | grep "^v_.*")"
	for var in ${vars}; do echo "${var}=${!var}"; done
	for var in ${vars}; do if [[ -z "${!var}" ]]; then echo "missing argument ${var}" ; return 1 ; fi ; done
}
function Init {
	mkdir -p ${v_project_dir}/${catalog_type}/{sample,mapping,profiles}
	mkdir -p ${v_workdir}
	mkdir -p ${v_refdir}
}
function Send {
	cp $v_fastqgz1 $v_workdir
	cp $v_fastqgz2 $v_workdir
	cp -r ${reference_dir}/* $v_refdir
	cp -r $trimFasta $v_project_dir
}
function Decompress {
	zcat ${v_workdir}/$(basename $v_fastqgz1) > $v_fastqgz1_unzip & pid1=$!
	zcat ${v_workdir}/$(basename $v_fastqgz2) > $v_fastqgz2_unzip & pid2=$!
	trap "kill -2 $pid1 $pid2" SIGINT
	wait
}
function Trim {
	[[ -f $v_fastqgz1_unzip && -f $v_fastqgz2_unzip ]] \
	|| (echo "zip file not found" ; return 1 )
	java -jar ${ALIEN_TRIMMER}/AlienTrimmer.jar \
		-k 10 -l 45 -m 5 -p 40 -q 20 \
		-if ${v_fastqgz1_unzip} -ir ${v_fastqgz2_unzip} -c $TMPDIR/$(basename $trimFasta) \
		-of ${v_final1} -or ${v_final2} -os ${v_trimmedS} \
	|| return 1
}
function Import {
	[[ -f $v_final1 && -f $v_final2 ]] \
	|| (echo "trimmed files not found" ; return 1 )
	mv ${v_final1} ${v_final2} ${v_project_dir}/${catalog_type}/sample &&
	rm -r ${v_workdir}
	ruby ${meteorImportScript} \
		-i ${v_project_dir}/${catalog_type}/sample \
		-p ${catalog_type} \
		-t ${seq_platform} \
		-m "${sampleId}*" \
	|| return 1
}
function Map_reads {
	ruby ${meteor}/meteor.rb \
		-w ${ini_file} \
		-i ${v_sampledir} \
		-p ${v_project_dir}/${catalog_type} \
		-o mapping \
	|| return 1
}
function Quantify {
	${meteor}/meteor-profiler \
		-p ${v_project_dir}/${catalog_type} \
		-f ${v_project_dir}/${catalog_type}/profiles \
		-t smart_shared_reads \
		-w ${ini_file} \
		-o ${sampleId} ${v_project_dir}/${catalog_type}/mapping/${sampleId}/${sampleId}_${v_prefix}_gene_profile/census.dat \
	&& rm -r ${v_project_dir}/${catalog_type}/mapping/${sampleId} \
	|| return 1
}
function Recover {
	rsync -aurvP --remove-source-files $v_project_dir/ $project_dir_rel
}

Main() {
	sampleId=$(basename $1 .fastq.gz)
	fastqgzs+=("$2")
	fastqgzs+=("$3")

	Run Parse_variables &&
	Run Init &&
	Run Send &&
	Run Decompress &&
	Run Trim &&
	Run Import &&
	Run Map_reads &&
	Run Quantify &&
	Run Recover
}

echo "...$(date): - begin running script"
cat $0
echo ""

# Load modules
echo "...$(date): - load modules"
module load bioinfo-tools
module load ruby/2.6.2
module load AlienTrimmer/0.4.0
module load bowtie2/2.3.4.1
echo "...$(date): - done"; echo "" 

# Load ini file
echo "...$(date): - load ini file"
sed -i "s|meteor.reference.dir=.*|meteor.reference.dir=$TMPDIR/reference|g" $1
ini_file=$1
source $ini_file > /dev/null 2>&1
v_prefix=$( grep "meteor.counting.prefix.name" $ini_file | sed "s/^.*=//g" )
cat $ini_file
echo "...$(date): - done"; echo "" 

# Run meteor
Main $sample $seq_data_dir/${sample}${forward_identifier} $seq_data_dir/${sample}${reverse_identifier}

...Thu Jun 10 13:41:57 CEST 2021: - load modules
Bowtie2 looks for the specified index first in the current directory, then in the directory specified in the BOWTIE2_INDEXES environment variable.
The pregenerated indexes for the reference genonomes are placed under /sw/data/reference/*/*/program_files/bowtie2 for each reference genome
...Thu Jun 10 13:42:08 CEST 2021: - done

...Thu Jun 10 13:42:08 CEST 2021: - load ini file
[Pipeline]
sample=P18161_207/02-FASTQ/201104_A00187_0373_BHGM2CDSXY/P18161_207_S81_L004
forward_identifier="_R1_001.fastq.gz"
reverse_identifier="_R2_001.fastq.gz"
seq_data_dir="/proj/snic2020-6-153/delivery04021/P18161"
project_dir_rel="/proj/uppstore2019028/projects/metagenome/theo/newscripts/tmp"
catalog_type="oral_catalog"
seq_platform="illumina"
trimFasta="/proj/uppstore2019028/projects/metagenome/alienTrimmerPF8contaminants.fasta"
meteorImportScript="/proj/uppstore2019028/meteor.2019.11.04/MeteorImportFastq.rb"
meteor="/proj/uppstore2019028/projects/metagenome/software/meteor_linux_2019.11.04"
Rdir="/proj/uppstore2019028/projects/metagenome/meteor_downstream_rscripts"
reference_dir="/proj/uppstore2019028/projects/metagenome/meteor_ref"
[worksession]
meteor.reference.dir=/scratch/20410261/reference
meteor.db.type=binary
meteor.nb.attempts=3
meteor.read.cleaning.program=none
meteor.read.cleaning.cmd=
meteor.mapping.program=bowtie2
meteor.mapping.file.format=sam
meteor.is.cpu.percentage=0
meteor.cpu.count=10
meteor.checksum=md5
meteor.excluded.reference.count=3
[main_reference]
meteor.reference.name=oral_catalog
meteor.matches=10000
meteor.mismatches=5
meteor.is.perc.mismatches=1
meteor.bestalignment=1
meteor.mapper.cmd=
meteor.mapping.prefix.name=mapping_vs_oral_catalog
meteor.counting.prefix.name=vs_hs_10_4_oral_catalog
[excluded_reference_1]
meteor.reference.name=Homo_sapiens_GRCh38
meteor.matches=1
meteor.mismatches=5
meteor.is.perc.mismatches=1
meteor.bestalignment=1
meteor.mapping.prefix.name=mapping_vs_Homo_sapiens_GRCh38
[excluded_reference_2]
meteor.reference.name=A_thaliana_TAIR10
meteor.matches=1
meteor.mismatches=5
meteor.is.perc.mismatches=1
meteor.bestalignment=1
meteor.mapping.prefix.name=mapping_vs_A_thaliana_TAIR10
[excluded_reference_3]
meteor.reference.name=Bos_taurus_UMD3
meteor.matches=1
meteor.mismatches=5
meteor.is.perc.mismatches=1
meteor.bestalignment=1
meteor.mapping.prefix.name=mapping_vs_Bos_taurus_UMD3
...Thu Jun 10 13:42:08 CEST 2021: - done

...Thu Jun 10 13:42:08 CEST 2021: Parse_variables - begin

v_downstream_dir=/scratch/20410261/Downstream
v_fastqgz1=/crex/proj/snic2020-6-153/nobackup/delivery04021/P18161/P18161_207/02-FASTQ/201104_A00187_0373_BHGM2CDSXY/P18161_207_S81_L004_R1_001.fastq.gz
v_fastqgz1_unzip=/scratch/20410261/working/P18161_207_S81_L004_R1_001.fastq.unzipped
v_fastqgz2=/crex/proj/snic2020-6-153/nobackup/delivery04021/P18161/P18161_207/02-FASTQ/201104_A00187_0373_BHGM2CDSXY/P18161_207_S81_L004_R2_001.fastq.gz
v_fastqgz2_unzip=/scratch/20410261/working/P18161_207_S81_L004_R2_001.fastq.unzipped
v_final1=/scratch/20410261/working/P18161_207_S81_L004_1.fastq
v_final2=/scratch/20410261/working/P18161_207_S81_L004_2.fastq
v_prefix=vs_hs_10_4_oral_catalog
v_project_dir=/scratch/20410261
v_refdir=/scratch/20410261/reference
v_sampledir=/scratch/20410261/oral_catalog/sample/P18161_207_S81_L004
v_trimmedS=/scratch/20410261/working/P18161_207_S81_L004.trimmed.s.fastq
v_workdir=/scratch/20410261/working
...Thu Jun 10 13:42:09 CEST 2021: Parse_variables - done

...time taken: 1623325323

...Thu Jun 10 13:42:09 CEST 2021: Init - begin

...Thu Jun 10 13:42:09 CEST 2021: Init - done

...time taken: 1623325323

...Thu Jun 10 13:42:09 CEST 2021: Send - begin

...Thu Jun 10 13:53:13 CEST 2021: Send - done

...time taken: 1623325987

...Thu Jun 10 13:53:13 CEST 2021: Decompress - begin

...Thu Jun 10 14:02:38 CEST 2021: Decompress - done

...time taken: 1623326552

...Thu Jun 10 14:02:38 CEST 2021: Trim - begin

AlienTrimmer main options: -k 10 -l 45 -m 5 -q 20 -p 40 (Phred+33)  /  439 fwd alien sequence(s)  /  7856 fwd k-mers (k=10)  /  439 rev alien sequence(s)  /  7856 rev k-mers (k=10)
[02:01]   1,000,000 read pairs processed:     850,712 trimmed (fwd:     413,707  rev:     437,005)      22,612 removed (fwd:       9,479  rev:      13,133)
[04:01]   2,000,000 read pairs processed:   1,693,071 trimmed (fwd:     817,388  rev:     875,683)      44,404 removed (fwd:      18,558  rev:      25,846)
[06:01]   3,000,000 read pairs processed:   2,538,636 trimmed (fwd:   1,225,756  rev:   1,312,880)      66,385 removed (fwd:      27,609  rev:      38,776)
[08:00]   4,000,000 read pairs processed:   3,373,098 trimmed (fwd:   1,627,617  rev:   1,745,481)      87,255 removed (fwd:      36,331  rev:      50,924)
[09:58]   5,000,000 read pairs processed:   4,216,588 trimmed (fwd:   2,031,590  rev:   2,184,998)     109,238 removed (fwd:      45,384  rev:      63,854)
[11:56]   6,000,000 read pairs processed:   5,053,134 trimmed (fwd:   2,436,097  rev:   2,617,037)     130,372 removed (fwd:      54,150  rev:      76,222)
[13:54]   7,000,000 read pairs processed:   5,891,492 trimmed (fwd:   2,837,159  rev:   3,054,333)     152,189 removed (fwd:      63,013  rev:      89,176)
[15:52]   8,000,000 read pairs processed:   6,729,054 trimmed (fwd:   3,240,115  rev:   3,488,939)     173,681 removed (fwd:      71,871  rev:     101,810)
[17:48]   9,000,000 read pairs processed:   7,557,822 trimmed (fwd:   3,638,828  rev:   3,918,994)     194,633 removed (fwd:      80,503  rev:     114,130)
[19:46]  10,000,000 read pairs processed:   8,396,836 trimmed (fwd:   4,040,383  rev:   4,356,453)     215,793 removed (fwd:      89,221  rev:     126,572)
[21:43]  11,000,000 read pairs processed:   9,230,091 trimmed (fwd:   4,440,376  rev:   4,789,715)     237,214 removed (fwd:      98,102  rev:     139,112)
[23:40]  12,000,000 read pairs processed:  10,065,548 trimmed (fwd:   4,838,799  rev:   5,226,749)     258,584 removed (fwd:     106,950  rev:     151,634)
[25:38]  13,000,000 read pairs processed:  10,901,414 trimmed (fwd:   5,243,990  rev:   5,657,424)     279,932 removed (fwd:     115,823  rev:     164,109)
[27:36]  14,000,000 read pairs processed:  11,726,747 trimmed (fwd:   5,644,428  rev:   6,082,319)     301,537 removed (fwd:     124,776  rev:     176,761)
[29:36]  15,000,000 read pairs processed:  12,602,698 trimmed (fwd:   6,065,312  rev:   6,537,386)     323,413 removed (fwd:     133,748  rev:     189,665)
[31:35]  16,000,000 read pairs processed:  13,559,482 trimmed (fwd:   6,523,780  rev:   7,035,702)     348,246 removed (fwd:     143,492  rev:     204,754)
[33:34]  17,000,000 read pairs processed:  14,454,057 trimmed (fwd:   6,953,103  rev:   7,500,954)     372,042 removed (fwd:     153,654  rev:     218,388)
[35:35]  18,000,000 read pairs processed:  15,394,252 trimmed (fwd:   7,401,309  rev:   7,992,943)     394,973 removed (fwd:     163,151  rev:     231,822)
[37:34]  19,000,000 read pairs processed:  16,294,013 trimmed (fwd:   7,829,175  rev:   8,464,838)     418,512 removed (fwd:     173,068  rev:     245,444)
[39:32]  20,000,000 read pairs processed:  17,192,994 trimmed (fwd:   8,260,269  rev:   8,932,725)     441,749 removed (fwd:     182,801  rev:     258,948)
[41:28]  21,000,000 read pairs processed:  18,090,176 trimmed (fwd:   8,689,963  rev:   9,400,213)     465,052 removed (fwd:     192,497  rev:     272,555)
[43:27]  22,000,000 read pairs processed:  18,977,530 trimmed (fwd:   9,112,954  rev:   9,864,576)     488,097 removed (fwd:     202,240  rev:     285,857)
[45:25]  23,000,000 read pairs processed:  19,863,214 trimmed (fwd:   9,536,592  rev:  10,326,622)     510,806 removed (fwd:     211,762  rev:     299,044)
[47:23]  24,000,000 read pairs processed:  20,742,889 trimmed (fwd:   9,955,207  rev:  10,787,682)     533,655 removed (fwd:     221,295  rev:     312,360)
[49:21]  25,000,000 read pairs processed:  21,630,752 trimmed (fwd:  10,381,654  rev:  11,249,098)     556,121 removed (fwd:     230,662  rev:     325,459)
[51:20]  26,000,000 read pairs processed:  22,515,939 trimmed (fwd:  10,806,150  rev:  11,709,789)     578,809 removed (fwd:     240,138  rev:     338,671)
[54:02]  27,000,000 read pairs processed:  23,421,883 trimmed (fwd:  11,240,497  rev:  12,181,386)     602,197 removed (fwd:     249,953  rev:     352,244)
[56:00]  28,000,000 read pairs processed:  24,325,633 trimmed (fwd:  11,674,497  rev:  12,651,136)     625,238 removed (fwd:     259,481  rev:     365,757)
[57:52]  28,912,129 read pairs processed:  25,130,850 trimmed (fwd:  12,058,783  rev:  13,072,067)     646,090 removed (fwd:     268,313  rev:     377,777)
...Thu Jun 10 15:00:32 CEST 2021: Trim - done

...time taken: 1623330026

...Thu Jun 10 15:00:32 CEST 2021: Import - begin

ruby: warning: shebang line ending with \r may cause problems
Import /scratch/20410261/oral_catalog/sample/P18161_207_S81_L004_2.fastq
Import /scratch/20410261/oral_catalog/sample/P18161_207_S81_L004_1.fastq
Importation done!
...Thu Jun 10 15:00:36 CEST 2021: Import - done

...time taken: 1623330030

...Thu Jun 10 15:00:36 CEST 2021: Map_reads - begin

/proj/uppstore2019028/projects/metagenome/software/meteor_linux_2019.11.04/meteor.rb:146: warning: constant ::Fixnum is deprecated
/proj/uppstore2019028/projects/metagenome/software/meteor_linux_2019.11.04/meteor.rb:161: warning: Insecure world writable dir /proj/uppstore2019028/Helen/meteor-linux.2019-11-04 in PATH, mode 042777

Launch mapping


######### Meteor Mapping task description
Sample name = P18161_207_S81_L004
Library name = P18161_207_S81_L004_1
Project name = oral_catalog
Sequencing device = illumina
Workflow = P18161_207_S81_L004.ini

######### Task main mapping 0
Executing mapping command:
bowtie2-align-l --mm -p 10 --end-to-end --sensitive -k 10000 --no-head --no-sq --no-unal --omit-sec-seq -x /scratch/20410261/reference/oral_catalog/fasta/oral_catalog_dnaspace_index -U /scratch/20410261/oral_catalog/sample/P18161_207_S81_L004/f39494f947af71605a0752fe714697bd/P18161_207_S81_L004_1.fastq.idx -S /scratch/20410261/oral_catalog/mapping/P18161_207_S81_L004/mapping_vs_oral_catalog_P18161_207_S81_L004_1/P18161_207_S81_L004_1_1.sam
28385375 reads; of these:
  28385375 (100.00%) were unpaired; of these:
    24972989 (87.98%) aligned 0 times
    742420 (2.62%) aligned exactly 1 time
    2669966 (9.41%) aligned >1 times
12.02% overall alignment rate

######### TaskExcludedMapping(0, 1) ; reference name: Homo_sapiens_GRCh38
Executing mapping command:
bowtie2-align-l --mm -p 10 --end-to-end --sensitive -k 1 --no-head --no-sq --no-unal --omit-sec-seq -x /scratch/20410261/reference/Homo_sapiens_GRCh38/fasta/Homo_sapiens_GRCh38_dnaspace_index -U /scratch/20410261/oral_catalog/sample/P18161_207_S81_L004/f39494f947af71605a0752fe714697bd/P18161_207_S81_L004_1.fastq.idx -S /scratch/20410261/oral_catalog/mapping/P18161_207_S81_L004/mapping_vs_Homo_sapiens_GRCh38_P18161_207_S81_L004_1/P18161_207_S81_L004_1_1.sam
28385375 reads; of these:
  28385375 (100.00%) were unpaired; of these:
    2567519 (9.05%) aligned 0 times
    25817856 (90.95%) aligned exactly 1 time
    0 (0.00%) aligned >1 times
90.95% overall alignment rate

######### TaskExcludedMapping(0, 2) ; reference name: A_thaliana_TAIR10
Executing mapping command:
bowtie2-align-l --mm -p 10 --end-to-end --sensitive -k 1 --no-head --no-sq --no-unal --omit-sec-seq -x /scratch/20410261/reference/A_thaliana_TAIR10/fasta/A_thaliana_TAIR10_dnaspace_index -U /scratch/20410261/oral_catalog/sample/P18161_207_S81_L004/f39494f947af71605a0752fe714697bd/P18161_207_S81_L004_1.fastq.idx -S /scratch/20410261/oral_catalog/mapping/P18161_207_S81_L004/mapping_vs_A_thaliana_TAIR10_P18161_207_S81_L004_1/P18161_207_S81_L004_1_1.sam
28385375 reads; of these:
  28385375 (100.00%) were unpaired; of these:
    28380775 (99.98%) aligned 0 times
    4600 (0.02%) aligned exactly 1 time
    0 (0.00%) aligned >1 times
0.02% overall alignment rate

######### TaskExcludedMapping(0, 3) ; reference name: Bos_taurus_UMD3
Executing mapping command:
bowtie2-align-l --mm -p 10 --end-to-end --sensitive -k 1 --no-head --no-sq --no-unal --omit-sec-seq -x /scratch/20410261/reference/Bos_taurus_UMD3/fasta/Bos_taurus_UMD3_dnaspace_index -U /scratch/20410261/oral_catalog/sample/P18161_207_S81_L004/f39494f947af71605a0752fe714697bd/P18161_207_S81_L004_1.fastq.idx -S /scratch/20410261/oral_catalog/mapping/P18161_207_S81_L004/mapping_vs_Bos_taurus_UMD3_P18161_207_S81_L004_1/P18161_207_S81_L004_1_1.sam
28385375 reads; of these:
  28385375 (100.00%) were unpaired; of these:
    27968504 (98.53%) aligned 0 times
    416871 (1.47%) aligned exactly 1 time
    0 (0.00%) aligned >1 times
1.47% overall alignment rate
removing re-indexed file:
/scratch/20410261/oral_catalog/sample/P18161_207_S81_L004/f39494f947af71605a0752fe714697bd/P18161_207_S81_L004_1.fastq.idx


######### Meteor Mapping task description
Sample name = P18161_207_S81_L004
Library name = P18161_207_S81_L004_2
Project name = oral_catalog
Sequencing device = illumina
Workflow = P18161_207_S81_L004.ini

######### Task main mapping 1
Executing mapping command:
bowtie2-align-l --mm -p 10 --end-to-end --sensitive -k 10000 --no-head --no-sq --no-unal --omit-sec-seq -x /scratch/20410261/reference/oral_catalog/fasta/oral_catalog_dnaspace_index -U /scratch/20410261/oral_catalog/sample/P18161_207_S81_L004/f39494f947af71605a0752fe714697bd/P18161_207_S81_L004_2.fastq.idx -S /scratch/20410261/oral_catalog/mapping/P18161_207_S81_L004/mapping_vs_oral_catalog_P18161_207_S81_L004_2/P18161_207_S81_L004_2_1.sam
28385375 reads; of these:
  28385375 (100.00%) were unpaired; of these:
    24833272 (87.49%) aligned 0 times
    766664 (2.70%) aligned exactly 1 time
    2785439 (9.81%) aligned >1 times
12.51% overall alignment rate

######### TaskExcludedMapping(1, 1) ; reference name: Homo_sapiens_GRCh38
Executing mapping command:
bowtie2-align-l --mm -p 10 --end-to-end --sensitive -k 1 --no-head --no-sq --no-unal --omit-sec-seq -x /scratch/20410261/reference/Homo_sapiens_GRCh38/fasta/Homo_sapiens_GRCh38_dnaspace_index -U /scratch/20410261/oral_catalog/sample/P18161_207_S81_L004/f39494f947af71605a0752fe714697bd/P18161_207_S81_L004_2.fastq.idx -S /scratch/20410261/oral_catalog/mapping/P18161_207_S81_L004/mapping_vs_Homo_sapiens_GRCh38_P18161_207_S81_L004_2/P18161_207_S81_L004_2_1.sam
28385375 reads; of these:
  28385375 (100.00%) were unpaired; of these:
    1695491 (5.97%) aligned 0 times
    26689884 (94.03%) aligned exactly 1 time
    0 (0.00%) aligned >1 times
94.03% overall alignment rate

######### TaskExcludedMapping(1, 2) ; reference name: A_thaliana_TAIR10
Executing mapping command:
bowtie2-align-l --mm -p 10 --end-to-end --sensitive -k 1 --no-head --no-sq --no-unal --omit-sec-seq -x /scratch/20410261/reference/A_thaliana_TAIR10/fasta/A_thaliana_TAIR10_dnaspace_index -U /scratch/20410261/oral_catalog/sample/P18161_207_S81_L004/f39494f947af71605a0752fe714697bd/P18161_207_S81_L004_2.fastq.idx -S /scratch/20410261/oral_catalog/mapping/P18161_207_S81_L004/mapping_vs_A_thaliana_TAIR10_P18161_207_S81_L004_2/P18161_207_S81_L004_2_1.sam
28385375 reads; of these:
  28385375 (100.00%) were unpaired; of these:
    28380222 (99.98%) aligned 0 times
    5153 (0.02%) aligned exactly 1 time
    0 (0.00%) aligned >1 times
0.02% overall alignment rate

######### TaskExcludedMapping(1, 3) ; reference name: Bos_taurus_UMD3
Executing mapping command:
bowtie2-align-l --mm -p 10 --end-to-end --sensitive -k 1 --no-head --no-sq --no-unal --omit-sec-seq -x /scratch/20410261/reference/Bos_taurus_UMD3/fasta/Bos_taurus_UMD3_dnaspace_index -U /scratch/20410261/oral_catalog/sample/P18161_207_S81_L004/f39494f947af71605a0752fe714697bd/P18161_207_S81_L004_2.fastq.idx -S /scratch/20410261/oral_catalog/mapping/P18161_207_S81_L004/mapping_vs_Bos_taurus_UMD3_P18161_207_S81_L004_2/P18161_207_S81_L004_2_1.sam
