...Thu Jun 10 13:41:57 CEST 2021: - begin running script
#!/bin/bash -l
#SBATCH --account=snic2021-5-248
#SBATCH --partition=core
#SBATCH --ntasks=10
#SBATCH --time=2-04:00:00
#SBATCH --job-name=Meteor
#SBATCH --mail-user=zn.tportlock@gmail.com
#SBATCH --mail-type=ALL
##SBATCH --output=/proj/uppstore2019028/projects/metagenome/theo/newscripts/meteor/logs/%j 

function Run {
	start=$(date +%m)
	echo "...$(date): $1 - begin"; echo ""
	$@ \
	&& (echo "...$(date): $1 - done"; echo "") \
	|| (echo "...$(date): $1 - failed"; echo "")
	end=$(date +%s)
	echo "...time taken: $((end-start))"; echo ""
}
function Parse_variables {
	v_project_dir="$TMPDIR"
	v_workdir="${v_project_dir}/working"
	v_refdir="${v_project_dir}/reference"
	v_fastqgz1="$(readlink -f ${fastqgzs[0]})"
	v_fastqgz2="$(readlink -f ${fastqgzs[1]})"
	v_fastqgz1_unzip="${v_workdir}/$(basename $v_fastqgz1 .gz).unzipped"
	v_fastqgz2_unzip="${v_workdir}/$(basename $v_fastqgz2 .gz).unzipped"
	v_trimmedS="${v_workdir}/${sampleId}.trimmed.s.fastq"
	v_final1="${v_workdir}/${sampleId}_1.fastq"
	v_final2="${v_workdir}/${sampleId}_2.fastq"
	v_sampledir="${v_project_dir}/${catalog_type}/sample/${sampleId}"
	v_downstream_dir="$v_project_dir/Downstream"
	vars="$(compgen -A variable | grep "^v_.*")"
	for var in ${vars}; do echo "${var}=${!var}"; done
	for var in ${vars}; do if [[ -z "${!var}" ]]; then echo "missing argument ${var}" ; return 1 ; fi ; done
}
function Init {
	mkdir -p ${v_project_dir}/${catalog_type}/{sample,mapping,profiles}
	mkdir -p ${v_workdir}
	mkdir -p ${v_refdir}
}
function Send {
	cp $v_fastqgz1 $v_workdir
	cp $v_fastqgz2 $v_workdir
	cp -r ${reference_dir}/* $v_refdir
	cp -r $trimFasta $v_project_dir
}
function Decompress {
	zcat ${v_workdir}/$(basename $v_fastqgz1) > $v_fastqgz1_unzip & pid1=$!
	zcat ${v_workdir}/$(basename $v_fastqgz2) > $v_fastqgz2_unzip & pid2=$!
	trap "kill -2 $pid1 $pid2" SIGINT
	wait
}
function Trim {
	[[ -f $v_fastqgz1_unzip && -f $v_fastqgz2_unzip ]] \
	|| (echo "zip file not found" ; return 1 )
	java -jar ${ALIEN_TRIMMER}/AlienTrimmer.jar \
		-k 10 -l 45 -m 5 -p 40 -q 20 \
		-if ${v_fastqgz1_unzip} -ir ${v_fastqgz2_unzip} -c $TMPDIR/$(basename $trimFasta) \
		-of ${v_final1} -or ${v_final2} -os ${v_trimmedS} \
	|| return 1
}
function Import {
	[[ -f $v_final1 && -f $v_final2 ]] \
	|| (echo "trimmed files not found" ; return 1 )
	mv ${v_final1} ${v_final2} ${v_project_dir}/${catalog_type}/sample &&
	rm -r ${v_workdir}
	ruby ${meteorImportScript} \
		-i ${v_project_dir}/${catalog_type}/sample \
		-p ${catalog_type} \
		-t ${seq_platform} \
		-m "${sampleId}*" \
	|| return 1
}
function Map_reads {
	ruby ${meteor}/meteor.rb \
		-w ${ini_file} \
		-i ${v_sampledir} \
		-p ${v_project_dir}/${catalog_type} \
		-o mapping \
	|| return 1
}
function Quantify {
	${meteor}/meteor-profiler \
		-p ${v_project_dir}/${catalog_type} \
		-f ${v_project_dir}/${catalog_type}/profiles \
		-t smart_shared_reads \
		-w ${ini_file} \
		-o ${sampleId} ${v_project_dir}/${catalog_type}/mapping/${sampleId}/${sampleId}_${v_prefix}_gene_profile/census.dat \
	&& rm -r ${v_project_dir}/${catalog_type}/mapping/${sampleId} \
	|| return 1
}
function Recover {
	rsync -aurvP --remove-source-files $v_project_dir/ $project_dir_rel
}

Main() {
	sampleId=$(basename $1 .fastq.gz)
	fastqgzs+=("$2")
	fastqgzs+=("$3")

	Run Parse_variables &&
	Run Init &&
	Run Send &&
	Run Decompress &&
	Run Trim &&
	Run Import &&
	Run Map_reads &&
	Run Quantify &&
	Run Recover
}

echo "...$(date): - begin running script"
cat $0
echo ""

# Load modules
echo "...$(date): - load modules"
module load bioinfo-tools
module load ruby/2.6.2
module load AlienTrimmer/0.4.0
module load bowtie2/2.3.4.1
echo "...$(date): - done"; echo "" 

# Load ini file
echo "...$(date): - load ini file"
sed -i "s|meteor.reference.dir=.*|meteor.reference.dir=$TMPDIR/reference|g" $1
ini_file=$1
source $ini_file > /dev/null 2>&1
v_prefix=$( grep "meteor.counting.prefix.name" $ini_file | sed "s/^.*=//g" )
cat $ini_file
echo "...$(date): - done"; echo "" 

# Run meteor
Main $sample $seq_data_dir/${sample}${forward_identifier} $seq_data_dir/${sample}${reverse_identifier}

...Thu Jun 10 13:41:57 CEST 2021: - load modules
Bowtie2 looks for the specified index first in the current directory, then in the directory specified in the BOWTIE2_INDEXES environment variable.
The pregenerated indexes for the reference genonomes are placed under /sw/data/reference/*/*/program_files/bowtie2 for each reference genome
...Thu Jun 10 13:42:06 CEST 2021: - done

...Thu Jun 10 13:42:06 CEST 2021: - load ini file
[Pipeline]
sample=P18161_206/02-FASTQ/201104_A00187_0373_BHGM2CDSXY/P18161_206_S80_L004
forward_identifier="_R1_001.fastq.gz"
reverse_identifier="_R2_001.fastq.gz"
seq_data_dir="/proj/snic2020-6-153/delivery04021/P18161"
project_dir_rel="/proj/uppstore2019028/projects/metagenome/theo/newscripts/tmp"
catalog_type="oral_catalog"
seq_platform="illumina"
trimFasta="/proj/uppstore2019028/projects/metagenome/alienTrimmerPF8contaminants.fasta"
meteorImportScript="/proj/uppstore2019028/meteor.2019.11.04/MeteorImportFastq.rb"
meteor="/proj/uppstore2019028/projects/metagenome/software/meteor_linux_2019.11.04"
Rdir="/proj/uppstore2019028/projects/metagenome/meteor_downstream_rscripts"
reference_dir="/proj/uppstore2019028/projects/metagenome/meteor_ref"
[worksession]
meteor.reference.dir=/scratch/20410260/reference
meteor.db.type=binary
meteor.nb.attempts=3
meteor.read.cleaning.program=none
meteor.read.cleaning.cmd=
meteor.mapping.program=bowtie2
meteor.mapping.file.format=sam
meteor.is.cpu.percentage=0
meteor.cpu.count=10
meteor.checksum=md5
meteor.excluded.reference.count=3
[main_reference]
meteor.reference.name=oral_catalog
meteor.matches=10000
meteor.mismatches=5
meteor.is.perc.mismatches=1
meteor.bestalignment=1
meteor.mapper.cmd=
meteor.mapping.prefix.name=mapping_vs_oral_catalog
meteor.counting.prefix.name=vs_hs_10_4_oral_catalog
[excluded_reference_1]
meteor.reference.name=Homo_sapiens_GRCh38
meteor.matches=1
meteor.mismatches=5
meteor.is.perc.mismatches=1
meteor.bestalignment=1
meteor.mapping.prefix.name=mapping_vs_Homo_sapiens_GRCh38
[excluded_reference_2]
meteor.reference.name=A_thaliana_TAIR10
meteor.matches=1
meteor.mismatches=5
meteor.is.perc.mismatches=1
meteor.bestalignment=1
meteor.mapping.prefix.name=mapping_vs_A_thaliana_TAIR10
[excluded_reference_3]
meteor.reference.name=Bos_taurus_UMD3
meteor.matches=1
meteor.mismatches=5
meteor.is.perc.mismatches=1
meteor.bestalignment=1
meteor.mapping.prefix.name=mapping_vs_Bos_taurus_UMD3
...Thu Jun 10 13:42:06 CEST 2021: - done

...Thu Jun 10 13:42:06 CEST 2021: Parse_variables - begin

v_downstream_dir=/scratch/20410260/Downstream
v_fastqgz1=/crex/proj/snic2020-6-153/nobackup/delivery04021/P18161/P18161_206/02-FASTQ/201104_A00187_0373_BHGM2CDSXY/P18161_206_S80_L004_R1_001.fastq.gz
v_fastqgz1_unzip=/scratch/20410260/working/P18161_206_S80_L004_R1_001.fastq.unzipped
v_fastqgz2=/crex/proj/snic2020-6-153/nobackup/delivery04021/P18161/P18161_206/02-FASTQ/201104_A00187_0373_BHGM2CDSXY/P18161_206_S80_L004_R2_001.fastq.gz
v_fastqgz2_unzip=/scratch/20410260/working/P18161_206_S80_L004_R2_001.fastq.unzipped
v_final1=/scratch/20410260/working/P18161_206_S80_L004_1.fastq
v_final2=/scratch/20410260/working/P18161_206_S80_L004_2.fastq
v_prefix=vs_hs_10_4_oral_catalog
v_project_dir=/scratch/20410260
v_refdir=/scratch/20410260/reference
v_sampledir=/scratch/20410260/oral_catalog/sample/P18161_206_S80_L004
v_trimmedS=/scratch/20410260/working/P18161_206_S80_L004.trimmed.s.fastq
v_workdir=/scratch/20410260/working
...Thu Jun 10 13:42:06 CEST 2021: Parse_variables - done

...time taken: 1623325320

...Thu Jun 10 13:42:06 CEST 2021: Init - begin

...Thu Jun 10 13:42:06 CEST 2021: Init - done

...time taken: 1623325320

...Thu Jun 10 13:42:06 CEST 2021: Send - begin

...Thu Jun 10 13:48:55 CEST 2021: Send - done

...time taken: 1623325729

...Thu Jun 10 13:48:55 CEST 2021: Decompress - begin

...Thu Jun 10 13:57:11 CEST 2021: Decompress - done

...time taken: 1623326225

...Thu Jun 10 13:57:11 CEST 2021: Trim - begin

AlienTrimmer main options: -k 10 -l 45 -m 5 -q 20 -p 40 (Phred+33)  /  439 fwd alien sequence(s)  /  7856 fwd k-mers (k=10)  /  439 rev alien sequence(s)  /  7856 rev k-mers (k=10)
[02:41]   1,000,000 read pairs processed:     635,635 trimmed (fwd:     288,945  rev:     346,690)      14,789 removed (fwd:       4,466  rev:      10,323)
[04:50]   2,000,000 read pairs processed:   1,261,502 trimmed (fwd:     567,717  rev:     693,785)      29,766 removed (fwd:       8,495  rev:      21,271)
[07:02]   3,000,000 read pairs processed:   1,900,472 trimmed (fwd:     844,472  rev:   1,056,000)      45,668 removed (fwd:      12,298  rev:      33,370)
[09:27]   4,000,000 read pairs processed:   2,535,157 trimmed (fwd:   1,123,396  rev:   1,411,761)      62,843 removed (fwd:      16,027  rev:      46,816)
[11:51]   5,000,000 read pairs processed:   3,154,187 trimmed (fwd:   1,401,302  rev:   1,752,885)      76,650 removed (fwd:      20,041  rev:      56,609)
[14:13]   6,000,000 read pairs processed:   3,780,460 trimmed (fwd:   1,677,437  rev:   2,103,023)      90,780 removed (fwd:      23,865  rev:      66,915)
[16:48]   7,000,000 read pairs processed:   4,415,003 trimmed (fwd:   1,950,284  rev:   2,464,719)     107,331 removed (fwd:      27,547  rev:      79,784)
[19:19]   8,000,000 read pairs processed:   5,047,552 trimmed (fwd:   2,232,339  rev:   2,815,213)     122,587 removed (fwd:      31,493  rev:      91,094)
[21:47]   9,000,000 read pairs processed:   5,663,083 trimmed (fwd:   2,506,318  rev:   3,156,765)     136,659 removed (fwd:      35,258  rev:     101,401)
[24:16]  10,000,000 read pairs processed:   6,287,709 trimmed (fwd:   2,778,867  rev:   3,508,842)     151,973 removed (fwd:      39,042  rev:     112,931)
[26:44]  11,000,000 read pairs processed:   6,925,825 trimmed (fwd:   3,052,142  rev:   3,873,683)     168,870 removed (fwd:      42,550  rev:     126,320)
[29:12]  12,000,000 read pairs processed:   7,530,715 trimmed (fwd:   3,323,715  rev:   4,207,000)     182,122 removed (fwd:      46,315  rev:     135,807)
[31:42]  13,000,000 read pairs processed:   8,142,257 trimmed (fwd:   3,593,535  rev:   4,548,722)     195,943 removed (fwd:      49,858  rev:     146,085)
[34:09]  14,000,000 read pairs processed:   8,759,544 trimmed (fwd:   3,862,706  rev:   4,896,838)     210,270 removed (fwd:      53,301  rev:     156,969)
[36:37]  15,000,000 read pairs processed:   9,391,362 trimmed (fwd:   4,138,851  rev:   5,252,511)     225,323 removed (fwd:      56,849  rev:     168,474)
[39:06]  16,000,000 read pairs processed:  10,004,250 trimmed (fwd:   4,409,461  rev:   5,594,789)     238,677 removed (fwd:      60,554  rev:     178,123)
[41:33]  17,000,000 read pairs processed:  10,626,448 trimmed (fwd:   4,680,559  rev:   5,945,889)     252,553 removed (fwd:      64,305  rev:     188,248)
[44:00]  18,000,000 read pairs processed:  11,250,944 trimmed (fwd:   4,951,053  rev:   6,299,891)     266,640 removed (fwd:      67,703  rev:     198,937)
[46:29]  19,000,000 read pairs processed:  11,872,232 trimmed (fwd:   5,230,810  rev:   6,641,422)     281,119 removed (fwd:      71,815  rev:     209,304)
[48:57]  20,000,000 read pairs processed:  12,482,658 trimmed (fwd:   5,506,395  rev:   6,976,263)     295,036 removed (fwd:      75,989  rev:     219,047)
[51:28]  21,000,000 read pairs processed:  13,084,883 trimmed (fwd:   5,776,579  rev:   7,308,304)     308,956 removed (fwd:      80,021  rev:     228,935)
[54:00]  22,000,000 read pairs processed:  13,706,020 trimmed (fwd:   6,049,703  rev:   7,656,317)     322,797 removed (fwd:      83,551  rev:     239,246)
[56:31]  23,000,000 read pairs processed:  14,500,858 trimmed (fwd:   6,408,727  rev:   8,092,131)     341,265 removed (fwd:      87,706  rev:     253,559)
[58:57]  24,000,000 read pairs processed:  15,213,780 trimmed (fwd:   6,727,888  rev:   8,485,892)     357,407 removed (fwd:      92,011  rev:     265,396)
[61:29]  25,000,000 read pairs processed:  15,875,827 trimmed (fwd:   7,020,906  rev:   8,854,921)     371,753 removed (fwd:      95,850  rev:     275,903)
[63:58]  26,000,000 read pairs processed:  16,618,723 trimmed (fwd:   7,352,665  rev:   9,266,058)     387,165 removed (fwd:      99,924  rev:     287,241)
[66:24]  27,000,000 read pairs processed:  17,325,225 trimmed (fwd:   7,664,143  rev:   9,661,082)     401,574 removed (fwd:     104,071  rev:     297,503)
[68:47]  28,000,000 read pairs processed:  17,994,837 trimmed (fwd:   7,955,476  rev:  10,039,361)     415,547 removed (fwd:     107,813  rev:     307,734)
[71:11]  29,000,000 read pairs processed:  18,676,825 trimmed (fwd:   8,259,773  rev:  10,417,052)     429,971 removed (fwd:     111,684  rev:     318,287)
[73:36]  30,000,000 read pairs processed:  19,358,543 trimmed (fwd:   8,564,801  rev:  10,793,742)     443,881 removed (fwd:     115,687  rev:     328,194)
[75:59]  31,000,000 read pairs processed:  20,018,915 trimmed (fwd:   8,858,319  rev:  11,160,596)     457,454 removed (fwd:     119,777  rev:     337,677)
[78:24]  32,000,000 read pairs processed:  20,676,236 trimmed (fwd:   9,144,724  rev:  11,531,512)     471,293 removed (fwd:     123,390  rev:     347,903)
[80:48]  33,000,000 read pairs processed:  21,338,456 trimmed (fwd:   9,439,774  rev:  11,898,682)     484,385 removed (fwd:     127,472  rev:     356,913)
[83:10]  34,000,000 read pairs processed:  21,995,757 trimmed (fwd:   9,729,395  rev:  12,266,362)     497,527 removed (fwd:     131,407  rev:     366,120)
[85:31]  35,000,000 read pairs processed:  22,645,837 trimmed (fwd:  10,011,967  rev:  12,633,870)     510,832 removed (fwd:     134,983  rev:     375,849)
[87:58]  36,000,000 read pairs processed:  23,314,677 trimmed (fwd:  10,311,843  rev:  13,002,834)     524,325 removed (fwd:     138,904  rev:     385,421)
[90:22]  37,000,000 read pairs processed:  23,978,235 trimmed (fwd:  10,608,431  rev:  13,369,804)     537,733 removed (fwd:     142,904  rev:     394,829)
[92:46]  38,000,000 read pairs processed:  24,633,257 trimmed (fwd:  10,899,146  rev:  13,734,111)     550,898 removed (fwd:     146,675  rev:     404,223)
[95:46]  39,000,000 read pairs processed:  25,324,653 trimmed (fwd:  11,205,708  rev:  14,118,945)     565,492 removed (fwd:     150,646  rev:     414,846)
[98:32]  40,000,000 read pairs processed:  26,020,618 trimmed (fwd:  11,517,708  rev:  14,502,910)     580,197 removed (fwd:     155,155  rev:     425,042)
[100:45]  41,000,000 read pairs processed:  26,688,725 trimmed (fwd:  11,815,067  rev:  14,873,658)     593,774 removed (fwd:     159,570  rev:     434,204)
[102:46]  41,892,323 read pairs processed:  27,267,953 trimmed (fwd:  12,067,977  rev:  15,199,976)     605,643 removed (fwd:     162,961  rev:     442,682)
...Thu Jun 10 15:39:58 CEST 2021: Trim - done

...time taken: 1623332392

...Thu Jun 10 15:39:58 CEST 2021: Import - begin

ruby: warning: shebang line ending with \r may cause problems
Import /scratch/20410260/oral_catalog/sample/P18161_206_S80_L004_1.fastq
Import /scratch/20410260/oral_catalog/sample/P18161_206_S80_L004_2.fastq
Importation done!
...Thu Jun 10 15:40:02 CEST 2021: Import - done

...time taken: 1623332396

...Thu Jun 10 15:40:02 CEST 2021: Map_reads - begin

/proj/uppstore2019028/projects/metagenome/software/meteor_linux_2019.11.04/meteor.rb:146: warning: constant ::Fixnum is deprecated
/proj/uppstore2019028/projects/metagenome/software/meteor_linux_2019.11.04/meteor.rb:161: warning: Insecure world writable dir /proj/uppstore2019028/Helen/meteor-linux.2019-11-04 in PATH, mode 042777

Launch mapping


######### Meteor Mapping task description
Sample name = P18161_206_S80_L004
Library name = P18161_206_S80_L004_1
Project name = oral_catalog
Sequencing device = illumina
Workflow = P18161_206_S80_L004.ini

######### Task main mapping 0
Executing mapping command:
bowtie2-align-l --mm -p 10 --end-to-end --sensitive -k 10000 --no-head --no-sq --no-unal --omit-sec-seq -x /scratch/20410260/reference/oral_catalog/fasta/oral_catalog_dnaspace_index -U /scratch/20410260/oral_catalog/sample/P18161_206_S80_L004/4fc2a10a3c1017eca2e601866a2022fc/P18161_206_S80_L004_1.fastq.idx -S /scratch/20410260/oral_catalog/mapping/P18161_206_S80_L004/mapping_vs_oral_catalog_P18161_206_S80_L004_1/P18161_206_S80_L004_1_1.sam
41327406 reads; of these:
  41327406 (100.00%) were unpaired; of these:
    25648858 (62.06%) aligned 0 times
    3070621 (7.43%) aligned exactly 1 time
    12607927 (30.51%) aligned >1 times
37.94% overall alignment rate

######### TaskExcludedMapping(0, 1) ; reference name: Homo_sapiens_GRCh38
Executing mapping command:
bowtie2-align-l --mm -p 10 --end-to-end --sensitive -k 1 --no-head --no-sq --no-unal --omit-sec-seq -x /scratch/20410260/reference/Homo_sapiens_GRCh38/fasta/Homo_sapiens_GRCh38_dnaspace_index -U /scratch/20410260/oral_catalog/sample/P18161_206_S80_L004/4fc2a10a3c1017eca2e601866a2022fc/P18161_206_S80_L004_1.fastq.idx -S /scratch/20410260/oral_catalog/mapping/P18161_206_S80_L004/mapping_vs_Homo_sapiens_GRCh38_P18161_206_S80_L004_1/P18161_206_S80_L004_1_1.sam
41327406 reads; of these:
  41327406 (100.00%) were unpaired; of these:
    15826291 (38.29%) aligned 0 times
    25501115 (61.71%) aligned exactly 1 time
    0 (0.00%) aligned >1 times
61.71% overall alignment rate

######### TaskExcludedMapping(0, 2) ; reference name: A_thaliana_TAIR10
Executing mapping command:
bowtie2-align-l --mm -p 10 --end-to-end --sensitive -k 1 --no-head --no-sq --no-unal --omit-sec-seq -x /scratch/20410260/reference/A_thaliana_TAIR10/fasta/A_thaliana_TAIR10_dnaspace_index -U /scratch/20410260/oral_catalog/sample/P18161_206_S80_L004/4fc2a10a3c1017eca2e601866a2022fc/P18161_206_S80_L004_1.fastq.idx -S /scratch/20410260/oral_catalog/mapping/P18161_206_S80_L004/mapping_vs_A_thaliana_TAIR10_P18161_206_S80_L004_1/P18161_206_S80_L004_1_1.sam
41327406 reads; of these:
  41327406 (100.00%) were unpaired; of these:
    41317353 (99.98%) aligned 0 times
    10053 (0.02%) aligned exactly 1 time
    0 (0.00%) aligned >1 times
0.02% overall alignment rate

######### TaskExcludedMapping(0, 3) ; reference name: Bos_taurus_UMD3
Executing mapping command:
bowtie2-align-l --mm -p 10 --end-to-end --sensitive -k 1 --no-head --no-sq --no-unal --omit-sec-seq -x /scratch/20410260/reference/Bos_taurus_UMD3/fasta/Bos_taurus_UMD3_dnaspace_index -U /scratch/20410260/oral_catalog/sample/P18161_206_S80_L004/4fc2a10a3c1017eca2e601866a2022fc/P18161_206_S80_L004_1.fastq.idx -S /scratch/20410260/oral_catalog/mapping/P18161_206_S80_L004/mapping_vs_Bos_taurus_UMD3_P18161_206_S80_L004_1/P18161_206_S80_L004_1_1.sam
41327406 reads; of these:
  41327406 (100.00%) were unpaired; of these:
    40872465 (98.90%) aligned 0 times
    454941 (1.10%) aligned exactly 1 time
    0 (0.00%) aligned >1 times
1.10% overall alignment rate
removing re-indexed file:
/scratch/20410260/oral_catalog/sample/P18161_206_S80_L004/4fc2a10a3c1017eca2e601866a2022fc/P18161_206_S80_L004_1.fastq.idx


######### Meteor Mapping task description
Sample name = P18161_206_S80_L004
Library name = P18161_206_S80_L004_2
Project name = oral_catalog
Sequencing device = illumina
Workflow = P18161_206_S80_L004.ini

######### Task main mapping 1
Executing mapping command:
bowtie2-align-l --mm -p 10 --end-to-end --sensitive -k 10000 --no-head --no-sq --no-unal --omit-sec-seq -x /scratch/20410260/reference/oral_catalog/fasta/oral_catalog_dnaspace_index -U /scratch/20410260/oral_catalog/sample/P18161_206_S80_L004/4fc2a10a3c1017eca2e601866a2022fc/P18161_206_S80_L004_2.fastq.idx -S /scratch/20410260/oral_catalog/mapping/P18161_206_S80_L004/mapping_vs_oral_catalog_P18161_206_S80_L004_2/P18161_206_S80_L004_2_1.sam
