...Fri Jun 11 13:04:31 CEST 2021: - begin running script
#!/bin/bash -l
#SBATCH --account=snic2021-5-248
#SBATCH --partition=core
#SBATCH --ntasks=10
#SBATCH --time=2-06:00:00
#SBATCH --job-name=FMT_last_batch
##SBATCH --output=%j 
##SBATCH --mail-user=zn.tportlock@gmail.com
##SBATCH --mail-type=ALL

function Run {
	start=$(date +%M)
	echo "...$(date): $1 - begin"; echo ""
	$@ \
	&& (echo "...$(date): $1 - done") \
	|| (echo "...$(date): $1 - failed")
	end=$(date +%M)
	echo "...time taken: $((end-start))"; echo ""
}
function Parse_variables {
	sampleId=$(basename $sample .fastq.gz)
	v_project_dir="$TMPDIR"
	v_prefix=$( grep "meteor.counting.prefix.name" $ini_file | sed "s/^.*=//g" )
	v_workdir="${v_project_dir}/working"
	v_refdir="${v_project_dir}/reference"
	v_fastqgz1="$(readlink -f $seq_data_dir/${sample}${forward_identifier})"
	v_fastqgz2="$(readlink -f $seq_data_dir/${sample}${reverse_identifier})"
	v_fastqgz1_unzip="${v_workdir}/$(basename $v_fastqgz1 .gz).unzipped"
	v_fastqgz2_unzip="${v_workdir}/$(basename $v_fastqgz2 .gz).unzipped"
	v_trimmedS="${v_workdir}/${sampleId}.trimmed.s.fastq"
	v_final1="${v_workdir}/${sampleId}_1.fastq"
	v_final2="${v_workdir}/${sampleId}_2.fastq"
	v_sampledir="${v_project_dir}/${catalog_type}/sample/${sampleId}"
	vars="$(compgen -A variable | grep "^v_.*")"
	for var in ${vars}; do echo "${var}=${!var}"; done
	for var in ${vars}; do if [[ -z "${!var}" ]]; then echo "missing argument ${var}" ; return 1 ; fi ; done
}
function Init {
	mkdir -p ${v_project_dir}/${catalog_type}/{sample,mapping,profiles}
	mkdir -p ${v_workdir}
	mkdir -p ${v_refdir}
}
function Send {
	cp $v_fastqgz1 $v_workdir
	cp $v_fastqgz2 $v_workdir
	cp -r ${reference_dir}/* $v_refdir
	cp -r $trimFasta $v_project_dir
}
function Decompress {
	zcat ${v_workdir}/$(basename $v_fastqgz1) > $v_fastqgz1_unzip & pid1=$!
	zcat ${v_workdir}/$(basename $v_fastqgz2) > $v_fastqgz2_unzip & pid2=$!
	trap "kill -2 $pid1 $pid2" SIGINT
	wait
}
function Trim {
	[[ -f $v_fastqgz1_unzip && -f $v_fastqgz2_unzip ]] \
	|| (echo "zip file not found" ; return 1 )
	java -jar ${ALIEN_TRIMMER}/AlienTrimmer.jar \
		-k 10 -l 45 -m 5 -p 40 -q 20 \
		-if ${v_fastqgz1_unzip} -ir ${v_fastqgz2_unzip} -c $TMPDIR/$(basename $trimFasta) \
		-of ${v_final1} -or ${v_final2} -os ${v_trimmedS} \
	|| return 1
}
function Import {
	[[ -f $v_final1 && -f $v_final2 ]] \
	|| (echo "trimmed files not found" ; return 1 )
	mv ${v_final1} ${v_final2} ${v_project_dir}/${catalog_type}/sample &&
	rm -r ${v_workdir}
	ruby ${meteorImportScript} \
		-i ${v_project_dir}/${catalog_type}/sample \
		-p ${catalog_type} \
		-t ${seq_platform} \
		-m "${sampleId}*" \
	|| return 1
}
function Map_reads {
	ruby ${meteor}/meteor.rb \
		-w ${ini_file} \
		-i ${v_sampledir} \
		-p ${v_project_dir}/${catalog_type} \
		-o mapping \
	|| return 1
}
function Quantify {
	${meteor}/meteor-profiler \
		-p ${v_project_dir}/${catalog_type} \
		-f ${v_project_dir}/${catalog_type}/profiles \
		-t smart_shared_reads \
		-w ${ini_file} \
		-o ${sampleId} ${v_project_dir}/${catalog_type}/mapping/${sampleId}/${sampleId}_${v_prefix}_gene_profile/census.dat \
	&& rm -r ${v_project_dir}/${catalog_type}/mapping/${sampleId} \
	|| return 1
}
function Recover {
	rsync -aurvP --remove-source-files $v_project_dir/ $project_dir_rel
}

Main() {
	Run Parse_variables &&
	Run Init &&
	Run Send &&
	Run Decompress &&
	Run Trim &&
	Run Import &&
	Run Map_reads &&
	Run Quantify &&
	Run Recover
}

echo "...$(date): - begin running script"
cat $0
echo ""

# Load modules
echo "...$(date): - load modules"
module load bioinfo-tools
module load ruby/2.6.2
module load AlienTrimmer/0.4.0
module load bowtie2/2.3.4.1
echo "...$(date): - done"; echo "" 

# Load ini file
echo "...$(date): - load ini file"
echo $TMPDIR/$(basename $1)
sed "s|meteor.reference.dir=.*|meteor.reference.dir=$TMPDIR/reference|g" $1 > $TMPDIR/$(basename $1)
ini_file=$TMPDIR/$(basename $1)
source $ini_file > /dev/null 2>&1
cat $ini_file
echo "...$(date): - done"; echo "" 

# Run
Main

...Fri Jun 11 13:04:31 CEST 2021: - load modules
Bowtie2 looks for the specified index first in the current directory, then in the directory specified in the BOWTIE2_INDEXES environment variable.
The pregenerated indexes for the reference genonomes are placed under /sw/data/reference/*/*/program_files/bowtie2 for each reference genome
...Fri Jun 11 13:04:37 CEST 2021: - done

...Fri Jun 11 13:04:37 CEST 2021: - load ini file
/scratch/20427491/P18161_248_S119_L004.ini
[Pipeline]
sample=P18161_248/02-FASTQ/201104_A00187_0373_BHGM2CDSXY/P18161_248_S119_L004
forward_identifier="_R1_001.fastq.gz"
reverse_identifier="_R2_001.fastq.gz"
seq_data_dir="/proj/snic2020-6-153/delivery04021/P18161"
project_dir_rel="/proj/uppstore2019028/projects/metagenome/theo/newscripts/tmp"
catalog_type="oral_catalog"
seq_platform="illumina"
trimFasta="/proj/uppstore2019028/projects/metagenome/alienTrimmerPF8contaminants.fasta"
meteorImportScript="/proj/uppstore2019028/meteor.2019.11.04/MeteorImportFastq.rb"
meteor="/proj/uppstore2019028/projects/metagenome/software/meteor_linux_2019.11.04"
Rdir="/proj/uppstore2019028/projects/metagenome/meteor_downstream_rscripts"
reference_dir="/proj/uppstore2019028/projects/metagenome/meteor_ref"
[worksession]
meteor.reference.dir=/scratch/20427491/reference
meteor.db.type=binary
meteor.nb.attempts=3
meteor.read.cleaning.program=none
meteor.read.cleaning.cmd=
meteor.mapping.program=bowtie2
meteor.mapping.file.format=sam
meteor.is.cpu.percentage=0
meteor.cpu.count=10
meteor.checksum=md5
meteor.excluded.reference.count=3
[main_reference]
meteor.reference.name=oral_catalog
meteor.matches=10000
meteor.mismatches=5
meteor.is.perc.mismatches=1
meteor.bestalignment=1
meteor.mapper.cmd=
meteor.mapping.prefix.name=mapping_vs_oral_catalog
meteor.counting.prefix.name=vs_hs_10_4_oral_catalog
[excluded_reference_1]
meteor.reference.name=Homo_sapiens_GRCh38
meteor.matches=1
meteor.mismatches=5
meteor.is.perc.mismatches=1
meteor.bestalignment=1
meteor.mapping.prefix.name=mapping_vs_Homo_sapiens_GRCh38
[excluded_reference_2]
meteor.reference.name=A_thaliana_TAIR10
meteor.matches=1
meteor.mismatches=5
meteor.is.perc.mismatches=1
meteor.bestalignment=1
meteor.mapping.prefix.name=mapping_vs_A_thaliana_TAIR10
[excluded_reference_3]
meteor.reference.name=Bos_taurus_UMD3
meteor.matches=1
meteor.mismatches=5
meteor.is.perc.mismatches=1
meteor.bestalignment=1
meteor.mapping.prefix.name=mapping_vs_Bos_taurus_UMD3
...Fri Jun 11 13:04:37 CEST 2021: - done

...Fri Jun 11 13:04:37 CEST 2021: Parse_variables - begin

v_fastqgz1=/crex/proj/snic2020-6-153/nobackup/delivery04021/P18161/P18161_248/02-FASTQ/201104_A00187_0373_BHGM2CDSXY/P18161_248_S119_L004_R1_001.fastq.gz
v_fastqgz1_unzip=/scratch/20427491/working/P18161_248_S119_L004_R1_001.fastq.unzipped
v_fastqgz2=/crex/proj/snic2020-6-153/nobackup/delivery04021/P18161/P18161_248/02-FASTQ/201104_A00187_0373_BHGM2CDSXY/P18161_248_S119_L004_R2_001.fastq.gz
v_fastqgz2_unzip=/scratch/20427491/working/P18161_248_S119_L004_R2_001.fastq.unzipped
v_final1=/scratch/20427491/working/P18161_248_S119_L004_1.fastq
v_final2=/scratch/20427491/working/P18161_248_S119_L004_2.fastq
v_prefix=vs_hs_10_4_oral_catalog
v_project_dir=/scratch/20427491
v_refdir=/scratch/20427491/reference
v_sampledir=/scratch/20427491/oral_catalog/sample/P18161_248_S119_L004
v_trimmedS=/scratch/20427491/working/P18161_248_S119_L004.trimmed.s.fastq
v_workdir=/scratch/20427491/working
...Fri Jun 11 13:04:37 CEST 2021: Parse_variables - done
...time taken: 0

...Fri Jun 11 13:04:37 CEST 2021: Init - begin

...Fri Jun 11 13:04:37 CEST 2021: Init - done
...time taken: 0

...Fri Jun 11 13:04:37 CEST 2021: Send - begin

...Fri Jun 11 13:10:34 CEST 2021: Send - done
...time taken: 6

...Fri Jun 11 13:10:34 CEST 2021: Decompress - begin

...Fri Jun 11 13:15:33 CEST 2021: Decompress - done
...time taken: 5

...Fri Jun 11 13:15:34 CEST 2021: Trim - begin

AlienTrimmer main options: -k 10 -l 45 -m 5 -q 20 -p 40 (Phred+33)  /  439 fwd alien sequence(s)  /  7856 fwd k-mers (k=10)  /  439 rev alien sequence(s)  /  7856 rev k-mers (k=10)
[02:18]   1,000,000 read pairs processed:     655,912 trimmed (fwd:     306,227  rev:     349,685)      15,642 removed (fwd:       4,912  rev:      10,730)
[04:35]   2,000,000 read pairs processed:   1,317,010 trimmed (fwd:     606,760  rev:     710,250)      31,548 removed (fwd:       9,348  rev:      22,200)
[06:51]   3,000,000 read pairs processed:   1,972,525 trimmed (fwd:     909,220  rev:   1,063,305)      47,433 removed (fwd:      13,797  rev:      33,636)
[09:08]   4,000,000 read pairs processed:   2,619,235 trimmed (fwd:   1,206,044  rev:   1,413,191)      62,202 removed (fwd:      18,227  rev:      43,975)
[11:23]   5,000,000 read pairs processed:   3,276,798 trimmed (fwd:   1,505,330  rev:   1,771,468)      78,210 removed (fwd:      22,456  rev:      55,754)
[13:40]   6,000,000 read pairs processed:   3,922,430 trimmed (fwd:   1,803,154  rev:   2,119,276)      93,167 removed (fwd:      26,873  rev:      66,294)
[15:57]   7,000,000 read pairs processed:   4,575,500 trimmed (fwd:   2,097,755  rev:   2,477,745)     108,991 removed (fwd:      30,972  rev:      78,019)
[18:10]   8,000,000 read pairs processed:   5,214,082 trimmed (fwd:   2,391,733  rev:   2,822,349)     123,750 removed (fwd:      35,333  rev:      88,417)
[20:25]   9,000,000 read pairs processed:   5,854,889 trimmed (fwd:   2,683,761  rev:   3,171,128)     138,536 removed (fwd:      39,458  rev:      99,078)
[22:42]  10,000,000 read pairs processed:   6,506,683 trimmed (fwd:   2,980,269  rev:   3,526,414)     153,474 removed (fwd:      43,655  rev:     109,819)
[24:59]  11,000,000 read pairs processed:   7,149,543 trimmed (fwd:   3,271,748  rev:   3,877,795)     167,905 removed (fwd:      47,892  rev:     120,013)
[27:18]  12,000,000 read pairs processed:   7,798,652 trimmed (fwd:   3,565,927  rev:   4,232,725)     182,244 removed (fwd:      51,847  rev:     130,397)
[29:32]  13,000,000 read pairs processed:   8,437,135 trimmed (fwd:   3,865,021  rev:   4,572,114)     196,955 removed (fwd:      56,512  rev:     140,443)
[31:50]  14,000,000 read pairs processed:   9,068,211 trimmed (fwd:   4,156,009  rev:   4,912,202)     211,164 removed (fwd:      60,831  rev:     150,333)
[34:09]  15,000,000 read pairs processed:   9,828,146 trimmed (fwd:   4,506,111  rev:   5,322,035)     227,342 removed (fwd:      65,255  rev:     162,087)
[36:25]  16,000,000 read pairs processed:  10,545,206 trimmed (fwd:   4,837,280  rev:   5,707,926)     242,659 removed (fwd:      70,123  rev:     172,536)
[38:44]  17,000,000 read pairs processed:  11,281,384 trimmed (fwd:   5,174,651  rev:   6,106,733)     257,729 removed (fwd:      74,638  rev:     183,091)
[41:03]  18,000,000 read pairs processed:  11,999,464 trimmed (fwd:   5,500,372  rev:   6,499,092)     272,361 removed (fwd:      79,179  rev:     193,182)
[43:21]  19,000,000 read pairs processed:  12,700,763 trimmed (fwd:   5,820,923  rev:   6,879,840)     287,150 removed (fwd:      83,642  rev:     203,508)
[45:37]  20,000,000 read pairs processed:  13,402,015 trimmed (fwd:   6,144,308  rev:   7,257,707)     301,201 removed (fwd:      88,137  rev:     213,064)
[47:54]  21,000,000 read pairs processed:  14,085,661 trimmed (fwd:   6,455,378  rev:   7,630,283)     315,738 removed (fwd:      92,584  rev:     223,154)
[50:09]  22,000,000 read pairs processed:  14,772,666 trimmed (fwd:   6,770,191  rev:   8,002,475)     329,435 removed (fwd:      97,014  rev:     232,421)
[52:23]  23,000,000 read pairs processed:  15,452,304 trimmed (fwd:   7,078,474  rev:   8,373,830)     343,418 removed (fwd:     101,254  rev:     242,164)
[54:37]  24,000,000 read pairs processed:  16,147,435 trimmed (fwd:   7,400,159  rev:   8,747,276)     357,387 removed (fwd:     105,813  rev:     251,574)
[56:51]  25,000,000 read pairs processed:  16,832,922 trimmed (fwd:   7,715,285  rev:   9,117,637)     371,411 removed (fwd:     110,281  rev:     261,130)
[59:54]  26,000,000 read pairs processed:  17,551,512 trimmed (fwd:   8,046,570  rev:   9,504,942)     386,374 removed (fwd:     114,987  rev:     271,387)
[62:12]  27,000,000 read pairs processed:  18,252,123 trimmed (fwd:   8,368,729  rev:   9,883,394)     400,716 removed (fwd:     119,898  rev:     280,818)
[63:29]  27,553,454 read pairs processed:  18,628,339 trimmed (fwd:   8,539,520  rev:  10,088,819)     408,309 removed (fwd:     122,273  rev:     286,036)
...Fri Jun 11 14:19:03 CEST 2021: Trim - done
...time taken: 4

...Fri Jun 11 14:19:03 CEST 2021: Import - begin

ruby: warning: shebang line ending with \r may cause problems
Import /scratch/20427491/oral_catalog/sample/P18161_248_S119_L004_1.fastq
Import /scratch/20427491/oral_catalog/sample/P18161_248_S119_L004_2.fastq
Importation done!
...Fri Jun 11 14:19:08 CEST 2021: Import - done
...time taken: 0

...Fri Jun 11 14:19:08 CEST 2021: Map_reads - begin

/proj/uppstore2019028/projects/metagenome/software/meteor_linux_2019.11.04/meteor.rb:146: warning: constant ::Fixnum is deprecated
/proj/uppstore2019028/projects/metagenome/software/meteor_linux_2019.11.04/meteor.rb:161: warning: Insecure world writable dir /proj/uppstore2019028/Helen/meteor-linux.2019-11-04 in PATH, mode 042777

Launch mapping


######### Meteor Mapping task description
Sample name = P18161_248_S119_L004
Library name = P18161_248_S119_L004_1
Project name = oral_catalog
Sequencing device = illumina
Workflow = P18161_248_S119_L004.ini

######### Task main mapping 0
Executing mapping command:
bowtie2-align-l --mm -p 10 --end-to-end --sensitive -k 10000 --no-head --no-sq --no-unal --omit-sec-seq -x /scratch/20427491/reference/oral_catalog/fasta/oral_catalog_dnaspace_index -U /scratch/20427491/oral_catalog/sample/P18161_248_S119_L004/640f5ef653bbff394f8eed611ea1071f/P18161_248_S119_L004_1.fastq.idx -S /scratch/20427491/oral_catalog/mapping/P18161_248_S119_L004/mapping_vs_oral_catalog_P18161_248_S119_L004_1/P18161_248_S119_L004_1_1.sam
