...Thu Jun 10 13:41:57 CEST 2021: - begin running script
#!/bin/bash -l
#SBATCH --account=snic2021-5-248
#SBATCH --partition=core
#SBATCH --ntasks=10
#SBATCH --time=2-04:00:00
#SBATCH --job-name=Meteor
#SBATCH --mail-user=zn.tportlock@gmail.com
#SBATCH --mail-type=ALL
##SBATCH --output=/proj/uppstore2019028/projects/metagenome/theo/newscripts/meteor/logs/%j 

function Run {
	start=$(date +%m)
	echo "...$(date): $1 - begin"; echo ""
	$@ \
	&& (echo "...$(date): $1 - done"; echo "") \
	|| (echo "...$(date): $1 - failed"; echo "")
	end=$(date +%s)
	echo "...time taken: $((end-start))"; echo ""
}
function Parse_variables {
	v_project_dir="$TMPDIR"
	v_workdir="${v_project_dir}/working"
	v_refdir="${v_project_dir}/reference"
	v_fastqgz1="$(readlink -f ${fastqgzs[0]})"
	v_fastqgz2="$(readlink -f ${fastqgzs[1]})"
	v_fastqgz1_unzip="${v_workdir}/$(basename $v_fastqgz1 .gz).unzipped"
	v_fastqgz2_unzip="${v_workdir}/$(basename $v_fastqgz2 .gz).unzipped"
	v_trimmedS="${v_workdir}/${sampleId}.trimmed.s.fastq"
	v_final1="${v_workdir}/${sampleId}_1.fastq"
	v_final2="${v_workdir}/${sampleId}_2.fastq"
	v_sampledir="${v_project_dir}/${catalog_type}/sample/${sampleId}"
	v_downstream_dir="$v_project_dir/Downstream"
	vars="$(compgen -A variable | grep "^v_.*")"
	for var in ${vars}; do echo "${var}=${!var}"; done
	for var in ${vars}; do if [[ -z "${!var}" ]]; then echo "missing argument ${var}" ; return 1 ; fi ; done
}
function Init {
	mkdir -p ${v_project_dir}/${catalog_type}/{sample,mapping,profiles}
	mkdir -p ${v_workdir}
	mkdir -p ${v_refdir}
}
function Send {
	cp $v_fastqgz1 $v_workdir
	cp $v_fastqgz2 $v_workdir
	cp -r ${reference_dir}/* $v_refdir
	cp -r $trimFasta $v_project_dir
}
function Decompress {
	zcat ${v_workdir}/$(basename $v_fastqgz1) > $v_fastqgz1_unzip & pid1=$!
	zcat ${v_workdir}/$(basename $v_fastqgz2) > $v_fastqgz2_unzip & pid2=$!
	trap "kill -2 $pid1 $pid2" SIGINT
	wait
}
function Trim {
	[[ -f $v_fastqgz1_unzip && -f $v_fastqgz2_unzip ]] \
	|| (echo "zip file not found" ; return 1 )
	java -jar ${ALIEN_TRIMMER}/AlienTrimmer.jar \
		-k 10 -l 45 -m 5 -p 40 -q 20 \
		-if ${v_fastqgz1_unzip} -ir ${v_fastqgz2_unzip} -c $TMPDIR/$(basename $trimFasta) \
		-of ${v_final1} -or ${v_final2} -os ${v_trimmedS} \
	|| return 1
}
function Import {
	[[ -f $v_final1 && -f $v_final2 ]] \
	|| (echo "trimmed files not found" ; return 1 )
	mv ${v_final1} ${v_final2} ${v_project_dir}/${catalog_type}/sample &&
	rm -r ${v_workdir}
	ruby ${meteorImportScript} \
		-i ${v_project_dir}/${catalog_type}/sample \
		-p ${catalog_type} \
		-t ${seq_platform} \
		-m "${sampleId}*" \
	|| return 1
}
function Map_reads {
	ruby ${meteor}/meteor.rb \
		-w ${ini_file} \
		-i ${v_sampledir} \
		-p ${v_project_dir}/${catalog_type} \
		-o mapping \
	|| return 1
}
function Quantify {
	${meteor}/meteor-profiler \
		-p ${v_project_dir}/${catalog_type} \
		-f ${v_project_dir}/${catalog_type}/profiles \
		-t smart_shared_reads \
		-w ${ini_file} \
		-o ${sampleId} ${v_project_dir}/${catalog_type}/mapping/${sampleId}/${sampleId}_${v_prefix}_gene_profile/census.dat \
	&& rm -r ${v_project_dir}/${catalog_type}/mapping/${sampleId} \
	|| return 1
}
function Recover {
	rsync -aurvP --remove-source-files $v_project_dir/ $project_dir_rel
}

Main() {
	sampleId=$(basename $1 .fastq.gz)
	fastqgzs+=("$2")
	fastqgzs+=("$3")

	Run Parse_variables &&
	Run Init &&
	Run Send &&
	Run Decompress &&
	Run Trim &&
	Run Import &&
	Run Map_reads &&
	Run Quantify &&
	Run Recover
}

echo "...$(date): - begin running script"
cat $0
echo ""

# Load modules
echo "...$(date): - load modules"
module load bioinfo-tools
module load ruby/2.6.2
module load AlienTrimmer/0.4.0
module load bowtie2/2.3.4.1
echo "...$(date): - done"; echo "" 

# Load ini file
echo "...$(date): - load ini file"
sed -i "s|meteor.reference.dir=.*|meteor.reference.dir=$TMPDIR/reference|g" $1
ini_file=$1
source $ini_file > /dev/null 2>&1
v_prefix=$( grep "meteor.counting.prefix.name" $ini_file | sed "s/^.*=//g" )
cat $ini_file
echo "...$(date): - done"; echo "" 

# Run meteor
Main $sample $seq_data_dir/${sample}${forward_identifier} $seq_data_dir/${sample}${reverse_identifier}

...Thu Jun 10 13:41:57 CEST 2021: - load modules
Bowtie2 looks for the specified index first in the current directory, then in the directory specified in the BOWTIE2_INDEXES environment variable.
The pregenerated indexes for the reference genonomes are placed under /sw/data/reference/*/*/program_files/bowtie2 for each reference genome
...Thu Jun 10 13:42:07 CEST 2021: - done

...Thu Jun 10 13:42:07 CEST 2021: - load ini file
[Pipeline]
sample=P18161_243/02-FASTQ/201104_A00187_0373_BHGM2CDSXY/P18161_243_S114_L004
forward_identifier="_R1_001.fastq.gz"
reverse_identifier="_R2_001.fastq.gz"
seq_data_dir="/proj/snic2020-6-153/delivery04021/P18161"
project_dir_rel="/proj/uppstore2019028/projects/metagenome/theo/newscripts/tmp"
catalog_type="oral_catalog"
seq_platform="illumina"
trimFasta="/proj/uppstore2019028/projects/metagenome/alienTrimmerPF8contaminants.fasta"
meteorImportScript="/proj/uppstore2019028/meteor.2019.11.04/MeteorImportFastq.rb"
meteor="/proj/uppstore2019028/projects/metagenome/software/meteor_linux_2019.11.04"
Rdir="/proj/uppstore2019028/projects/metagenome/meteor_downstream_rscripts"
reference_dir="/proj/uppstore2019028/projects/metagenome/meteor_ref"
[worksession]
meteor.reference.dir=/scratch/20410276/reference
meteor.db.type=binary
meteor.nb.attempts=3
meteor.read.cleaning.program=none
meteor.read.cleaning.cmd=
meteor.mapping.program=bowtie2
meteor.mapping.file.format=sam
meteor.is.cpu.percentage=0
meteor.cpu.count=10
meteor.checksum=md5
meteor.excluded.reference.count=3
[main_reference]
meteor.reference.name=oral_catalog
meteor.matches=10000
meteor.mismatches=5
meteor.is.perc.mismatches=1
meteor.bestalignment=1
meteor.mapper.cmd=
meteor.mapping.prefix.name=mapping_vs_oral_catalog
meteor.counting.prefix.name=vs_hs_10_4_oral_catalog
[excluded_reference_1]
meteor.reference.name=Homo_sapiens_GRCh38
meteor.matches=1
meteor.mismatches=5
meteor.is.perc.mismatches=1
meteor.bestalignment=1
meteor.mapping.prefix.name=mapping_vs_Homo_sapiens_GRCh38
[excluded_reference_2]
meteor.reference.name=A_thaliana_TAIR10
meteor.matches=1
meteor.mismatches=5
meteor.is.perc.mismatches=1
meteor.bestalignment=1
meteor.mapping.prefix.name=mapping_vs_A_thaliana_TAIR10
[excluded_reference_3]
meteor.reference.name=Bos_taurus_UMD3
meteor.matches=1
meteor.mismatches=5
meteor.is.perc.mismatches=1
meteor.bestalignment=1
meteor.mapping.prefix.name=mapping_vs_Bos_taurus_UMD3
...Thu Jun 10 13:42:08 CEST 2021: - done

...Thu Jun 10 13:42:08 CEST 2021: Parse_variables - begin

v_downstream_dir=/scratch/20410276/Downstream
v_fastqgz1=/crex/proj/snic2020-6-153/nobackup/delivery04021/P18161/P18161_243/02-FASTQ/201104_A00187_0373_BHGM2CDSXY/P18161_243_S114_L004_R1_001.fastq.gz
v_fastqgz1_unzip=/scratch/20410276/working/P18161_243_S114_L004_R1_001.fastq.unzipped
v_fastqgz2=/crex/proj/snic2020-6-153/nobackup/delivery04021/P18161/P18161_243/02-FASTQ/201104_A00187_0373_BHGM2CDSXY/P18161_243_S114_L004_R2_001.fastq.gz
v_fastqgz2_unzip=/scratch/20410276/working/P18161_243_S114_L004_R2_001.fastq.unzipped
v_final1=/scratch/20410276/working/P18161_243_S114_L004_1.fastq
v_final2=/scratch/20410276/working/P18161_243_S114_L004_2.fastq
v_prefix=vs_hs_10_4_oral_catalog
v_project_dir=/scratch/20410276
v_refdir=/scratch/20410276/reference
v_sampledir=/scratch/20410276/oral_catalog/sample/P18161_243_S114_L004
v_trimmedS=/scratch/20410276/working/P18161_243_S114_L004.trimmed.s.fastq
v_workdir=/scratch/20410276/working
...Thu Jun 10 13:42:09 CEST 2021: Parse_variables - done

...time taken: 1623325323

...Thu Jun 10 13:42:09 CEST 2021: Init - begin

...Thu Jun 10 13:42:09 CEST 2021: Init - done

...time taken: 1623325323

...Thu Jun 10 13:42:09 CEST 2021: Send - begin

...Thu Jun 10 13:54:00 CEST 2021: Send - done

...time taken: 1623326034

...Thu Jun 10 13:54:00 CEST 2021: Decompress - begin

...Thu Jun 10 14:02:47 CEST 2021: Decompress - done

...time taken: 1623326561

...Thu Jun 10 14:02:47 CEST 2021: Trim - begin

AlienTrimmer main options: -k 10 -l 45 -m 5 -q 20 -p 40 (Phred+33)  /  439 fwd alien sequence(s)  /  7856 fwd k-mers (k=10)  /  439 rev alien sequence(s)  /  7856 rev k-mers (k=10)
[01:54]   1,000,000 read pairs processed:     655,308 trimmed (fwd:     315,937  rev:     339,371)      12,827 removed (fwd:       5,153  rev:       7,674)
[03:48]   2,000,000 read pairs processed:   1,309,073 trimmed (fwd:     625,058  rev:     684,015)      25,246 removed (fwd:       9,997  rev:      15,249)
[05:42]   3,000,000 read pairs processed:   1,958,563 trimmed (fwd:     930,881  rev:   1,027,682)      37,207 removed (fwd:      14,537  rev:      22,670)
[07:35]   4,000,000 read pairs processed:   2,602,359 trimmed (fwd:   1,238,683  rev:   1,363,676)      49,372 removed (fwd:      19,361  rev:      30,011)
[09:28]   5,000,000 read pairs processed:   3,244,773 trimmed (fwd:   1,541,477  rev:   1,703,296)      61,306 removed (fwd:      23,871  rev:      37,435)
[11:23]   6,000,000 read pairs processed:   3,902,126 trimmed (fwd:   1,852,028  rev:   2,050,098)      73,323 removed (fwd:      28,426  rev:      44,897)
[13:16]   7,000,000 read pairs processed:   4,542,990 trimmed (fwd:   2,157,096  rev:   2,385,894)      85,206 removed (fwd:      33,075  rev:      52,131)
[15:10]   8,000,000 read pairs processed:   5,188,073 trimmed (fwd:   2,459,186  rev:   2,728,887)      96,798 removed (fwd:      37,482  rev:      59,316)
[17:05]   9,000,000 read pairs processed:   5,831,357 trimmed (fwd:   2,764,298  rev:   3,067,059)     108,335 removed (fwd:      41,995  rev:      66,340)
[19:01]  10,000,000 read pairs processed:   6,465,537 trimmed (fwd:   3,064,936  rev:   3,400,601)     120,149 removed (fwd:      46,520  rev:      73,629)
[20:55]  11,000,000 read pairs processed:   7,105,601 trimmed (fwd:   3,365,288  rev:   3,740,313)     131,401 removed (fwd:      50,765  rev:      80,636)
[22:50]  12,000,000 read pairs processed:   7,749,918 trimmed (fwd:   3,670,273  rev:   4,079,645)     142,914 removed (fwd:      55,127  rev:      87,787)
[24:43]  13,000,000 read pairs processed:   8,390,781 trimmed (fwd:   3,971,384  rev:   4,419,397)     154,352 removed (fwd:      59,584  rev:      94,768)
[26:38]  14,000,000 read pairs processed:   9,034,074 trimmed (fwd:   4,271,334  rev:   4,762,740)     165,757 removed (fwd:      63,946  rev:     101,811)
[28:33]  15,000,000 read pairs processed:   9,674,527 trimmed (fwd:   4,581,820  rev:   5,092,707)     178,298 removed (fwd:      69,076  rev:     109,222)
[30:28]  16,000,000 read pairs processed:  10,303,359 trimmed (fwd:   4,883,279  rev:   5,420,080)     190,386 removed (fwd:      73,910  rev:     116,476)
[32:24]  17,000,000 read pairs processed:  10,976,627 trimmed (fwd:   5,199,891  rev:   5,776,736)     202,236 removed (fwd:      78,358  rev:     123,878)
[34:19]  18,000,000 read pairs processed:  11,764,681 trimmed (fwd:   5,568,587  rev:   6,196,094)     217,672 removed (fwd:      83,487  rev:     134,185)
[36:14]  19,000,000 read pairs processed:  12,463,420 trimmed (fwd:   5,899,514  rev:   6,563,906)     230,561 removed (fwd:      88,863  rev:     141,698)
[38:09]  20,000,000 read pairs processed:  13,192,065 trimmed (fwd:   6,241,332  rev:   6,950,733)     243,383 removed (fwd:      93,861  rev:     149,522)
[40:03]  21,000,000 read pairs processed:  13,916,238 trimmed (fwd:   6,578,449  rev:   7,337,789)     256,281 removed (fwd:      98,956  rev:     157,325)
[41:57]  22,000,000 read pairs processed:  14,605,309 trimmed (fwd:   6,898,195  rev:   7,707,114)     268,788 removed (fwd:     103,837  rev:     164,951)
[43:52]  23,000,000 read pairs processed:  15,312,778 trimmed (fwd:   7,232,468  rev:   8,080,310)     281,693 removed (fwd:     108,902  rev:     172,791)
[45:45]  24,000,000 read pairs processed:  16,010,733 trimmed (fwd:   7,560,645  rev:   8,450,088)     294,605 removed (fwd:     114,043  rev:     180,562)
[47:40]  25,000,000 read pairs processed:  16,694,624 trimmed (fwd:   7,879,109  rev:   8,815,515)     306,895 removed (fwd:     118,836  rev:     188,059)
[49:34]  26,000,000 read pairs processed:  17,382,750 trimmed (fwd:   8,202,765  rev:   9,179,985)     319,499 removed (fwd:     123,922  rev:     195,577)
[51:27]  27,000,000 read pairs processed:  18,068,136 trimmed (fwd:   8,521,814  rev:   9,546,322)     331,746 removed (fwd:     128,812  rev:     202,934)
[53:21]  28,000,000 read pairs processed:  18,752,676 trimmed (fwd:   8,843,955  rev:   9,908,721)     344,027 removed (fwd:     133,674  rev:     210,353)
[55:14]  29,000,000 read pairs processed:  19,441,521 trimmed (fwd:   9,169,975  rev:  10,271,546)     356,585 removed (fwd:     138,626  rev:     217,959)
[57:09]  30,000,000 read pairs processed:  20,123,529 trimmed (fwd:   9,490,473  rev:  10,633,056)     368,753 removed (fwd:     143,322  rev:     225,431)
[59:52]  31,000,000 read pairs processed:  20,845,773 trimmed (fwd:   9,831,098  rev:  11,014,675)     381,949 removed (fwd:     148,648  rev:     233,301)
[61:46]  32,000,000 read pairs processed:  21,549,089 trimmed (fwd:  10,162,913  rev:  11,386,176)     395,176 removed (fwd:     154,080  rev:     241,096)
[63:38]  32,986,284 read pairs processed:  22,220,001 trimmed (fwd:  10,476,316  rev:  11,743,685)     407,200 removed (fwd:     158,872  rev:     248,328)
...Thu Jun 10 15:06:28 CEST 2021: Trim - done

...time taken: 1623330382

...Thu Jun 10 15:06:28 CEST 2021: Import - begin

ruby: warning: shebang line ending with \r may cause problems
Import /scratch/20410276/oral_catalog/sample/P18161_243_S114_L004_2.fastq
Import /scratch/20410276/oral_catalog/sample/P18161_243_S114_L004_1.fastq
Importation done!
...Thu Jun 10 15:06:34 CEST 2021: Import - done

...time taken: 1623330388

...Thu Jun 10 15:06:34 CEST 2021: Map_reads - begin

/proj/uppstore2019028/projects/metagenome/software/meteor_linux_2019.11.04/meteor.rb:146: warning: constant ::Fixnum is deprecated
/proj/uppstore2019028/projects/metagenome/software/meteor_linux_2019.11.04/meteor.rb:161: warning: Insecure world writable dir /proj/uppstore2019028/Helen/meteor-linux.2019-11-04 in PATH, mode 042777

Launch mapping


######### Meteor Mapping task description
Sample name = P18161_243_S114_L004
Library name = P18161_243_S114_L004_1
Project name = oral_catalog
Sequencing device = illumina
Workflow = P18161_243_S114_L004.ini

######### Task main mapping 0
Executing mapping command:
bowtie2-align-l --mm -p 10 --end-to-end --sensitive -k 10000 --no-head --no-sq --no-unal --omit-sec-seq -x /scratch/20410276/reference/oral_catalog/fasta/oral_catalog_dnaspace_index -U /scratch/20410276/oral_catalog/sample/P18161_243_S114_L004/7757e2ce5e1c59cbcbee8b8715559d0a/P18161_243_S114_L004_1.fastq.idx -S /scratch/20410276/oral_catalog/mapping/P18161_243_S114_L004/mapping_vs_oral_catalog_P18161_243_S114_L004_1/P18161_243_S114_L004_1_1.sam
32614207 reads; of these:
  32614207 (100.00%) were unpaired; of these:
    24635151 (75.54%) aligned 0 times
    2462994 (7.55%) aligned exactly 1 time
    5516062 (16.91%) aligned >1 times
24.46% overall alignment rate

######### TaskExcludedMapping(0, 1) ; reference name: Homo_sapiens_GRCh38
Executing mapping command:
bowtie2-align-l --mm -p 10 --end-to-end --sensitive -k 1 --no-head --no-sq --no-unal --omit-sec-seq -x /scratch/20410276/reference/Homo_sapiens_GRCh38/fasta/Homo_sapiens_GRCh38_dnaspace_index -U /scratch/20410276/oral_catalog/sample/P18161_243_S114_L004/7757e2ce5e1c59cbcbee8b8715559d0a/P18161_243_S114_L004_1.fastq.idx -S /scratch/20410276/oral_catalog/mapping/P18161_243_S114_L004/mapping_vs_Homo_sapiens_GRCh38_P18161_243_S114_L004_1/P18161_243_S114_L004_1_1.sam
32614207 reads; of these:
  32614207 (100.00%) were unpaired; of these:
    8307150 (25.47%) aligned 0 times
    24307057 (74.53%) aligned exactly 1 time
    0 (0.00%) aligned >1 times
74.53% overall alignment rate

######### TaskExcludedMapping(0, 2) ; reference name: A_thaliana_TAIR10
Executing mapping command:
bowtie2-align-l --mm -p 10 --end-to-end --sensitive -k 1 --no-head --no-sq --no-unal --omit-sec-seq -x /scratch/20410276/reference/A_thaliana_TAIR10/fasta/A_thaliana_TAIR10_dnaspace_index -U /scratch/20410276/oral_catalog/sample/P18161_243_S114_L004/7757e2ce5e1c59cbcbee8b8715559d0a/P18161_243_S114_L004_1.fastq.idx -S /scratch/20410276/oral_catalog/mapping/P18161_243_S114_L004/mapping_vs_A_thaliana_TAIR10_P18161_243_S114_L004_1/P18161_243_S114_L004_1_1.sam
32614207 reads; of these:
  32614207 (100.00%) were unpaired; of these:
    32605476 (99.97%) aligned 0 times
    8731 (0.03%) aligned exactly 1 time
    0 (0.00%) aligned >1 times
0.03% overall alignment rate

######### TaskExcludedMapping(0, 3) ; reference name: Bos_taurus_UMD3
Executing mapping command:
bowtie2-align-l --mm -p 10 --end-to-end --sensitive -k 1 --no-head --no-sq --no-unal --omit-sec-seq -x /scratch/20410276/reference/Bos_taurus_UMD3/fasta/Bos_taurus_UMD3_dnaspace_index -U /scratch/20410276/oral_catalog/sample/P18161_243_S114_L004/7757e2ce5e1c59cbcbee8b8715559d0a/P18161_243_S114_L004_1.fastq.idx -S /scratch/20410276/oral_catalog/mapping/P18161_243_S114_L004/mapping_vs_Bos_taurus_UMD3_P18161_243_S114_L004_1/P18161_243_S114_L004_1_1.sam
32614207 reads; of these:
  32614207 (100.00%) were unpaired; of these:
    32177378 (98.66%) aligned 0 times
    436829 (1.34%) aligned exactly 1 time
    0 (0.00%) aligned >1 times
1.34% overall alignment rate
removing re-indexed file:
/scratch/20410276/oral_catalog/sample/P18161_243_S114_L004/7757e2ce5e1c59cbcbee8b8715559d0a/P18161_243_S114_L004_1.fastq.idx


######### Meteor Mapping task description
Sample name = P18161_243_S114_L004
Library name = P18161_243_S114_L004_2
Project name = oral_catalog
Sequencing device = illumina
Workflow = P18161_243_S114_L004.ini

######### Task main mapping 1
Executing mapping command:
bowtie2-align-l --mm -p 10 --end-to-end --sensitive -k 10000 --no-head --no-sq --no-unal --omit-sec-seq -x /scratch/20410276/reference/oral_catalog/fasta/oral_catalog_dnaspace_index -U /scratch/20410276/oral_catalog/sample/P18161_243_S114_L004/7757e2ce5e1c59cbcbee8b8715559d0a/P18161_243_S114_L004_2.fastq.idx -S /scratch/20410276/oral_catalog/mapping/P18161_243_S114_L004/mapping_vs_oral_catalog_P18161_243_S114_L004_2/P18161_243_S114_L004_2_1.sam
