...Fri Jun 11 13:21:04 CEST 2021: - begin running script
#!/bin/bash -l
#SBATCH --account=snic2021-5-248
#SBATCH --partition=core
#SBATCH --ntasks=10
#SBATCH --time=2-06:00:00
#SBATCH --job-name=FMT_last_batch
##SBATCH --output=%j 
##SBATCH --mail-user=zn.tportlock@gmail.com
##SBATCH --mail-type=ALL

function Run {
	start=$(date +%M)
	echo "...$(date): $1 - begin"; echo ""
	$@ \
	&& (echo "...$(date): $1 - done") \
	|| (echo "...$(date): $1 - failed")
	end=$(date +%M)
	echo "...time taken: $((end-start))"; echo ""
}
function Parse_variables {
	sampleId=$(basename $sample .fastq.gz)
	v_project_dir="$TMPDIR"
	v_prefix=$( grep "meteor.counting.prefix.name" $ini_file | sed "s/^.*=//g" )
	v_workdir="${v_project_dir}/working"
	v_refdir="${v_project_dir}/reference"
	v_fastqgz1="$(readlink -f $seq_data_dir/${sample}${forward_identifier})"
	v_fastqgz2="$(readlink -f $seq_data_dir/${sample}${reverse_identifier})"
	v_fastqgz1_unzip="${v_workdir}/$(basename $v_fastqgz1 .gz).unzipped"
	v_fastqgz2_unzip="${v_workdir}/$(basename $v_fastqgz2 .gz).unzipped"
	v_trimmedS="${v_workdir}/${sampleId}.trimmed.s.fastq"
	v_final1="${v_workdir}/${sampleId}_1.fastq"
	v_final2="${v_workdir}/${sampleId}_2.fastq"
	v_sampledir="${v_project_dir}/${catalog_type}/sample/${sampleId}"
	vars="$(compgen -A variable | grep "^v_.*")"
	for var in ${vars}; do echo "${var}=${!var}"; done
	for var in ${vars}; do if [[ -z "${!var}" ]]; then echo "missing argument ${var}" ; return 1 ; fi ; done
}
function Init {
	mkdir -p ${v_project_dir}/${catalog_type}/{sample,mapping,profiles}
	mkdir -p ${v_workdir}
	mkdir -p ${v_refdir}
}
function Send {
	cp $v_fastqgz1 $v_workdir
	cp $v_fastqgz2 $v_workdir
	cp -r ${reference_dir}/* $v_refdir
	cp -r $trimFasta $v_project_dir
}
function Decompress {
	zcat ${v_workdir}/$(basename $v_fastqgz1) > $v_fastqgz1_unzip & pid1=$!
	zcat ${v_workdir}/$(basename $v_fastqgz2) > $v_fastqgz2_unzip & pid2=$!
	trap "kill -2 $pid1 $pid2" SIGINT
	wait
}
function Trim {
	[[ -f $v_fastqgz1_unzip && -f $v_fastqgz2_unzip ]] \
	|| (echo "zip file not found" ; return 1 )
	java -jar ${ALIEN_TRIMMER}/AlienTrimmer.jar \
		-k 10 -l 45 -m 5 -p 40 -q 20 \
		-if ${v_fastqgz1_unzip} -ir ${v_fastqgz2_unzip} -c $TMPDIR/$(basename $trimFasta) \
		-of ${v_final1} -or ${v_final2} -os ${v_trimmedS} \
	|| return 1
}
function Import {
	[[ -f $v_final1 && -f $v_final2 ]] \
	|| (echo "trimmed files not found" ; return 1 )
	mv ${v_final1} ${v_final2} ${v_project_dir}/${catalog_type}/sample &&
	rm -r ${v_workdir}
	ruby ${meteorImportScript} \
		-i ${v_project_dir}/${catalog_type}/sample \
		-p ${catalog_type} \
		-t ${seq_platform} \
		-m "${sampleId}*" \
	|| return 1
}
function Map_reads {
	ruby ${meteor}/meteor.rb \
		-w ${ini_file} \
		-i ${v_sampledir} \
		-p ${v_project_dir}/${catalog_type} \
		-o mapping \
	|| return 1
}
function Quantify {
	${meteor}/meteor-profiler \
		-p ${v_project_dir}/${catalog_type} \
		-f ${v_project_dir}/${catalog_type}/profiles \
		-t smart_shared_reads \
		-w ${ini_file} \
		-o ${sampleId} ${v_project_dir}/${catalog_type}/mapping/${sampleId}/${sampleId}_${v_prefix}_gene_profile/census.dat \
	&& rm -r ${v_project_dir}/${catalog_type}/mapping/${sampleId} \
	|| return 1
}
function Recover {
	rsync -aurvP --remove-source-files $v_project_dir/ $project_dir_rel
}

Main() {
	Run Parse_variables &&
	Run Init &&
	Run Send &&
	Run Decompress &&
	Run Trim &&
	Run Import &&
	Run Map_reads &&
	Run Quantify &&
	Run Recover
}

echo "...$(date): - begin running script"
cat $0
echo ""

# Load modules
echo "...$(date): - load modules"
module load bioinfo-tools
module load ruby/2.6.2
module load AlienTrimmer/0.4.0
module load bowtie2/2.3.4.1
echo "...$(date): - done"; echo "" 

# Load ini file
echo "...$(date): - load ini file"
echo $TMPDIR/$(basename $1)
sed "s|meteor.reference.dir=.*|meteor.reference.dir=$TMPDIR/reference|g" $1 > $TMPDIR/$(basename $1)
ini_file=$TMPDIR/$(basename $1)
source $ini_file > /dev/null 2>&1
cat $ini_file
echo "...$(date): - done"; echo "" 

# Run
Main

...Fri Jun 11 13:21:04 CEST 2021: - load modules
Bowtie2 looks for the specified index first in the current directory, then in the directory specified in the BOWTIE2_INDEXES environment variable.
The pregenerated indexes for the reference genonomes are placed under /sw/data/reference/*/*/program_files/bowtie2 for each reference genome
...Fri Jun 11 13:21:14 CEST 2021: - done

...Fri Jun 11 13:21:14 CEST 2021: - load ini file
/scratch/20427497/P18161_268_S135_L004.ini
[Pipeline]
sample=P18161_268/02-FASTQ/201104_A00187_0373_BHGM2CDSXY/P18161_268_S135_L004
forward_identifier="_R1_001.fastq.gz"
reverse_identifier="_R2_001.fastq.gz"
seq_data_dir="/proj/snic2020-6-153/delivery04021/P18161"
project_dir_rel="/proj/uppstore2019028/projects/metagenome/theo/newscripts/tmp"
catalog_type="oral_catalog"
seq_platform="illumina"
trimFasta="/proj/uppstore2019028/projects/metagenome/alienTrimmerPF8contaminants.fasta"
meteorImportScript="/proj/uppstore2019028/meteor.2019.11.04/MeteorImportFastq.rb"
meteor="/proj/uppstore2019028/projects/metagenome/software/meteor_linux_2019.11.04"
Rdir="/proj/uppstore2019028/projects/metagenome/meteor_downstream_rscripts"
reference_dir="/proj/uppstore2019028/projects/metagenome/meteor_ref"
[worksession]
meteor.reference.dir=/scratch/20427497/reference
meteor.db.type=binary
meteor.nb.attempts=3
meteor.read.cleaning.program=none
meteor.read.cleaning.cmd=
meteor.mapping.program=bowtie2
meteor.mapping.file.format=sam
meteor.is.cpu.percentage=0
meteor.cpu.count=10
meteor.checksum=md5
meteor.excluded.reference.count=3
[main_reference]
meteor.reference.name=oral_catalog
meteor.matches=10000
meteor.mismatches=5
meteor.is.perc.mismatches=1
meteor.bestalignment=1
meteor.mapper.cmd=
meteor.mapping.prefix.name=mapping_vs_oral_catalog
meteor.counting.prefix.name=vs_hs_10_4_oral_catalog
[excluded_reference_1]
meteor.reference.name=Homo_sapiens_GRCh38
meteor.matches=1
meteor.mismatches=5
meteor.is.perc.mismatches=1
meteor.bestalignment=1
meteor.mapping.prefix.name=mapping_vs_Homo_sapiens_GRCh38
[excluded_reference_2]
meteor.reference.name=A_thaliana_TAIR10
meteor.matches=1
meteor.mismatches=5
meteor.is.perc.mismatches=1
meteor.bestalignment=1
meteor.mapping.prefix.name=mapping_vs_A_thaliana_TAIR10
[excluded_reference_3]
meteor.reference.name=Bos_taurus_UMD3
meteor.matches=1
meteor.mismatches=5
meteor.is.perc.mismatches=1
meteor.bestalignment=1
meteor.mapping.prefix.name=mapping_vs_Bos_taurus_UMD3
...Fri Jun 11 13:21:17 CEST 2021: - done

...Fri Jun 11 13:21:17 CEST 2021: Parse_variables - begin

v_fastqgz1=/crex/proj/snic2020-6-153/nobackup/delivery04021/P18161/P18161_268/02-FASTQ/201104_A00187_0373_BHGM2CDSXY/P18161_268_S135_L004_R1_001.fastq.gz
v_fastqgz1_unzip=/scratch/20427497/working/P18161_268_S135_L004_R1_001.fastq.unzipped
v_fastqgz2=/crex/proj/snic2020-6-153/nobackup/delivery04021/P18161/P18161_268/02-FASTQ/201104_A00187_0373_BHGM2CDSXY/P18161_268_S135_L004_R2_001.fastq.gz
v_fastqgz2_unzip=/scratch/20427497/working/P18161_268_S135_L004_R2_001.fastq.unzipped
v_final1=/scratch/20427497/working/P18161_268_S135_L004_1.fastq
v_final2=/scratch/20427497/working/P18161_268_S135_L004_2.fastq
v_prefix=vs_hs_10_4_oral_catalog
v_project_dir=/scratch/20427497
v_refdir=/scratch/20427497/reference
v_sampledir=/scratch/20427497/oral_catalog/sample/P18161_268_S135_L004
v_trimmedS=/scratch/20427497/working/P18161_268_S135_L004.trimmed.s.fastq
v_workdir=/scratch/20427497/working
...Fri Jun 11 13:21:17 CEST 2021: Parse_variables - done
...time taken: 0

...Fri Jun 11 13:21:17 CEST 2021: Init - begin

...Fri Jun 11 13:21:17 CEST 2021: Init - done
...time taken: 0

...Fri Jun 11 13:21:17 CEST 2021: Send - begin

...Fri Jun 11 13:27:42 CEST 2021: Send - done
...time taken: 6

...Fri Jun 11 13:27:42 CEST 2021: Decompress - begin

...Fri Jun 11 13:31:57 CEST 2021: Decompress - done
...time taken: 4

...Fri Jun 11 13:31:57 CEST 2021: Trim - begin

AlienTrimmer main options: -k 10 -l 45 -m 5 -q 20 -p 40 (Phred+33)  /  439 fwd alien sequence(s)  /  7856 fwd k-mers (k=10)  /  439 rev alien sequence(s)  /  7856 rev k-mers (k=10)
[02:19]   1,000,000 read pairs processed:     614,822 trimmed (fwd:     288,571  rev:     326,251)      10,190 removed (fwd:       3,636  rev:       6,554)
[04:21]   2,000,000 read pairs processed:   1,232,032 trimmed (fwd:     569,746  rev:     662,286)      20,257 removed (fwd:       6,920  rev:      13,337)
[06:19]   3,000,000 read pairs processed:   1,850,089 trimmed (fwd:     853,804  rev:     996,285)      30,550 removed (fwd:      10,170  rev:      20,380)
[08:17]   4,000,000 read pairs processed:   2,455,374 trimmed (fwd:   1,132,892  rev:   1,322,482)      40,019 removed (fwd:      13,421  rev:      26,598)
[10:17]   5,000,000 read pairs processed:   3,070,727 trimmed (fwd:   1,409,207  rev:   1,661,520)      50,118 removed (fwd:      16,366  rev:      33,752)
[12:17]   6,000,000 read pairs processed:   3,678,158 trimmed (fwd:   1,691,716  rev:   1,986,442)      59,719 removed (fwd:      19,681  rev:      40,038)
[14:15]   7,000,000 read pairs processed:   4,287,419 trimmed (fwd:   1,968,469  rev:   2,318,950)      69,303 removed (fwd:      22,795  rev:      46,508)
[16:10]   8,000,000 read pairs processed:   4,897,051 trimmed (fwd:   2,246,677  rev:   2,650,374)      79,103 removed (fwd:      25,826  rev:      53,277)
[18:06]   9,000,000 read pairs processed:   5,491,749 trimmed (fwd:   2,520,383  rev:   2,971,366)      88,539 removed (fwd:      29,020  rev:      59,519)
[20:07]  10,000,000 read pairs processed:   6,098,781 trimmed (fwd:   2,794,270  rev:   3,304,511)      98,150 removed (fwd:      32,017  rev:      66,133)
[22:07]  11,000,000 read pairs processed:   6,703,394 trimmed (fwd:   3,072,301  rev:   3,631,093)     107,392 removed (fwd:      35,197  rev:      72,195)
[24:05]  12,000,000 read pairs processed:   7,309,450 trimmed (fwd:   3,346,389  rev:   3,963,061)     116,712 removed (fwd:      38,295  rev:      78,417)
[26:04]  13,000,000 read pairs processed:   7,919,980 trimmed (fwd:   3,627,261  rev:   4,292,719)     126,350 removed (fwd:      41,535  rev:      84,815)
[28:02]  14,000,000 read pairs processed:   8,516,304 trimmed (fwd:   3,906,349  rev:   4,609,955)     135,963 removed (fwd:      44,871  rev:      91,092)
[30:04]  15,000,000 read pairs processed:   9,109,659 trimmed (fwd:   4,179,105  rev:   4,930,554)     145,396 removed (fwd:      48,119  rev:      97,277)
[32:03]  16,000,000 read pairs processed:   9,859,811 trimmed (fwd:   4,523,041  rev:   5,336,770)     158,699 removed (fwd:      51,751  rev:     106,948)
[34:04]  17,000,000 read pairs processed:  10,540,629 trimmed (fwd:   4,836,209  rev:   5,704,420)     170,284 removed (fwd:      55,470  rev:     114,814)
[36:05]  18,000,000 read pairs processed:  11,233,617 trimmed (fwd:   5,152,714  rev:   6,080,903)     180,823 removed (fwd:      58,901  rev:     121,922)
[38:07]  19,000,000 read pairs processed:  11,922,866 trimmed (fwd:   5,465,160  rev:   6,457,706)     191,431 removed (fwd:      62,411  rev:     129,020)
[40:07]  20,000,000 read pairs processed:  12,579,029 trimmed (fwd:   5,761,594  rev:   6,817,435)     201,870 removed (fwd:      65,810  rev:     136,060)
[42:08]  21,000,000 read pairs processed:  13,252,401 trimmed (fwd:   6,072,745  rev:   7,179,656)     212,334 removed (fwd:      69,452  rev:     142,882)
[44:08]  22,000,000 read pairs processed:  13,901,008 trimmed (fwd:   6,368,867  rev:   7,532,141)     222,458 removed (fwd:      72,914  rev:     149,544)
[46:07]  23,000,000 read pairs processed:  14,552,729 trimmed (fwd:   6,666,919  rev:   7,885,810)     232,420 removed (fwd:      76,347  rev:     156,073)
[48:04]  24,000,000 read pairs processed:  15,198,528 trimmed (fwd:   6,961,188  rev:   8,237,340)     242,376 removed (fwd:      79,794  rev:     162,582)
[50:02]  25,000,000 read pairs processed:  15,844,631 trimmed (fwd:   7,254,602  rev:   8,590,029)     252,101 removed (fwd:      83,040  rev:     169,061)
[52:01]  26,000,000 read pairs processed:  16,496,179 trimmed (fwd:   7,556,147  rev:   8,940,032)     262,082 removed (fwd:      86,589  rev:     175,493)
[54:01]  27,000,000 read pairs processed:  17,141,153 trimmed (fwd:   7,850,902  rev:   9,290,251)     271,741 removed (fwd:      89,845  rev:     181,896)
[56:46]  28,000,000 read pairs processed:  17,830,269 trimmed (fwd:   8,169,650  rev:   9,660,619)     282,871 removed (fwd:      93,872  rev:     188,999)
[58:46]  29,000,000 read pairs processed:  18,492,344 trimmed (fwd:   8,473,667  rev:  10,018,677)     293,352 removed (fwd:      97,651  rev:     195,701)
[59:49]  29,520,955 read pairs processed:  18,824,931 trimmed (fwd:   8,624,152  rev:  10,200,779)     298,356 removed (fwd:      99,336  rev:     199,020)
...Fri Jun 11 14:31:48 CEST 2021: Trim - done
...time taken: 0

...Fri Jun 11 14:31:48 CEST 2021: Import - begin

ruby: warning: shebang line ending with \r may cause problems
Import /scratch/20427497/oral_catalog/sample/P18161_268_S135_L004_2.fastq
Import /scratch/20427497/oral_catalog/sample/P18161_268_S135_L004_1.fastq
Importation done!
...Fri Jun 11 14:31:52 CEST 2021: Import - done
...time taken: 0

...Fri Jun 11 14:31:52 CEST 2021: Map_reads - begin

/proj/uppstore2019028/projects/metagenome/software/meteor_linux_2019.11.04/meteor.rb:146: warning: constant ::Fixnum is deprecated
/proj/uppstore2019028/projects/metagenome/software/meteor_linux_2019.11.04/meteor.rb:161: warning: Insecure world writable dir /proj/uppstore2019028/Helen/meteor-linux.2019-11-04 in PATH, mode 042777

Launch mapping


######### Meteor Mapping task description
Sample name = P18161_268_S135_L004
Library name = P18161_268_S135_L004_1
Project name = oral_catalog
Sequencing device = illumina
Workflow = P18161_268_S135_L004.ini

######### Task main mapping 0
Executing mapping command:
bowtie2-align-l --mm -p 10 --end-to-end --sensitive -k 10000 --no-head --no-sq --no-unal --omit-sec-seq -x /scratch/20427497/reference/oral_catalog/fasta/oral_catalog_dnaspace_index -U /scratch/20427497/oral_catalog/sample/P18161_268_S135_L004/e3288d9b856faf37ac0b0b917f40da36/P18161_268_S135_L004_1.fastq.idx -S /scratch/20427497/oral_catalog/mapping/P18161_268_S135_L004/mapping_vs_oral_catalog_P18161_268_S135_L004_1/P18161_268_S135_L004_1_1.sam
