...Fri Jun 11 14:05:00 CEST 2021: - begin running script
#!/bin/bash -l
#SBATCH --account=snic2021-5-248
#SBATCH --partition=core
#SBATCH --ntasks=10
#SBATCH --time=2-06:00:00
#SBATCH --job-name=FMT_last_batch
##SBATCH --output=%j 
##SBATCH --mail-user=zn.tportlock@gmail.com
##SBATCH --mail-type=ALL

function Run {
	start=$(date +%M)
	echo "...$(date): $1 - begin"; echo ""
	$@ \
	&& (echo "...$(date): $1 - done") \
	|| (echo "...$(date): $1 - failed")
	end=$(date +%M)
	echo "...time taken: $((end-start))"; echo ""
}
function Parse_variables {
	sampleId=$(basename $sample .fastq.gz)
	v_project_dir="$TMPDIR"
	v_prefix=$( grep "meteor.counting.prefix.name" $ini_file | sed "s/^.*=//g" )
	v_workdir="${v_project_dir}/working"
	v_refdir="${v_project_dir}/reference"
	v_fastqgz1="$(readlink -f $seq_data_dir/${sample}${forward_identifier})"
	v_fastqgz2="$(readlink -f $seq_data_dir/${sample}${reverse_identifier})"
	v_fastqgz1_unzip="${v_workdir}/$(basename $v_fastqgz1 .gz).unzipped"
	v_fastqgz2_unzip="${v_workdir}/$(basename $v_fastqgz2 .gz).unzipped"
	v_trimmedS="${v_workdir}/${sampleId}.trimmed.s.fastq"
	v_final1="${v_workdir}/${sampleId}_1.fastq"
	v_final2="${v_workdir}/${sampleId}_2.fastq"
	v_sampledir="${v_project_dir}/${catalog_type}/sample/${sampleId}"
	vars="$(compgen -A variable | grep "^v_.*")"
	for var in ${vars}; do echo "${var}=${!var}"; done
	for var in ${vars}; do if [[ -z "${!var}" ]]; then echo "missing argument ${var}" ; return 1 ; fi ; done
}
function Init {
	mkdir -p ${v_project_dir}/${catalog_type}/{sample,mapping,profiles}
	mkdir -p ${v_workdir}
	mkdir -p ${v_refdir}
}
function Send {
	cp $v_fastqgz1 $v_workdir
	cp $v_fastqgz2 $v_workdir
	cp -r ${reference_dir}/* $v_refdir
	cp -r $trimFasta $v_project_dir
}
function Decompress {
	zcat ${v_workdir}/$(basename $v_fastqgz1) > $v_fastqgz1_unzip & pid1=$!
	zcat ${v_workdir}/$(basename $v_fastqgz2) > $v_fastqgz2_unzip & pid2=$!
	trap "kill -2 $pid1 $pid2" SIGINT
	wait
}
function Trim {
	[[ -f $v_fastqgz1_unzip && -f $v_fastqgz2_unzip ]] \
	|| (echo "zip file not found" ; return 1 )
	java -jar ${ALIEN_TRIMMER}/AlienTrimmer.jar \
		-k 10 -l 45 -m 5 -p 40 -q 20 \
		-if ${v_fastqgz1_unzip} -ir ${v_fastqgz2_unzip} -c $TMPDIR/$(basename $trimFasta) \
		-of ${v_final1} -or ${v_final2} -os ${v_trimmedS} \
	|| return 1
}
function Import {
	[[ -f $v_final1 && -f $v_final2 ]] \
	|| (echo "trimmed files not found" ; return 1 )
	mv ${v_final1} ${v_final2} ${v_project_dir}/${catalog_type}/sample &&
	rm -r ${v_workdir}
	ruby ${meteorImportScript} \
		-i ${v_project_dir}/${catalog_type}/sample \
		-p ${catalog_type} \
		-t ${seq_platform} \
		-m "${sampleId}*" \
	|| return 1
}
function Map_reads {
	ruby ${meteor}/meteor.rb \
		-w ${ini_file} \
		-i ${v_sampledir} \
		-p ${v_project_dir}/${catalog_type} \
		-o mapping \
	|| return 1
}
function Quantify {
	${meteor}/meteor-profiler \
		-p ${v_project_dir}/${catalog_type} \
		-f ${v_project_dir}/${catalog_type}/profiles \
		-t smart_shared_reads \
		-w ${ini_file} \
		-o ${sampleId} ${v_project_dir}/${catalog_type}/mapping/${sampleId}/${sampleId}_${v_prefix}_gene_profile/census.dat \
	&& rm -r ${v_project_dir}/${catalog_type}/mapping/${sampleId} \
	|| return 1
}
function Recover {
	rsync -aurvP --remove-source-files $v_project_dir/ $project_dir_rel
}

Main() {
	Run Parse_variables &&
	Run Init &&
	Run Send &&
	Run Decompress &&
	Run Trim &&
	Run Import &&
	Run Map_reads &&
	Run Quantify &&
	Run Recover
}

echo "...$(date): - begin running script"
cat $0
echo ""

# Load modules
echo "...$(date): - load modules"
module load bioinfo-tools
module load ruby/2.6.2
module load AlienTrimmer/0.4.0
module load bowtie2/2.3.4.1
echo "...$(date): - done"; echo "" 

# Load ini file
echo "...$(date): - load ini file"
echo $TMPDIR/$(basename $1)
sed "s|meteor.reference.dir=.*|meteor.reference.dir=$TMPDIR/reference|g" $1 > $TMPDIR/$(basename $1)
ini_file=$TMPDIR/$(basename $1)
source $ini_file > /dev/null 2>&1
cat $ini_file
echo "...$(date): - done"; echo "" 

# Run
Main

...Fri Jun 11 14:05:00 CEST 2021: - load modules
Bowtie2 looks for the specified index first in the current directory, then in the directory specified in the BOWTIE2_INDEXES environment variable.
The pregenerated indexes for the reference genonomes are placed under /sw/data/reference/*/*/program_files/bowtie2 for each reference genome
...Fri Jun 11 14:05:07 CEST 2021: - done

...Fri Jun 11 14:05:07 CEST 2021: - load ini file
/scratch/20427505/P18161_276_S143_L004.ini
[Pipeline]
sample=P18161_276/02-FASTQ/201104_A00187_0373_BHGM2CDSXY/P18161_276_S143_L004
forward_identifier="_R1_001.fastq.gz"
reverse_identifier="_R2_001.fastq.gz"
seq_data_dir="/proj/snic2020-6-153/delivery04021/P18161"
project_dir_rel="/proj/uppstore2019028/projects/metagenome/theo/newscripts/tmp"
catalog_type="oral_catalog"
seq_platform="illumina"
trimFasta="/proj/uppstore2019028/projects/metagenome/alienTrimmerPF8contaminants.fasta"
meteorImportScript="/proj/uppstore2019028/meteor.2019.11.04/MeteorImportFastq.rb"
meteor="/proj/uppstore2019028/projects/metagenome/software/meteor_linux_2019.11.04"
Rdir="/proj/uppstore2019028/projects/metagenome/meteor_downstream_rscripts"
reference_dir="/proj/uppstore2019028/projects/metagenome/meteor_ref"
[worksession]
meteor.reference.dir=/scratch/20427505/reference
meteor.db.type=binary
meteor.nb.attempts=3
meteor.read.cleaning.program=none
meteor.read.cleaning.cmd=
meteor.mapping.program=bowtie2
meteor.mapping.file.format=sam
meteor.is.cpu.percentage=0
meteor.cpu.count=10
meteor.checksum=md5
meteor.excluded.reference.count=3
[main_reference]
meteor.reference.name=oral_catalog
meteor.matches=10000
meteor.mismatches=5
meteor.is.perc.mismatches=1
meteor.bestalignment=1
meteor.mapper.cmd=
meteor.mapping.prefix.name=mapping_vs_oral_catalog
meteor.counting.prefix.name=vs_hs_10_4_oral_catalog
[excluded_reference_1]
meteor.reference.name=Homo_sapiens_GRCh38
meteor.matches=1
meteor.mismatches=5
meteor.is.perc.mismatches=1
meteor.bestalignment=1
meteor.mapping.prefix.name=mapping_vs_Homo_sapiens_GRCh38
[excluded_reference_2]
meteor.reference.name=A_thaliana_TAIR10
meteor.matches=1
meteor.mismatches=5
meteor.is.perc.mismatches=1
meteor.bestalignment=1
meteor.mapping.prefix.name=mapping_vs_A_thaliana_TAIR10
[excluded_reference_3]
meteor.reference.name=Bos_taurus_UMD3
meteor.matches=1
meteor.mismatches=5
meteor.is.perc.mismatches=1
meteor.bestalignment=1
meteor.mapping.prefix.name=mapping_vs_Bos_taurus_UMD3
...Fri Jun 11 14:05:07 CEST 2021: - done

...Fri Jun 11 14:05:07 CEST 2021: Parse_variables - begin

v_fastqgz1=/crex/proj/snic2020-6-153/nobackup/delivery04021/P18161/P18161_276/02-FASTQ/201104_A00187_0373_BHGM2CDSXY/P18161_276_S143_L004_R1_001.fastq.gz
v_fastqgz1_unzip=/scratch/20427505/working/P18161_276_S143_L004_R1_001.fastq.unzipped
v_fastqgz2=/crex/proj/snic2020-6-153/nobackup/delivery04021/P18161/P18161_276/02-FASTQ/201104_A00187_0373_BHGM2CDSXY/P18161_276_S143_L004_R2_001.fastq.gz
v_fastqgz2_unzip=/scratch/20427505/working/P18161_276_S143_L004_R2_001.fastq.unzipped
v_final1=/scratch/20427505/working/P18161_276_S143_L004_1.fastq
v_final2=/scratch/20427505/working/P18161_276_S143_L004_2.fastq
v_prefix=vs_hs_10_4_oral_catalog
v_project_dir=/scratch/20427505
v_refdir=/scratch/20427505/reference
v_sampledir=/scratch/20427505/oral_catalog/sample/P18161_276_S143_L004
v_trimmedS=/scratch/20427505/working/P18161_276_S143_L004.trimmed.s.fastq
v_workdir=/scratch/20427505/working
...Fri Jun 11 14:05:07 CEST 2021: Parse_variables - done
...time taken: 0

...Fri Jun 11 14:05:07 CEST 2021: Init - begin

...Fri Jun 11 14:05:07 CEST 2021: Init - done
...time taken: 0

...Fri Jun 11 14:05:07 CEST 2021: Send - begin

...Fri Jun 11 14:11:13 CEST 2021: Send - done
...time taken: 6

...Fri Jun 11 14:11:13 CEST 2021: Decompress - begin

...Fri Jun 11 14:15:00 CEST 2021: Decompress - done
...time taken: 4

...Fri Jun 11 14:15:00 CEST 2021: Trim - begin

AlienTrimmer main options: -k 10 -l 45 -m 5 -q 20 -p 40 (Phred+33)  /  439 fwd alien sequence(s)  /  7856 fwd k-mers (k=10)  /  439 rev alien sequence(s)  /  7856 rev k-mers (k=10)
[01:55]   1,000,000 read pairs processed:     613,815 trimmed (fwd:     293,511  rev:     320,304)      11,518 removed (fwd:       4,734  rev:       6,784)
[03:52]   2,000,000 read pairs processed:   1,228,085 trimmed (fwd:     578,411  rev:     649,674)      22,398 removed (fwd:       8,788  rev:      13,610)
[05:47]   3,000,000 read pairs processed:   1,839,241 trimmed (fwd:     867,201  rev:     972,040)      33,319 removed (fwd:      12,987  rev:      20,332)
[07:43]   4,000,000 read pairs processed:   2,439,767 trimmed (fwd:   1,147,738  rev:   1,292,029)      44,078 removed (fwd:      17,183  rev:      26,895)
[09:38]   5,000,000 read pairs processed:   3,057,492 trimmed (fwd:   1,435,712  rev:   1,621,780)      55,087 removed (fwd:      21,303  rev:      33,784)
[11:33]   6,000,000 read pairs processed:   3,654,309 trimmed (fwd:   1,715,887  rev:   1,938,422)      65,754 removed (fwd:      25,413  rev:      40,341)
[13:29]   7,000,000 read pairs processed:   4,264,679 trimmed (fwd:   1,997,337  rev:   2,267,342)      76,418 removed (fwd:      29,447  rev:      46,971)
[15:26]   8,000,000 read pairs processed:   4,855,902 trimmed (fwd:   2,275,960  rev:   2,579,942)      86,745 removed (fwd:      33,598  rev:      53,147)
[17:22]   9,000,000 read pairs processed:   5,456,098 trimmed (fwd:   2,553,336  rev:   2,902,762)      97,231 removed (fwd:      37,585  rev:      59,646)
[19:20]  10,000,000 read pairs processed:   6,056,440 trimmed (fwd:   2,834,852  rev:   3,221,588)     107,546 removed (fwd:      41,617  rev:      65,929)
[21:16]  11,000,000 read pairs processed:   6,659,582 trimmed (fwd:   3,113,853  rev:   3,545,729)     117,785 removed (fwd:      45,630  rev:      72,155)
[23:12]  12,000,000 read pairs processed:   7,260,728 trimmed (fwd:   3,397,972  rev:   3,862,756)     128,562 removed (fwd:      49,841  rev:      78,721)
[25:09]  13,000,000 read pairs processed:   7,851,178 trimmed (fwd:   3,678,992  rev:   4,172,186)     139,235 removed (fwd:      54,138  rev:      85,097)
[27:05]  14,000,000 read pairs processed:   8,505,889 trimmed (fwd:   3,983,724  rev:   4,522,165)     150,352 removed (fwd:      58,207  rev:      92,145)
