...Fri Jun 11 13:32:00 CEST 2021: - begin running script
#!/bin/bash -l
#SBATCH --account=snic2021-5-248
#SBATCH --partition=core
#SBATCH --ntasks=10
#SBATCH --time=2-06:00:00
#SBATCH --job-name=FMT_last_batch
##SBATCH --output=%j 
##SBATCH --mail-user=zn.tportlock@gmail.com
##SBATCH --mail-type=ALL

function Run {
	start=$(date +%M)
	echo "...$(date): $1 - begin"; echo ""
	$@ \
	&& (echo "...$(date): $1 - done") \
	|| (echo "...$(date): $1 - failed")
	end=$(date +%M)
	echo "...time taken: $((end-start))"; echo ""
}
function Parse_variables {
	sampleId=$(basename $sample .fastq.gz)
	v_project_dir="$TMPDIR"
	v_prefix=$( grep "meteor.counting.prefix.name" $ini_file | sed "s/^.*=//g" )
	v_workdir="${v_project_dir}/working"
	v_refdir="${v_project_dir}/reference"
	v_fastqgz1="$(readlink -f $seq_data_dir/${sample}${forward_identifier})"
	v_fastqgz2="$(readlink -f $seq_data_dir/${sample}${reverse_identifier})"
	v_fastqgz1_unzip="${v_workdir}/$(basename $v_fastqgz1 .gz).unzipped"
	v_fastqgz2_unzip="${v_workdir}/$(basename $v_fastqgz2 .gz).unzipped"
	v_trimmedS="${v_workdir}/${sampleId}.trimmed.s.fastq"
	v_final1="${v_workdir}/${sampleId}_1.fastq"
	v_final2="${v_workdir}/${sampleId}_2.fastq"
	v_sampledir="${v_project_dir}/${catalog_type}/sample/${sampleId}"
	vars="$(compgen -A variable | grep "^v_.*")"
	for var in ${vars}; do echo "${var}=${!var}"; done
	for var in ${vars}; do if [[ -z "${!var}" ]]; then echo "missing argument ${var}" ; return 1 ; fi ; done
}
function Init {
	mkdir -p ${v_project_dir}/${catalog_type}/{sample,mapping,profiles}
	mkdir -p ${v_workdir}
	mkdir -p ${v_refdir}
}
function Send {
	cp $v_fastqgz1 $v_workdir
	cp $v_fastqgz2 $v_workdir
	cp -r ${reference_dir}/* $v_refdir
	cp -r $trimFasta $v_project_dir
}
function Decompress {
	zcat ${v_workdir}/$(basename $v_fastqgz1) > $v_fastqgz1_unzip & pid1=$!
	zcat ${v_workdir}/$(basename $v_fastqgz2) > $v_fastqgz2_unzip & pid2=$!
	trap "kill -2 $pid1 $pid2" SIGINT
	wait
}
function Trim {
	[[ -f $v_fastqgz1_unzip && -f $v_fastqgz2_unzip ]] \
	|| (echo "zip file not found" ; return 1 )
	java -jar ${ALIEN_TRIMMER}/AlienTrimmer.jar \
		-k 10 -l 45 -m 5 -p 40 -q 20 \
		-if ${v_fastqgz1_unzip} -ir ${v_fastqgz2_unzip} -c $TMPDIR/$(basename $trimFasta) \
		-of ${v_final1} -or ${v_final2} -os ${v_trimmedS} \
	|| return 1
}
function Import {
	[[ -f $v_final1 && -f $v_final2 ]] \
	|| (echo "trimmed files not found" ; return 1 )
	mv ${v_final1} ${v_final2} ${v_project_dir}/${catalog_type}/sample &&
	rm -r ${v_workdir}
	ruby ${meteorImportScript} \
		-i ${v_project_dir}/${catalog_type}/sample \
		-p ${catalog_type} \
		-t ${seq_platform} \
		-m "${sampleId}*" \
	|| return 1
}
function Map_reads {
	ruby ${meteor}/meteor.rb \
		-w ${ini_file} \
		-i ${v_sampledir} \
		-p ${v_project_dir}/${catalog_type} \
		-o mapping \
	|| return 1
}
function Quantify {
	${meteor}/meteor-profiler \
		-p ${v_project_dir}/${catalog_type} \
		-f ${v_project_dir}/${catalog_type}/profiles \
		-t smart_shared_reads \
		-w ${ini_file} \
		-o ${sampleId} ${v_project_dir}/${catalog_type}/mapping/${sampleId}/${sampleId}_${v_prefix}_gene_profile/census.dat \
	&& rm -r ${v_project_dir}/${catalog_type}/mapping/${sampleId} \
	|| return 1
}
function Recover {
	rsync -aurvP --remove-source-files $v_project_dir/ $project_dir_rel
}

Main() {
	Run Parse_variables &&
	Run Init &&
	Run Send &&
	Run Decompress &&
	Run Trim &&
	Run Import &&
	Run Map_reads &&
	Run Quantify &&
	Run Recover
}

echo "...$(date): - begin running script"
cat $0
echo ""

# Load modules
echo "...$(date): - load modules"
module load bioinfo-tools
module load ruby/2.6.2
module load AlienTrimmer/0.4.0
module load bowtie2/2.3.4.1
echo "...$(date): - done"; echo "" 

# Load ini file
echo "...$(date): - load ini file"
echo $TMPDIR/$(basename $1)
sed "s|meteor.reference.dir=.*|meteor.reference.dir=$TMPDIR/reference|g" $1 > $TMPDIR/$(basename $1)
ini_file=$TMPDIR/$(basename $1)
source $ini_file > /dev/null 2>&1
cat $ini_file
echo "...$(date): - done"; echo "" 

# Run
Main

...Fri Jun 11 13:32:00 CEST 2021: - load modules
Bowtie2 looks for the specified index first in the current directory, then in the directory specified in the BOWTIE2_INDEXES environment variable.
The pregenerated indexes for the reference genonomes are placed under /sw/data/reference/*/*/program_files/bowtie2 for each reference genome
...Fri Jun 11 13:32:06 CEST 2021: - done

...Fri Jun 11 13:32:06 CEST 2021: - load ini file
/scratch/20427499/P18161_270_S137_L004.ini
[Pipeline]
sample=P18161_270/02-FASTQ/201104_A00187_0373_BHGM2CDSXY/P18161_270_S137_L004
forward_identifier="_R1_001.fastq.gz"
reverse_identifier="_R2_001.fastq.gz"
seq_data_dir="/proj/snic2020-6-153/delivery04021/P18161"
project_dir_rel="/proj/uppstore2019028/projects/metagenome/theo/newscripts/tmp"
catalog_type="oral_catalog"
seq_platform="illumina"
trimFasta="/proj/uppstore2019028/projects/metagenome/alienTrimmerPF8contaminants.fasta"
meteorImportScript="/proj/uppstore2019028/meteor.2019.11.04/MeteorImportFastq.rb"
meteor="/proj/uppstore2019028/projects/metagenome/software/meteor_linux_2019.11.04"
Rdir="/proj/uppstore2019028/projects/metagenome/meteor_downstream_rscripts"
reference_dir="/proj/uppstore2019028/projects/metagenome/meteor_ref"
[worksession]
meteor.reference.dir=/scratch/20427499/reference
meteor.db.type=binary
meteor.nb.attempts=3
meteor.read.cleaning.program=none
meteor.read.cleaning.cmd=
meteor.mapping.program=bowtie2
meteor.mapping.file.format=sam
meteor.is.cpu.percentage=0
meteor.cpu.count=10
meteor.checksum=md5
meteor.excluded.reference.count=3
[main_reference]
meteor.reference.name=oral_catalog
meteor.matches=10000
meteor.mismatches=5
meteor.is.perc.mismatches=1
meteor.bestalignment=1
meteor.mapper.cmd=
meteor.mapping.prefix.name=mapping_vs_oral_catalog
meteor.counting.prefix.name=vs_hs_10_4_oral_catalog
[excluded_reference_1]
meteor.reference.name=Homo_sapiens_GRCh38
meteor.matches=1
meteor.mismatches=5
meteor.is.perc.mismatches=1
meteor.bestalignment=1
meteor.mapping.prefix.name=mapping_vs_Homo_sapiens_GRCh38
[excluded_reference_2]
meteor.reference.name=A_thaliana_TAIR10
meteor.matches=1
meteor.mismatches=5
meteor.is.perc.mismatches=1
meteor.bestalignment=1
meteor.mapping.prefix.name=mapping_vs_A_thaliana_TAIR10
[excluded_reference_3]
meteor.reference.name=Bos_taurus_UMD3
meteor.matches=1
meteor.mismatches=5
meteor.is.perc.mismatches=1
meteor.bestalignment=1
meteor.mapping.prefix.name=mapping_vs_Bos_taurus_UMD3
...Fri Jun 11 13:32:07 CEST 2021: - done

...Fri Jun 11 13:32:07 CEST 2021: Parse_variables - begin

v_fastqgz1=/crex/proj/snic2020-6-153/nobackup/delivery04021/P18161/P18161_270/02-FASTQ/201104_A00187_0373_BHGM2CDSXY/P18161_270_S137_L004_R1_001.fastq.gz
v_fastqgz1_unzip=/scratch/20427499/working/P18161_270_S137_L004_R1_001.fastq.unzipped
v_fastqgz2=/crex/proj/snic2020-6-153/nobackup/delivery04021/P18161/P18161_270/02-FASTQ/201104_A00187_0373_BHGM2CDSXY/P18161_270_S137_L004_R2_001.fastq.gz
v_fastqgz2_unzip=/scratch/20427499/working/P18161_270_S137_L004_R2_001.fastq.unzipped
v_final1=/scratch/20427499/working/P18161_270_S137_L004_1.fastq
v_final2=/scratch/20427499/working/P18161_270_S137_L004_2.fastq
v_prefix=vs_hs_10_4_oral_catalog
v_project_dir=/scratch/20427499
v_refdir=/scratch/20427499/reference
v_sampledir=/scratch/20427499/oral_catalog/sample/P18161_270_S137_L004
v_trimmedS=/scratch/20427499/working/P18161_270_S137_L004.trimmed.s.fastq
v_workdir=/scratch/20427499/working
...Fri Jun 11 13:32:07 CEST 2021: Parse_variables - done
...time taken: 0

...Fri Jun 11 13:32:07 CEST 2021: Init - begin

...Fri Jun 11 13:32:07 CEST 2021: Init - done
...time taken: 0

...Fri Jun 11 13:32:07 CEST 2021: Send - begin

...Fri Jun 11 13:38:25 CEST 2021: Send - done
...time taken: 6

...Fri Jun 11 13:38:25 CEST 2021: Decompress - begin

...Fri Jun 11 13:41:00 CEST 2021: Decompress - done
...time taken: 3

...Fri Jun 11 13:41:00 CEST 2021: Trim - begin

AlienTrimmer main options: -k 10 -l 45 -m 5 -q 20 -p 40 (Phred+33)  /  439 fwd alien sequence(s)  /  7856 fwd k-mers (k=10)  /  439 rev alien sequence(s)  /  7856 rev k-mers (k=10)
[02:20]   1,000,000 read pairs processed:     912,752 trimmed (fwd:     446,122  rev:     466,630)      57,622 removed (fwd:      29,420  rev:      28,202)
[04:39]   2,000,000 read pairs processed:   1,822,134 trimmed (fwd:     885,618  rev:     936,516)     113,532 removed (fwd:      56,858  rev:      56,674)
[06:57]   3,000,000 read pairs processed:   2,720,600 trimmed (fwd:   1,322,829  rev:   1,397,771)     168,459 removed (fwd:      84,232  rev:      84,227)
[09:17]   4,000,000 read pairs processed:   3,631,758 trimmed (fwd:   1,763,820  rev:   1,867,938)     224,338 removed (fwd:     111,533  rev:     112,805)
[11:35]   5,000,000 read pairs processed:   4,529,689 trimmed (fwd:   2,198,695  rev:   2,330,994)     279,068 removed (fwd:     138,211  rev:     140,857)
[13:53]   6,000,000 read pairs processed:   5,430,159 trimmed (fwd:   2,635,602  rev:   2,794,557)     333,979 removed (fwd:     164,897  rev:     169,082)
[16:11]   7,000,000 read pairs processed:   6,327,013 trimmed (fwd:   3,069,434  rev:   3,257,579)     388,608 removed (fwd:     191,345  rev:     197,263)
[18:32]   8,000,000 read pairs processed:   7,226,427 trimmed (fwd:   3,506,150  rev:   3,720,277)     443,188 removed (fwd:     218,115  rev:     225,073)
[20:52]   9,000,000 read pairs processed:   8,127,867 trimmed (fwd:   3,940,133  rev:   4,187,734)     498,323 removed (fwd:     244,999  rev:     253,324)
[23:12]  10,000,000 read pairs processed:   9,024,683 trimmed (fwd:   4,380,989  rev:   4,643,694)     553,134 removed (fwd:     272,619  rev:     280,515)
[25:33]  11,000,000 read pairs processed:   9,955,145 trimmed (fwd:   4,831,452  rev:   5,123,693)     610,082 removed (fwd:     300,659  rev:     309,423)
[27:54]  12,000,000 read pairs processed:  10,942,924 trimmed (fwd:   5,308,592  rev:   5,634,332)     674,130 removed (fwd:     332,705  rev:     341,425)
[30:16]  13,000,000 read pairs processed:  11,912,171 trimmed (fwd:   5,775,924  rev:   6,136,247)     736,212 removed (fwd:     363,678  rev:     372,534)
[32:37]  14,000,000 read pairs processed:  12,870,943 trimmed (fwd:   6,237,510  rev:   6,633,433)     798,849 removed (fwd:     394,704  rev:     404,145)
[34:56]  15,000,000 read pairs processed:  13,824,830 trimmed (fwd:   6,700,693  rev:   7,124,137)     860,365 removed (fwd:     425,232  rev:     435,133)
[37:16]  16,000,000 read pairs processed:  14,773,539 trimmed (fwd:   7,159,242  rev:   7,614,297)     923,079 removed (fwd:     456,002  rev:     467,077)
[39:35]  17,000,000 read pairs processed:  15,714,102 trimmed (fwd:   7,615,943  rev:   8,098,159)     984,126 removed (fwd:     486,266  rev:     497,860)
[41:55]  18,000,000 read pairs processed:  16,657,934 trimmed (fwd:   8,072,514  rev:   8,585,420)   1,046,138 removed (fwd:     516,535  rev:     529,603)
[44:15]  19,000,000 read pairs processed:  17,599,397 trimmed (fwd:   8,530,509  rev:   9,068,888)   1,107,044 removed (fwd:     546,656  rev:     560,388)
[47:12]  20,000,000 read pairs processed:  18,558,295 trimmed (fwd:   8,995,257  rev:   9,563,038)   1,170,518 removed (fwd:     578,748  rev:     591,770)
[49:31]  21,000,000 read pairs processed:  19,509,535 trimmed (fwd:   9,456,610  rev:  10,052,925)   1,232,787 removed (fwd:     609,749  rev:     623,038)
[50:05]  21,238,512 read pairs processed:  19,734,398 trimmed (fwd:   9,565,170  rev:  10,169,228)   1,247,699 removed (fwd:     616,964  rev:     630,735)
...Fri Jun 11 14:31:07 CEST 2021: Trim - done
...time taken: -10

...Fri Jun 11 14:31:07 CEST 2021: Import - begin

ruby: warning: shebang line ending with \r may cause problems
Import /scratch/20427499/oral_catalog/sample/P18161_270_S137_L004_2.fastq
Import /scratch/20427499/oral_catalog/sample/P18161_270_S137_L004_1.fastq
Importation done!
...Fri Jun 11 14:31:11 CEST 2021: Import - done
...time taken: 0

...Fri Jun 11 14:31:11 CEST 2021: Map_reads - begin

/proj/uppstore2019028/projects/metagenome/software/meteor_linux_2019.11.04/meteor.rb:146: warning: constant ::Fixnum is deprecated
/proj/uppstore2019028/projects/metagenome/software/meteor_linux_2019.11.04/meteor.rb:161: warning: Insecure world writable dir /proj/uppstore2019028/Helen/meteor-linux.2019-11-04 in PATH, mode 042777

Launch mapping


######### Meteor Mapping task description
Sample name = P18161_270_S137_L004
Library name = P18161_270_S137_L004_1
Project name = oral_catalog
Sequencing device = illumina
Workflow = P18161_270_S137_L004.ini

######### Task main mapping 0
Executing mapping command:
bowtie2-align-l --mm -p 10 --end-to-end --sensitive -k 10000 --no-head --no-sq --no-unal --omit-sec-seq -x /scratch/20427499/reference/oral_catalog/fasta/oral_catalog_dnaspace_index -U /scratch/20427499/oral_catalog/sample/P18161_270_S137_L004/93652b48289625b140baa6c42e95b000/P18161_270_S137_L004_1.fastq.idx -S /scratch/20427499/oral_catalog/mapping/P18161_270_S137_L004/mapping_vs_oral_catalog_P18161_270_S137_L004_1/P18161_270_S137_L004_1_1.sam
