...Thu Jun 10 13:41:57 CEST 2021: - begin running script
#!/bin/bash -l
#SBATCH --account=snic2021-5-248
#SBATCH --partition=core
#SBATCH --ntasks=10
#SBATCH --time=2-04:00:00
#SBATCH --job-name=Meteor
#SBATCH --mail-user=zn.tportlock@gmail.com
#SBATCH --mail-type=ALL
##SBATCH --output=/proj/uppstore2019028/projects/metagenome/theo/newscripts/meteor/logs/%j 

function Run {
	start=$(date +%m)
	echo "...$(date): $1 - begin"; echo ""
	$@ \
	&& (echo "...$(date): $1 - done"; echo "") \
	|| (echo "...$(date): $1 - failed"; echo "")
	end=$(date +%s)
	echo "...time taken: $((end-start))"; echo ""
}
function Parse_variables {
	v_project_dir="$TMPDIR"
	v_workdir="${v_project_dir}/working"
	v_refdir="${v_project_dir}/reference"
	v_fastqgz1="$(readlink -f ${fastqgzs[0]})"
	v_fastqgz2="$(readlink -f ${fastqgzs[1]})"
	v_fastqgz1_unzip="${v_workdir}/$(basename $v_fastqgz1 .gz).unzipped"
	v_fastqgz2_unzip="${v_workdir}/$(basename $v_fastqgz2 .gz).unzipped"
	v_trimmedS="${v_workdir}/${sampleId}.trimmed.s.fastq"
	v_final1="${v_workdir}/${sampleId}_1.fastq"
	v_final2="${v_workdir}/${sampleId}_2.fastq"
	v_sampledir="${v_project_dir}/${catalog_type}/sample/${sampleId}"
	v_downstream_dir="$v_project_dir/Downstream"
	vars="$(compgen -A variable | grep "^v_.*")"
	for var in ${vars}; do echo "${var}=${!var}"; done
	for var in ${vars}; do if [[ -z "${!var}" ]]; then echo "missing argument ${var}" ; return 1 ; fi ; done
}
function Init {
	mkdir -p ${v_project_dir}/${catalog_type}/{sample,mapping,profiles}
	mkdir -p ${v_workdir}
	mkdir -p ${v_refdir}
}
function Send {
	cp $v_fastqgz1 $v_workdir
	cp $v_fastqgz2 $v_workdir
	cp -r ${reference_dir}/* $v_refdir
	cp -r $trimFasta $v_project_dir
}
function Decompress {
	zcat ${v_workdir}/$(basename $v_fastqgz1) > $v_fastqgz1_unzip & pid1=$!
	zcat ${v_workdir}/$(basename $v_fastqgz2) > $v_fastqgz2_unzip & pid2=$!
	trap "kill -2 $pid1 $pid2" SIGINT
	wait
}
function Trim {
	[[ -f $v_fastqgz1_unzip && -f $v_fastqgz2_unzip ]] \
	|| (echo "zip file not found" ; return 1 )
	java -jar ${ALIEN_TRIMMER}/AlienTrimmer.jar \
		-k 10 -l 45 -m 5 -p 40 -q 20 \
		-if ${v_fastqgz1_unzip} -ir ${v_fastqgz2_unzip} -c $TMPDIR/$(basename $trimFasta) \
		-of ${v_final1} -or ${v_final2} -os ${v_trimmedS} \
	|| return 1
}
function Import {
	[[ -f $v_final1 && -f $v_final2 ]] \
	|| (echo "trimmed files not found" ; return 1 )
	mv ${v_final1} ${v_final2} ${v_project_dir}/${catalog_type}/sample &&
	rm -r ${v_workdir}
	ruby ${meteorImportScript} \
		-i ${v_project_dir}/${catalog_type}/sample \
		-p ${catalog_type} \
		-t ${seq_platform} \
		-m "${sampleId}*" \
	|| return 1
}
function Map_reads {
	ruby ${meteor}/meteor.rb \
		-w ${ini_file} \
		-i ${v_sampledir} \
		-p ${v_project_dir}/${catalog_type} \
		-o mapping \
	|| return 1
}
function Quantify {
	${meteor}/meteor-profiler \
		-p ${v_project_dir}/${catalog_type} \
		-f ${v_project_dir}/${catalog_type}/profiles \
		-t smart_shared_reads \
		-w ${ini_file} \
		-o ${sampleId} ${v_project_dir}/${catalog_type}/mapping/${sampleId}/${sampleId}_${v_prefix}_gene_profile/census.dat \
	&& rm -r ${v_project_dir}/${catalog_type}/mapping/${sampleId} \
	|| return 1
}
function Recover {
	rsync -aurvP --remove-source-files $v_project_dir/ $project_dir_rel
}

Main() {
	sampleId=$(basename $1 .fastq.gz)
	fastqgzs+=("$2")
	fastqgzs+=("$3")

	Run Parse_variables &&
	Run Init &&
	Run Send &&
	Run Decompress &&
	Run Trim &&
	Run Import &&
	Run Map_reads &&
	Run Quantify &&
	Run Recover
}

echo "...$(date): - begin running script"
cat $0
echo ""

# Load modules
echo "...$(date): - load modules"
module load bioinfo-tools
module load ruby/2.6.2
module load AlienTrimmer/0.4.0
module load bowtie2/2.3.4.1
echo "...$(date): - done"; echo "" 

# Load ini file
echo "...$(date): - load ini file"
sed -i "s|meteor.reference.dir=.*|meteor.reference.dir=$TMPDIR/reference|g" $1
ini_file=$1
source $ini_file > /dev/null 2>&1
v_prefix=$( grep "meteor.counting.prefix.name" $ini_file | sed "s/^.*=//g" )
cat $ini_file
echo "...$(date): - done"; echo "" 

# Run meteor
Main $sample $seq_data_dir/${sample}${forward_identifier} $seq_data_dir/${sample}${reverse_identifier}

...Thu Jun 10 13:41:57 CEST 2021: - load modules
Bowtie2 looks for the specified index first in the current directory, then in the directory specified in the BOWTIE2_INDEXES environment variable.
The pregenerated indexes for the reference genonomes are placed under /sw/data/reference/*/*/program_files/bowtie2 for each reference genome
...Thu Jun 10 13:42:08 CEST 2021: - done

...Thu Jun 10 13:42:08 CEST 2021: - load ini file
[Pipeline]
sample=P18161_240/02-FASTQ/201104_A00187_0373_BHGM2CDSXY/P18161_240_S111_L004
forward_identifier="_R1_001.fastq.gz"
reverse_identifier="_R2_001.fastq.gz"
seq_data_dir="/proj/snic2020-6-153/delivery04021/P18161"
project_dir_rel="/proj/uppstore2019028/projects/metagenome/theo/newscripts/tmp"
catalog_type="oral_catalog"
seq_platform="illumina"
trimFasta="/proj/uppstore2019028/projects/metagenome/alienTrimmerPF8contaminants.fasta"
meteorImportScript="/proj/uppstore2019028/meteor.2019.11.04/MeteorImportFastq.rb"
meteor="/proj/uppstore2019028/projects/metagenome/software/meteor_linux_2019.11.04"
Rdir="/proj/uppstore2019028/projects/metagenome/meteor_downstream_rscripts"
reference_dir="/proj/uppstore2019028/projects/metagenome/meteor_ref"
[worksession]
meteor.reference.dir=/scratch/20410273/reference
meteor.db.type=binary
meteor.nb.attempts=3
meteor.read.cleaning.program=none
meteor.read.cleaning.cmd=
meteor.mapping.program=bowtie2
meteor.mapping.file.format=sam
meteor.is.cpu.percentage=0
meteor.cpu.count=10
meteor.checksum=md5
meteor.excluded.reference.count=3
[main_reference]
meteor.reference.name=oral_catalog
meteor.matches=10000
meteor.mismatches=5
meteor.is.perc.mismatches=1
meteor.bestalignment=1
meteor.mapper.cmd=
meteor.mapping.prefix.name=mapping_vs_oral_catalog
meteor.counting.prefix.name=vs_hs_10_4_oral_catalog
[excluded_reference_1]
meteor.reference.name=Homo_sapiens_GRCh38
meteor.matches=1
meteor.mismatches=5
meteor.is.perc.mismatches=1
meteor.bestalignment=1
meteor.mapping.prefix.name=mapping_vs_Homo_sapiens_GRCh38
[excluded_reference_2]
meteor.reference.name=A_thaliana_TAIR10
meteor.matches=1
meteor.mismatches=5
meteor.is.perc.mismatches=1
meteor.bestalignment=1
meteor.mapping.prefix.name=mapping_vs_A_thaliana_TAIR10
[excluded_reference_3]
meteor.reference.name=Bos_taurus_UMD3
meteor.matches=1
meteor.mismatches=5
meteor.is.perc.mismatches=1
meteor.bestalignment=1
meteor.mapping.prefix.name=mapping_vs_Bos_taurus_UMD3
...Thu Jun 10 13:42:08 CEST 2021: - done

...Thu Jun 10 13:42:08 CEST 2021: Parse_variables - begin

v_downstream_dir=/scratch/20410273/Downstream
v_fastqgz1=/crex/proj/snic2020-6-153/nobackup/delivery04021/P18161/P18161_240/02-FASTQ/201104_A00187_0373_BHGM2CDSXY/P18161_240_S111_L004_R1_001.fastq.gz
v_fastqgz1_unzip=/scratch/20410273/working/P18161_240_S111_L004_R1_001.fastq.unzipped
v_fastqgz2=/crex/proj/snic2020-6-153/nobackup/delivery04021/P18161/P18161_240/02-FASTQ/201104_A00187_0373_BHGM2CDSXY/P18161_240_S111_L004_R2_001.fastq.gz
v_fastqgz2_unzip=/scratch/20410273/working/P18161_240_S111_L004_R2_001.fastq.unzipped
v_final1=/scratch/20410273/working/P18161_240_S111_L004_1.fastq
v_final2=/scratch/20410273/working/P18161_240_S111_L004_2.fastq
v_prefix=vs_hs_10_4_oral_catalog
v_project_dir=/scratch/20410273
v_refdir=/scratch/20410273/reference
v_sampledir=/scratch/20410273/oral_catalog/sample/P18161_240_S111_L004
v_trimmedS=/scratch/20410273/working/P18161_240_S111_L004.trimmed.s.fastq
v_workdir=/scratch/20410273/working
...Thu Jun 10 13:42:08 CEST 2021: Parse_variables - done

...time taken: 1623325322

...Thu Jun 10 13:42:08 CEST 2021: Init - begin

...Thu Jun 10 13:42:08 CEST 2021: Init - done

...time taken: 1623325322

...Thu Jun 10 13:42:08 CEST 2021: Send - begin

...Thu Jun 10 13:57:35 CEST 2021: Send - done

...time taken: 1623326249

...Thu Jun 10 13:57:35 CEST 2021: Decompress - begin

...Thu Jun 10 14:07:24 CEST 2021: Decompress - done

...time taken: 1623326838

...Thu Jun 10 14:07:24 CEST 2021: Trim - begin

AlienTrimmer main options: -k 10 -l 45 -m 5 -q 20 -p 40 (Phred+33)  /  439 fwd alien sequence(s)  /  7856 fwd k-mers (k=10)  /  439 rev alien sequence(s)  /  7856 rev k-mers (k=10)
[01:59]   1,000,000 read pairs processed:     636,306 trimmed (fwd:     304,585  rev:     331,721)      11,730 removed (fwd:       4,225  rev:       7,505)
[03:56]   2,000,000 read pairs processed:   1,270,931 trimmed (fwd:     600,653  rev:     670,278)      23,034 removed (fwd:       8,063  rev:      14,971)
[05:49]   3,000,000 read pairs processed:   1,902,879 trimmed (fwd:     901,021  rev:   1,001,858)      34,420 removed (fwd:      12,044  rev:      22,376)
[07:43]   4,000,000 read pairs processed:   2,527,284 trimmed (fwd:   1,193,820  rev:   1,333,464)      45,285 removed (fwd:      15,795  rev:      29,490)
[09:36]   5,000,000 read pairs processed:   3,164,043 trimmed (fwd:   1,493,828  rev:   1,670,215)      56,385 removed (fwd:      19,585  rev:      36,800)
[11:29]   6,000,000 read pairs processed:   3,785,539 trimmed (fwd:   1,786,106  rev:   1,999,433)      67,242 removed (fwd:      23,353  rev:      43,889)
[13:26]   7,000,000 read pairs processed:   4,415,532 trimmed (fwd:   2,080,663  rev:   2,334,869)      78,068 removed (fwd:      26,934  rev:      51,134)
[15:20]   8,000,000 read pairs processed:   5,031,896 trimmed (fwd:   2,371,192  rev:   2,660,704)      88,537 removed (fwd:      30,643  rev:      57,894)
[17:15]   9,000,000 read pairs processed:   5,659,016 trimmed (fwd:   2,663,263  rev:   2,995,753)      99,265 removed (fwd:      34,174  rev:      65,091)
[19:07]  10,000,000 read pairs processed:   6,282,171 trimmed (fwd:   2,956,461  rev:   3,325,710)     109,913 removed (fwd:      37,976  rev:      71,937)
[21:02]  11,000,000 read pairs processed:   6,906,654 trimmed (fwd:   3,246,649  rev:   3,660,005)     120,306 removed (fwd:      41,491  rev:      78,815)
[22:59]  12,000,000 read pairs processed:   7,528,227 trimmed (fwd:   3,544,709  rev:   3,983,518)     131,417 removed (fwd:      45,526  rev:      85,891)
[24:51]  13,000,000 read pairs processed:   8,139,342 trimmed (fwd:   3,835,067  rev:   4,304,275)     142,153 removed (fwd:      49,397  rev:      92,756)
[26:46]  14,000,000 read pairs processed:   8,873,306 trimmed (fwd:   4,178,553  rev:   4,694,753)     154,920 removed (fwd:      53,399  rev:     101,521)
[28:45]  15,000,000 read pairs processed:   9,586,327 trimmed (fwd:   4,512,922  rev:   5,073,405)     167,510 removed (fwd:      57,682  rev:     109,828)
[30:41]  16,000,000 read pairs processed:  10,305,519 trimmed (fwd:   4,848,198  rev:   5,457,321)     179,269 removed (fwd:      61,762  rev:     117,507)
[32:38]  17,000,000 read pairs processed:  11,009,833 trimmed (fwd:   5,173,968  rev:   5,835,865)     190,808 removed (fwd:      65,829  rev:     124,979)
[34:32]  18,000,000 read pairs processed:  11,697,286 trimmed (fwd:   5,494,981  rev:   6,202,305)     202,324 removed (fwd:      69,978  rev:     132,346)
[36:26]  19,000,000 read pairs processed:  12,382,740 trimmed (fwd:   5,816,618  rev:   6,566,122)     213,963 removed (fwd:      74,188  rev:     139,775)
[38:24]  20,000,000 read pairs processed:  13,055,866 trimmed (fwd:   6,129,499  rev:   6,926,367)     225,075 removed (fwd:      78,081  rev:     146,994)
[40:16]  21,000,000 read pairs processed:  13,725,465 trimmed (fwd:   6,442,053  rev:   7,283,412)     236,193 removed (fwd:      82,213  rev:     153,980)
[42:14]  22,000,000 read pairs processed:  14,394,609 trimmed (fwd:   6,752,656  rev:   7,641,953)     247,058 removed (fwd:      85,980  rev:     161,078)
[44:09]  23,000,000 read pairs processed:  15,069,658 trimmed (fwd:   7,071,767  rev:   7,997,891)     258,592 removed (fwd:      90,244  rev:     168,348)
[46:03]  24,000,000 read pairs processed:  15,740,994 trimmed (fwd:   7,385,172  rev:   8,355,822)     269,700 removed (fwd:      94,140  rev:     175,560)
[48:37]  25,000,000 read pairs processed:  16,452,381 trimmed (fwd:   7,720,144  rev:   8,732,237)     281,594 removed (fwd:      98,539  rev:     183,055)
[50:33]  26,000,000 read pairs processed:  17,121,667 trimmed (fwd:   8,031,654  rev:   9,090,013)     292,656 removed (fwd:     102,628  rev:     190,028)
[50:37]  26,039,529 read pairs processed:  17,148,083 trimmed (fwd:   8,044,000  rev:   9,104,083)     293,118 removed (fwd:     102,792  rev:     190,326)
...Thu Jun 10 14:58:03 CEST 2021: Trim - done

...time taken: 1623329877

...Thu Jun 10 14:58:03 CEST 2021: Import - begin

ruby: warning: shebang line ending with \r may cause problems
Import /scratch/20410273/oral_catalog/sample/P18161_240_S111_L004_2.fastq
Import /scratch/20410273/oral_catalog/sample/P18161_240_S111_L004_1.fastq
Importation done!
...Thu Jun 10 14:58:07 CEST 2021: Import - done

...time taken: 1623329881

...Thu Jun 10 14:58:07 CEST 2021: Map_reads - begin

/proj/uppstore2019028/projects/metagenome/software/meteor_linux_2019.11.04/meteor.rb:146: warning: constant ::Fixnum is deprecated
/proj/uppstore2019028/projects/metagenome/software/meteor_linux_2019.11.04/meteor.rb:161: warning: Insecure world writable dir /proj/uppstore2019028/Helen/meteor-linux.2019-11-04 in PATH, mode 042777

Launch mapping


######### Meteor Mapping task description
Sample name = P18161_240_S111_L004
Library name = P18161_240_S111_L004_1
Project name = oral_catalog
Sequencing device = illumina
Workflow = P18161_240_S111_L004.ini

######### Task main mapping 0
Executing mapping command:
bowtie2-align-l --mm -p 10 --end-to-end --sensitive -k 10000 --no-head --no-sq --no-unal --omit-sec-seq -x /scratch/20410273/reference/oral_catalog/fasta/oral_catalog_dnaspace_index -U /scratch/20410273/oral_catalog/sample/P18161_240_S111_L004/f1fbb6d59f047a04cc638931924ac788/P18161_240_S111_L004_1.fastq.idx -S /scratch/20410273/oral_catalog/mapping/P18161_240_S111_L004/mapping_vs_oral_catalog_P18161_240_S111_L004_1/P18161_240_S111_L004_1_1.sam
25764860 reads; of these:
  25764860 (100.00%) were unpaired; of these:
    20679937 (80.26%) aligned 0 times
    1244343 (4.83%) aligned exactly 1 time
    3840580 (14.91%) aligned >1 times
19.74% overall alignment rate

######### TaskExcludedMapping(0, 1) ; reference name: Homo_sapiens_GRCh38
Executing mapping command:
bowtie2-align-l --mm -p 10 --end-to-end --sensitive -k 1 --no-head --no-sq --no-unal --omit-sec-seq -x /scratch/20410273/reference/Homo_sapiens_GRCh38/fasta/Homo_sapiens_GRCh38_dnaspace_index -U /scratch/20410273/oral_catalog/sample/P18161_240_S111_L004/f1fbb6d59f047a04cc638931924ac788/P18161_240_S111_L004_1.fastq.idx -S /scratch/20410273/oral_catalog/mapping/P18161_240_S111_L004/mapping_vs_Homo_sapiens_GRCh38_P18161_240_S111_L004_1/P18161_240_S111_L004_1_1.sam
25764860 reads; of these:
  25764860 (100.00%) were unpaired; of these:
    3624590 (14.07%) aligned 0 times
    22140270 (85.93%) aligned exactly 1 time
    0 (0.00%) aligned >1 times
85.93% overall alignment rate

######### TaskExcludedMapping(0, 2) ; reference name: A_thaliana_TAIR10
Executing mapping command:
bowtie2-align-l --mm -p 10 --end-to-end --sensitive -k 1 --no-head --no-sq --no-unal --omit-sec-seq -x /scratch/20410273/reference/A_thaliana_TAIR10/fasta/A_thaliana_TAIR10_dnaspace_index -U /scratch/20410273/oral_catalog/sample/P18161_240_S111_L004/f1fbb6d59f047a04cc638931924ac788/P18161_240_S111_L004_1.fastq.idx -S /scratch/20410273/oral_catalog/mapping/P18161_240_S111_L004/mapping_vs_A_thaliana_TAIR10_P18161_240_S111_L004_1/P18161_240_S111_L004_1_1.sam
25764860 reads; of these:
  25764860 (100.00%) were unpaired; of these:
    25761249 (99.99%) aligned 0 times
    3611 (0.01%) aligned exactly 1 time
    0 (0.00%) aligned >1 times
0.01% overall alignment rate

######### TaskExcludedMapping(0, 3) ; reference name: Bos_taurus_UMD3
Executing mapping command:
bowtie2-align-l --mm -p 10 --end-to-end --sensitive -k 1 --no-head --no-sq --no-unal --omit-sec-seq -x /scratch/20410273/reference/Bos_taurus_UMD3/fasta/Bos_taurus_UMD3_dnaspace_index -U /scratch/20410273/oral_catalog/sample/P18161_240_S111_L004/f1fbb6d59f047a04cc638931924ac788/P18161_240_S111_L004_1.fastq.idx -S /scratch/20410273/oral_catalog/mapping/P18161_240_S111_L004/mapping_vs_Bos_taurus_UMD3_P18161_240_S111_L004_1/P18161_240_S111_L004_1_1.sam
25764860 reads; of these:
  25764860 (100.00%) were unpaired; of these:
    25409816 (98.62%) aligned 0 times
    355044 (1.38%) aligned exactly 1 time
    0 (0.00%) aligned >1 times
1.38% overall alignment rate
removing re-indexed file:
/scratch/20410273/oral_catalog/sample/P18161_240_S111_L004/f1fbb6d59f047a04cc638931924ac788/P18161_240_S111_L004_1.fastq.idx


######### Meteor Mapping task description
Sample name = P18161_240_S111_L004
Library name = P18161_240_S111_L004_2
Project name = oral_catalog
Sequencing device = illumina
Workflow = P18161_240_S111_L004.ini

######### Task main mapping 1
Executing mapping command:
bowtie2-align-l --mm -p 10 --end-to-end --sensitive -k 10000 --no-head --no-sq --no-unal --omit-sec-seq -x /scratch/20410273/reference/oral_catalog/fasta/oral_catalog_dnaspace_index -U /scratch/20410273/oral_catalog/sample/P18161_240_S111_L004/f1fbb6d59f047a04cc638931924ac788/P18161_240_S111_L004_2.fastq.idx -S /scratch/20410273/oral_catalog/mapping/P18161_240_S111_L004/mapping_vs_oral_catalog_P18161_240_S111_L004_2/P18161_240_S111_L004_2_1.sam
25764860 reads; of these:
  25764860 (100.00%) were unpaired; of these:
    20818275 (80.80%) aligned 0 times
    1217407 (4.73%) aligned exactly 1 time
    3729178 (14.47%) aligned >1 times
19.20% overall alignment rate

######### TaskExcludedMapping(1, 1) ; reference name: Homo_sapiens_GRCh38
Executing mapping command:
bowtie2-align-l --mm -p 10 --end-to-end --sensitive -k 1 --no-head --no-sq --no-unal --omit-sec-seq -x /scratch/20410273/reference/Homo_sapiens_GRCh38/fasta/Homo_sapiens_GRCh38_dnaspace_index -U /scratch/20410273/oral_catalog/sample/P18161_240_S111_L004/f1fbb6d59f047a04cc638931924ac788/P18161_240_S111_L004_2.fastq.idx -S /scratch/20410273/oral_catalog/mapping/P18161_240_S111_L004/mapping_vs_Homo_sapiens_GRCh38_P18161_240_S111_L004_2/P18161_240_S111_L004_2_1.sam
25764860 reads; of these:
  25764860 (100.00%) were unpaired; of these:
    4062585 (15.77%) aligned 0 times
    21702275 (84.23%) aligned exactly 1 time
    0 (0.00%) aligned >1 times
84.23% overall alignment rate

######### TaskExcludedMapping(1, 2) ; reference name: A_thaliana_TAIR10
Executing mapping command:
bowtie2-align-l --mm -p 10 --end-to-end --sensitive -k 1 --no-head --no-sq --no-unal --omit-sec-seq -x /scratch/20410273/reference/A_thaliana_TAIR10/fasta/A_thaliana_TAIR10_dnaspace_index -U /scratch/20410273/oral_catalog/sample/P18161_240_S111_L004/f1fbb6d59f047a04cc638931924ac788/P18161_240_S111_L004_2.fastq.idx -S /scratch/20410273/oral_catalog/mapping/P18161_240_S111_L004/mapping_vs_A_thaliana_TAIR10_P18161_240_S111_L004_2/P18161_240_S111_L004_2_1.sam
25764860 reads; of these:
  25764860 (100.00%) were unpaired; of these:
    25761197 (99.99%) aligned 0 times
    3663 (0.01%) aligned exactly 1 time
    0 (0.00%) aligned >1 times
0.01% overall alignment rate

######### TaskExcludedMapping(1, 3) ; reference name: Bos_taurus_UMD3
Executing mapping command:
bowtie2-align-l --mm -p 10 --end-to-end --sensitive -k 1 --no-head --no-sq --no-unal --omit-sec-seq -x /scratch/20410273/reference/Bos_taurus_UMD3/fasta/Bos_taurus_UMD3_dnaspace_index -U /scratch/20410273/oral_catalog/sample/P18161_240_S111_L004/f1fbb6d59f047a04cc638931924ac788/P18161_240_S111_L004_2.fastq.idx -S /scratch/20410273/oral_catalog/mapping/P18161_240_S111_L004/mapping_vs_Bos_taurus_UMD3_P18161_240_S111_L004_2/P18161_240_S111_L004_2_1.sam
25764860 reads; of these:
  25764860 (100.00%) were unpaired; of these:
    25421858 (98.67%) aligned 0 times
    343002 (1.33%) aligned exactly 1 time
    0 (0.00%) aligned >1 times
1.33% overall alignment rate
removing re-indexed file:
/scratch/20410273/oral_catalog/sample/P18161_240_S111_L004/f1fbb6d59f047a04cc638931924ac788/P18161_240_S111_L004_2.fastq.idx

Launch counting

Executing counting command:
meteor-counter -w inifiles/P18161_240_S111_L004.ini -i /scratch/20410273/oral_catalog/sample/P18161_240_S111_L004 -p /scratch/20410273/oral_catalog -o mapping
######### workspace preparation
######### Meteor task description
Sample name = P18161_240_S111_L004
Library name = P18161_240_S111_L004_1
Project name = oral_catalog
Sequencing device = illumina
Workflow = P18161_240_S111_L004.ini
######### Meteor task description
Sample name = P18161_240_S111_L004
Library name = P18161_240_S111_L004_2
Project name = oral_catalog
Sequencing device = illumina
Workflow = P18161_240_S111_L004.ini
######### Task main counting
