...Fri Jun 11 13:54:01 CEST 2021: - begin running script
#!/bin/bash -l
#SBATCH --account=snic2021-5-248
#SBATCH --partition=core
#SBATCH --ntasks=10
#SBATCH --time=2-06:00:00
#SBATCH --job-name=FMT_last_batch
##SBATCH --output=%j 
##SBATCH --mail-user=zn.tportlock@gmail.com
##SBATCH --mail-type=ALL

function Run {
	start=$(date +%M)
	echo "...$(date): $1 - begin"; echo ""
	$@ \
	&& (echo "...$(date): $1 - done") \
	|| (echo "...$(date): $1 - failed")
	end=$(date +%M)
	echo "...time taken: $((end-start))"; echo ""
}
function Parse_variables {
	sampleId=$(basename $sample .fastq.gz)
	v_project_dir="$TMPDIR"
	v_prefix=$( grep "meteor.counting.prefix.name" $ini_file | sed "s/^.*=//g" )
	v_workdir="${v_project_dir}/working"
	v_refdir="${v_project_dir}/reference"
	v_fastqgz1="$(readlink -f $seq_data_dir/${sample}${forward_identifier})"
	v_fastqgz2="$(readlink -f $seq_data_dir/${sample}${reverse_identifier})"
	v_fastqgz1_unzip="${v_workdir}/$(basename $v_fastqgz1 .gz).unzipped"
	v_fastqgz2_unzip="${v_workdir}/$(basename $v_fastqgz2 .gz).unzipped"
	v_trimmedS="${v_workdir}/${sampleId}.trimmed.s.fastq"
	v_final1="${v_workdir}/${sampleId}_1.fastq"
	v_final2="${v_workdir}/${sampleId}_2.fastq"
	v_sampledir="${v_project_dir}/${catalog_type}/sample/${sampleId}"
	vars="$(compgen -A variable | grep "^v_.*")"
	for var in ${vars}; do echo "${var}=${!var}"; done
	for var in ${vars}; do if [[ -z "${!var}" ]]; then echo "missing argument ${var}" ; return 1 ; fi ; done
}
function Init {
	mkdir -p ${v_project_dir}/${catalog_type}/{sample,mapping,profiles}
	mkdir -p ${v_workdir}
	mkdir -p ${v_refdir}
}
function Send {
	cp $v_fastqgz1 $v_workdir
	cp $v_fastqgz2 $v_workdir
	cp -r ${reference_dir}/* $v_refdir
	cp -r $trimFasta $v_project_dir
}
function Decompress {
	zcat ${v_workdir}/$(basename $v_fastqgz1) > $v_fastqgz1_unzip & pid1=$!
	zcat ${v_workdir}/$(basename $v_fastqgz2) > $v_fastqgz2_unzip & pid2=$!
	trap "kill -2 $pid1 $pid2" SIGINT
	wait
}
function Trim {
	[[ -f $v_fastqgz1_unzip && -f $v_fastqgz2_unzip ]] \
	|| (echo "zip file not found" ; return 1 )
	java -jar ${ALIEN_TRIMMER}/AlienTrimmer.jar \
		-k 10 -l 45 -m 5 -p 40 -q 20 \
		-if ${v_fastqgz1_unzip} -ir ${v_fastqgz2_unzip} -c $TMPDIR/$(basename $trimFasta) \
		-of ${v_final1} -or ${v_final2} -os ${v_trimmedS} \
	|| return 1
}
function Import {
	[[ -f $v_final1 && -f $v_final2 ]] \
	|| (echo "trimmed files not found" ; return 1 )
	mv ${v_final1} ${v_final2} ${v_project_dir}/${catalog_type}/sample &&
	rm -r ${v_workdir}
	ruby ${meteorImportScript} \
		-i ${v_project_dir}/${catalog_type}/sample \
		-p ${catalog_type} \
		-t ${seq_platform} \
		-m "${sampleId}*" \
	|| return 1
}
function Map_reads {
	ruby ${meteor}/meteor.rb \
		-w ${ini_file} \
		-i ${v_sampledir} \
		-p ${v_project_dir}/${catalog_type} \
		-o mapping \
	|| return 1
}
function Quantify {
	${meteor}/meteor-profiler \
		-p ${v_project_dir}/${catalog_type} \
		-f ${v_project_dir}/${catalog_type}/profiles \
		-t smart_shared_reads \
		-w ${ini_file} \
		-o ${sampleId} ${v_project_dir}/${catalog_type}/mapping/${sampleId}/${sampleId}_${v_prefix}_gene_profile/census.dat \
	&& rm -r ${v_project_dir}/${catalog_type}/mapping/${sampleId} \
	|| return 1
}
function Recover {
	rsync -aurvP --remove-source-files $v_project_dir/ $project_dir_rel
}

Main() {
	Run Parse_variables &&
	Run Init &&
	Run Send &&
	Run Decompress &&
	Run Trim &&
	Run Import &&
	Run Map_reads &&
	Run Quantify &&
	Run Recover
}

echo "...$(date): - begin running script"
cat $0
echo ""

# Load modules
echo "...$(date): - load modules"
module load bioinfo-tools
module load ruby/2.6.2
module load AlienTrimmer/0.4.0
module load bowtie2/2.3.4.1
echo "...$(date): - done"; echo "" 

# Load ini file
echo "...$(date): - load ini file"
echo $TMPDIR/$(basename $1)
sed "s|meteor.reference.dir=.*|meteor.reference.dir=$TMPDIR/reference|g" $1 > $TMPDIR/$(basename $1)
ini_file=$TMPDIR/$(basename $1)
source $ini_file > /dev/null 2>&1
cat $ini_file
echo "...$(date): - done"; echo "" 

# Run
Main

...Fri Jun 11 13:54:01 CEST 2021: - load modules
Bowtie2 looks for the specified index first in the current directory, then in the directory specified in the BOWTIE2_INDEXES environment variable.
The pregenerated indexes for the reference genonomes are placed under /sw/data/reference/*/*/program_files/bowtie2 for each reference genome
...Fri Jun 11 13:54:07 CEST 2021: - done

...Fri Jun 11 13:54:07 CEST 2021: - load ini file
/scratch/20427502/P18161_273_S140_L004.ini
[Pipeline]
sample=P18161_273/02-FASTQ/201104_A00187_0373_BHGM2CDSXY/P18161_273_S140_L004
forward_identifier="_R1_001.fastq.gz"
reverse_identifier="_R2_001.fastq.gz"
seq_data_dir="/proj/snic2020-6-153/delivery04021/P18161"
project_dir_rel="/proj/uppstore2019028/projects/metagenome/theo/newscripts/tmp"
catalog_type="oral_catalog"
seq_platform="illumina"
trimFasta="/proj/uppstore2019028/projects/metagenome/alienTrimmerPF8contaminants.fasta"
meteorImportScript="/proj/uppstore2019028/meteor.2019.11.04/MeteorImportFastq.rb"
meteor="/proj/uppstore2019028/projects/metagenome/software/meteor_linux_2019.11.04"
Rdir="/proj/uppstore2019028/projects/metagenome/meteor_downstream_rscripts"
reference_dir="/proj/uppstore2019028/projects/metagenome/meteor_ref"
[worksession]
meteor.reference.dir=/scratch/20427502/reference
meteor.db.type=binary
meteor.nb.attempts=3
meteor.read.cleaning.program=none
meteor.read.cleaning.cmd=
meteor.mapping.program=bowtie2
meteor.mapping.file.format=sam
meteor.is.cpu.percentage=0
meteor.cpu.count=10
meteor.checksum=md5
meteor.excluded.reference.count=3
[main_reference]
meteor.reference.name=oral_catalog
meteor.matches=10000
meteor.mismatches=5
meteor.is.perc.mismatches=1
meteor.bestalignment=1
meteor.mapper.cmd=
meteor.mapping.prefix.name=mapping_vs_oral_catalog
meteor.counting.prefix.name=vs_hs_10_4_oral_catalog
[excluded_reference_1]
meteor.reference.name=Homo_sapiens_GRCh38
meteor.matches=1
meteor.mismatches=5
meteor.is.perc.mismatches=1
meteor.bestalignment=1
meteor.mapping.prefix.name=mapping_vs_Homo_sapiens_GRCh38
[excluded_reference_2]
meteor.reference.name=A_thaliana_TAIR10
meteor.matches=1
meteor.mismatches=5
meteor.is.perc.mismatches=1
meteor.bestalignment=1
meteor.mapping.prefix.name=mapping_vs_A_thaliana_TAIR10
[excluded_reference_3]
meteor.reference.name=Bos_taurus_UMD3
meteor.matches=1
meteor.mismatches=5
meteor.is.perc.mismatches=1
meteor.bestalignment=1
meteor.mapping.prefix.name=mapping_vs_Bos_taurus_UMD3
...Fri Jun 11 13:54:07 CEST 2021: - done

...Fri Jun 11 13:54:07 CEST 2021: Parse_variables - begin

v_fastqgz1=/crex/proj/snic2020-6-153/nobackup/delivery04021/P18161/P18161_273/02-FASTQ/201104_A00187_0373_BHGM2CDSXY/P18161_273_S140_L004_R1_001.fastq.gz
v_fastqgz1_unzip=/scratch/20427502/working/P18161_273_S140_L004_R1_001.fastq.unzipped
v_fastqgz2=/crex/proj/snic2020-6-153/nobackup/delivery04021/P18161/P18161_273/02-FASTQ/201104_A00187_0373_BHGM2CDSXY/P18161_273_S140_L004_R2_001.fastq.gz
v_fastqgz2_unzip=/scratch/20427502/working/P18161_273_S140_L004_R2_001.fastq.unzipped
v_final1=/scratch/20427502/working/P18161_273_S140_L004_1.fastq
v_final2=/scratch/20427502/working/P18161_273_S140_L004_2.fastq
v_prefix=vs_hs_10_4_oral_catalog
v_project_dir=/scratch/20427502
v_refdir=/scratch/20427502/reference
v_sampledir=/scratch/20427502/oral_catalog/sample/P18161_273_S140_L004
v_trimmedS=/scratch/20427502/working/P18161_273_S140_L004.trimmed.s.fastq
v_workdir=/scratch/20427502/working
...Fri Jun 11 13:54:07 CEST 2021: Parse_variables - done
...time taken: 0

...Fri Jun 11 13:54:07 CEST 2021: Init - begin

...Fri Jun 11 13:54:07 CEST 2021: Init - done
...time taken: 0

...Fri Jun 11 13:54:08 CEST 2021: Send - begin

...Fri Jun 11 13:59:58 CEST 2021: Send - done
...time taken: 5

...Fri Jun 11 13:59:58 CEST 2021: Decompress - begin

...Fri Jun 11 14:05:15 CEST 2021: Decompress - done
...time taken: -54

...Fri Jun 11 14:05:15 CEST 2021: Trim - begin

AlienTrimmer main options: -k 10 -l 45 -m 5 -q 20 -p 40 (Phred+33)  /  439 fwd alien sequence(s)  /  7856 fwd k-mers (k=10)  /  439 rev alien sequence(s)  /  7856 rev k-mers (k=10)
[01:55]   1,000,000 read pairs processed:     589,098 trimmed (fwd:     281,668  rev:     307,430)      12,020 removed (fwd:       4,962  rev:       7,058)
[03:48]   2,000,000 read pairs processed:   1,179,784 trimmed (fwd:     554,969  rev:     624,815)      23,760 removed (fwd:       9,502  rev:      14,258)
[05:44]   3,000,000 read pairs processed:   1,768,735 trimmed (fwd:     828,938  rev:     939,797)      35,975 removed (fwd:      14,212  rev:      21,763)
[07:36]   4,000,000 read pairs processed:   2,343,763 trimmed (fwd:   1,099,201  rev:   1,244,562)      47,614 removed (fwd:      18,839  rev:      28,775)
[09:32]   5,000,000 read pairs processed:   2,929,113 trimmed (fwd:   1,366,563  rev:   1,562,550)      59,370 removed (fwd:      23,089  rev:      36,281)
[11:25]   6,000,000 read pairs processed:   3,511,629 trimmed (fwd:   1,641,133  rev:   1,870,496)      71,221 removed (fwd:      27,792  rev:      43,429)
[13:18]   7,000,000 read pairs processed:   4,088,273 trimmed (fwd:   1,907,577  rev:   2,180,696)      82,567 removed (fwd:      32,154  rev:      50,413)
[15:11]   8,000,000 read pairs processed:   4,672,017 trimmed (fwd:   2,176,458  rev:   2,495,559)      94,438 removed (fwd:      36,545  rev:      57,893)
[17:05]   9,000,000 read pairs processed:   5,238,879 trimmed (fwd:   2,441,902  rev:   2,796,977)     105,299 removed (fwd:      40,881  rev:      64,418)
[19:03]  10,000,000 read pairs processed:   5,813,559 trimmed (fwd:   2,705,127  rev:   3,108,432)     116,541 removed (fwd:      45,110  rev:      71,431)
[21:00]  11,000,000 read pairs processed:   6,391,845 trimmed (fwd:   2,974,765  rev:   3,417,080)     128,112 removed (fwd:      49,754  rev:      78,358)
[22:53]  12,000,000 read pairs processed:   6,966,942 trimmed (fwd:   3,239,839  rev:   3,727,103)     139,162 removed (fwd:      54,093  rev:      85,069)
[24:48]  13,000,000 read pairs processed:   7,550,561 trimmed (fwd:   3,509,127  rev:   4,041,434)     150,406 removed (fwd:      58,363  rev:      92,043)
[26:45]  14,000,000 read pairs processed:   8,121,503 trimmed (fwd:   3,782,817  rev:   4,338,686)     162,327 removed (fwd:      63,349  rev:      98,978)
[28:39]  15,000,000 read pairs processed:   8,684,034 trimmed (fwd:   4,046,517  rev:   4,637,517)     173,718 removed (fwd:      67,937  rev:     105,781)
[30:33]  16,000,000 read pairs processed:   9,360,283 trimmed (fwd:   4,359,127  rev:   5,001,156)     186,442 removed (fwd:      72,537  rev:     113,905)
[32:27]  17,000,000 read pairs processed:  10,027,164 trimmed (fwd:   4,669,257  rev:   5,357,907)     200,332 removed (fwd:      77,693  rev:     122,639)
[34:22]  18,000,000 read pairs processed:  10,662,957 trimmed (fwd:   4,962,804  rev:   5,700,153)     212,352 removed (fwd:      82,496  rev:     129,856)
[36:17]  19,000,000 read pairs processed:  11,328,071 trimmed (fwd:   5,268,700  rev:   6,059,371)     224,484 removed (fwd:      87,328  rev:     137,156)
