...Fri Jun 11 13:21:02 CEST 2021: - begin running script
#!/bin/bash -l
#SBATCH --account=snic2021-5-248
#SBATCH --partition=core
#SBATCH --ntasks=10
#SBATCH --time=2-06:00:00
#SBATCH --job-name=FMT_last_batch
##SBATCH --output=%j 
##SBATCH --mail-user=zn.tportlock@gmail.com
##SBATCH --mail-type=ALL

function Run {
	start=$(date +%M)
	echo "...$(date): $1 - begin"; echo ""
	$@ \
	&& (echo "...$(date): $1 - done") \
	|| (echo "...$(date): $1 - failed")
	end=$(date +%M)
	echo "...time taken: $((end-start))"; echo ""
}
function Parse_variables {
	sampleId=$(basename $sample .fastq.gz)
	v_project_dir="$TMPDIR"
	v_prefix=$( grep "meteor.counting.prefix.name" $ini_file | sed "s/^.*=//g" )
	v_workdir="${v_project_dir}/working"
	v_refdir="${v_project_dir}/reference"
	v_fastqgz1="$(readlink -f $seq_data_dir/${sample}${forward_identifier})"
	v_fastqgz2="$(readlink -f $seq_data_dir/${sample}${reverse_identifier})"
	v_fastqgz1_unzip="${v_workdir}/$(basename $v_fastqgz1 .gz).unzipped"
	v_fastqgz2_unzip="${v_workdir}/$(basename $v_fastqgz2 .gz).unzipped"
	v_trimmedS="${v_workdir}/${sampleId}.trimmed.s.fastq"
	v_final1="${v_workdir}/${sampleId}_1.fastq"
	v_final2="${v_workdir}/${sampleId}_2.fastq"
	v_sampledir="${v_project_dir}/${catalog_type}/sample/${sampleId}"
	vars="$(compgen -A variable | grep "^v_.*")"
	for var in ${vars}; do echo "${var}=${!var}"; done
	for var in ${vars}; do if [[ -z "${!var}" ]]; then echo "missing argument ${var}" ; return 1 ; fi ; done
}
function Init {
	mkdir -p ${v_project_dir}/${catalog_type}/{sample,mapping,profiles}
	mkdir -p ${v_workdir}
	mkdir -p ${v_refdir}
}
function Send {
	cp $v_fastqgz1 $v_workdir
	cp $v_fastqgz2 $v_workdir
	cp -r ${reference_dir}/* $v_refdir
	cp -r $trimFasta $v_project_dir
}
function Decompress {
	zcat ${v_workdir}/$(basename $v_fastqgz1) > $v_fastqgz1_unzip & pid1=$!
	zcat ${v_workdir}/$(basename $v_fastqgz2) > $v_fastqgz2_unzip & pid2=$!
	trap "kill -2 $pid1 $pid2" SIGINT
	wait
}
function Trim {
	[[ -f $v_fastqgz1_unzip && -f $v_fastqgz2_unzip ]] \
	|| (echo "zip file not found" ; return 1 )
	java -jar ${ALIEN_TRIMMER}/AlienTrimmer.jar \
		-k 10 -l 45 -m 5 -p 40 -q 20 \
		-if ${v_fastqgz1_unzip} -ir ${v_fastqgz2_unzip} -c $TMPDIR/$(basename $trimFasta) \
		-of ${v_final1} -or ${v_final2} -os ${v_trimmedS} \
	|| return 1
}
function Import {
	[[ -f $v_final1 && -f $v_final2 ]] \
	|| (echo "trimmed files not found" ; return 1 )
	mv ${v_final1} ${v_final2} ${v_project_dir}/${catalog_type}/sample &&
	rm -r ${v_workdir}
	ruby ${meteorImportScript} \
		-i ${v_project_dir}/${catalog_type}/sample \
		-p ${catalog_type} \
		-t ${seq_platform} \
		-m "${sampleId}*" \
	|| return 1
}
function Map_reads {
	ruby ${meteor}/meteor.rb \
		-w ${ini_file} \
		-i ${v_sampledir} \
		-p ${v_project_dir}/${catalog_type} \
		-o mapping \
	|| return 1
}
function Quantify {
	${meteor}/meteor-profiler \
		-p ${v_project_dir}/${catalog_type} \
		-f ${v_project_dir}/${catalog_type}/profiles \
		-t smart_shared_reads \
		-w ${ini_file} \
		-o ${sampleId} ${v_project_dir}/${catalog_type}/mapping/${sampleId}/${sampleId}_${v_prefix}_gene_profile/census.dat \
	&& rm -r ${v_project_dir}/${catalog_type}/mapping/${sampleId} \
	|| return 1
}
function Recover {
	rsync -aurvP --remove-source-files $v_project_dir/ $project_dir_rel
}

Main() {
	Run Parse_variables &&
	Run Init &&
	Run Send &&
	Run Decompress &&
	Run Trim &&
	Run Import &&
	Run Map_reads &&
	Run Quantify &&
	Run Recover
}

echo "...$(date): - begin running script"
cat $0
echo ""

# Load modules
echo "...$(date): - load modules"
module load bioinfo-tools
module load ruby/2.6.2
module load AlienTrimmer/0.4.0
module load bowtie2/2.3.4.1
echo "...$(date): - done"; echo "" 

# Load ini file
echo "...$(date): - load ini file"
echo $TMPDIR/$(basename $1)
sed "s|meteor.reference.dir=.*|meteor.reference.dir=$TMPDIR/reference|g" $1 > $TMPDIR/$(basename $1)
ini_file=$TMPDIR/$(basename $1)
source $ini_file > /dev/null 2>&1
cat $ini_file
echo "...$(date): - done"; echo "" 

# Run
Main

...Fri Jun 11 13:21:02 CEST 2021: - load modules
Bowtie2 looks for the specified index first in the current directory, then in the directory specified in the BOWTIE2_INDEXES environment variable.
The pregenerated indexes for the reference genonomes are placed under /sw/data/reference/*/*/program_files/bowtie2 for each reference genome
...Fri Jun 11 13:21:07 CEST 2021: - done

...Fri Jun 11 13:21:07 CEST 2021: - load ini file
/scratch/20427496/P18161_267_S134_L004.ini
[Pipeline]
sample=P18161_267/02-FASTQ/201104_A00187_0373_BHGM2CDSXY/P18161_267_S134_L004
forward_identifier="_R1_001.fastq.gz"
reverse_identifier="_R2_001.fastq.gz"
seq_data_dir="/proj/snic2020-6-153/delivery04021/P18161"
project_dir_rel="/proj/uppstore2019028/projects/metagenome/theo/newscripts/tmp"
catalog_type="oral_catalog"
seq_platform="illumina"
trimFasta="/proj/uppstore2019028/projects/metagenome/alienTrimmerPF8contaminants.fasta"
meteorImportScript="/proj/uppstore2019028/meteor.2019.11.04/MeteorImportFastq.rb"
meteor="/proj/uppstore2019028/projects/metagenome/software/meteor_linux_2019.11.04"
Rdir="/proj/uppstore2019028/projects/metagenome/meteor_downstream_rscripts"
reference_dir="/proj/uppstore2019028/projects/metagenome/meteor_ref"
[worksession]
meteor.reference.dir=/scratch/20427496/reference
meteor.db.type=binary
meteor.nb.attempts=3
meteor.read.cleaning.program=none
meteor.read.cleaning.cmd=
meteor.mapping.program=bowtie2
meteor.mapping.file.format=sam
meteor.is.cpu.percentage=0
meteor.cpu.count=10
meteor.checksum=md5
meteor.excluded.reference.count=3
[main_reference]
meteor.reference.name=oral_catalog
meteor.matches=10000
meteor.mismatches=5
meteor.is.perc.mismatches=1
meteor.bestalignment=1
meteor.mapper.cmd=
meteor.mapping.prefix.name=mapping_vs_oral_catalog
meteor.counting.prefix.name=vs_hs_10_4_oral_catalog
[excluded_reference_1]
meteor.reference.name=Homo_sapiens_GRCh38
meteor.matches=1
meteor.mismatches=5
meteor.is.perc.mismatches=1
meteor.bestalignment=1
meteor.mapping.prefix.name=mapping_vs_Homo_sapiens_GRCh38
[excluded_reference_2]
meteor.reference.name=A_thaliana_TAIR10
meteor.matches=1
meteor.mismatches=5
meteor.is.perc.mismatches=1
meteor.bestalignment=1
meteor.mapping.prefix.name=mapping_vs_A_thaliana_TAIR10
[excluded_reference_3]
meteor.reference.name=Bos_taurus_UMD3
meteor.matches=1
meteor.mismatches=5
meteor.is.perc.mismatches=1
meteor.bestalignment=1
meteor.mapping.prefix.name=mapping_vs_Bos_taurus_UMD3
...Fri Jun 11 13:21:07 CEST 2021: - done

...Fri Jun 11 13:21:07 CEST 2021: Parse_variables - begin

v_fastqgz1=/crex/proj/snic2020-6-153/nobackup/delivery04021/P18161/P18161_267/02-FASTQ/201104_A00187_0373_BHGM2CDSXY/P18161_267_S134_L004_R1_001.fastq.gz
v_fastqgz1_unzip=/scratch/20427496/working/P18161_267_S134_L004_R1_001.fastq.unzipped
v_fastqgz2=/crex/proj/snic2020-6-153/nobackup/delivery04021/P18161/P18161_267/02-FASTQ/201104_A00187_0373_BHGM2CDSXY/P18161_267_S134_L004_R2_001.fastq.gz
v_fastqgz2_unzip=/scratch/20427496/working/P18161_267_S134_L004_R2_001.fastq.unzipped
v_final1=/scratch/20427496/working/P18161_267_S134_L004_1.fastq
v_final2=/scratch/20427496/working/P18161_267_S134_L004_2.fastq
v_prefix=vs_hs_10_4_oral_catalog
v_project_dir=/scratch/20427496
v_refdir=/scratch/20427496/reference
v_sampledir=/scratch/20427496/oral_catalog/sample/P18161_267_S134_L004
v_trimmedS=/scratch/20427496/working/P18161_267_S134_L004.trimmed.s.fastq
v_workdir=/scratch/20427496/working
...Fri Jun 11 13:21:07 CEST 2021: Parse_variables - done
...time taken: 0

...Fri Jun 11 13:21:07 CEST 2021: Init - begin

...Fri Jun 11 13:21:07 CEST 2021: Init - done
...time taken: 0

...Fri Jun 11 13:21:07 CEST 2021: Send - begin

...Fri Jun 11 13:29:50 CEST 2021: Send - done
...time taken: 8

...Fri Jun 11 13:29:50 CEST 2021: Decompress - begin

...Fri Jun 11 13:34:18 CEST 2021: Decompress - done
...time taken: 5

...Fri Jun 11 13:34:18 CEST 2021: Trim - begin

AlienTrimmer main options: -k 10 -l 45 -m 5 -q 20 -p 40 (Phred+33)  /  439 fwd alien sequence(s)  /  7856 fwd k-mers (k=10)  /  439 rev alien sequence(s)  /  7856 rev k-mers (k=10)
[02:06]   1,000,000 read pairs processed:     633,665 trimmed (fwd:     305,933  rev:     327,732)       9,406 removed (fwd:       3,710  rev:       5,696)
[04:08]   2,000,000 read pairs processed:   1,265,244 trimmed (fwd:     602,179  rev:     663,065)      18,138 removed (fwd:       6,968  rev:      11,170)
[06:12]   3,000,000 read pairs processed:   1,899,701 trimmed (fwd:     903,623  rev:     996,078)      27,260 removed (fwd:      10,370  rev:      16,890)
[08:13]   4,000,000 read pairs processed:   2,519,847 trimmed (fwd:   1,198,385  rev:   1,321,462)      36,028 removed (fwd:      13,704  rev:      22,324)
[10:17]   5,000,000 read pairs processed:   3,151,573 trimmed (fwd:   1,493,825  rev:   1,657,748)      45,290 removed (fwd:      16,980  rev:      28,310)
[12:20]   6,000,000 read pairs processed:   3,773,921 trimmed (fwd:   1,791,053  rev:   1,982,868)      54,167 removed (fwd:      20,502  rev:      33,665)
[14:27]   7,000,000 read pairs processed:   4,399,141 trimmed (fwd:   2,082,310  rev:   2,316,831)      62,894 removed (fwd:      23,606  rev:      39,288)
[16:32]   8,000,000 read pairs processed:   5,020,313 trimmed (fwd:   2,376,783  rev:   2,643,530)      71,702 removed (fwd:      26,922  rev:      44,780)
[18:37]   9,000,000 read pairs processed:   5,633,888 trimmed (fwd:   2,666,066  rev:   2,967,822)      80,389 removed (fwd:      30,159  rev:      50,230)
[20:43]  10,000,000 read pairs processed:   6,262,737 trimmed (fwd:   2,960,761  rev:   3,301,976)      88,979 removed (fwd:      33,204  rev:      55,775)
[22:47]  11,000,000 read pairs processed:   6,881,085 trimmed (fwd:   3,251,712  rev:   3,629,373)      97,590 removed (fwd:      36,537  rev:      61,053)
[24:54]  12,000,000 read pairs processed:   7,500,478 trimmed (fwd:   3,540,140  rev:   3,960,338)     106,157 removed (fwd:      39,630  rev:      66,527)
[27:00]  13,000,000 read pairs processed:   8,123,663 trimmed (fwd:   3,841,754  rev:   4,281,909)     115,285 removed (fwd:      43,313  rev:      71,972)
[29:04]  14,000,000 read pairs processed:   8,734,984 trimmed (fwd:   4,134,376  rev:   4,600,608)     124,134 removed (fwd:      46,848  rev:      77,286)
[31:13]  15,000,000 read pairs processed:   9,433,773 trimmed (fwd:   4,461,959  rev:   4,971,814)     134,071 removed (fwd:      50,403  rev:      83,668)
[33:18]  16,000,000 read pairs processed:  10,156,627 trimmed (fwd:   4,802,689  rev:   5,353,938)     145,633 removed (fwd:      54,446  rev:      91,187)
[35:25]  17,000,000 read pairs processed:  10,837,500 trimmed (fwd:   5,123,237  rev:   5,714,263)     155,478 removed (fwd:      58,312  rev:      97,166)
[37:32]  18,000,000 read pairs processed:  11,548,486 trimmed (fwd:   5,455,466  rev:   6,093,020)     165,470 removed (fwd:      62,157  rev:     103,313)
[39:39]  19,000,000 read pairs processed:  12,218,029 trimmed (fwd:   5,767,203  rev:   6,450,826)     175,220 removed (fwd:      65,942  rev:     109,278)
[41:45]  20,000,000 read pairs processed:  12,902,696 trimmed (fwd:   6,092,123  rev:   6,810,573)     185,019 removed (fwd:      69,824  rev:     115,195)
[43:51]  21,000,000 read pairs processed:  13,568,724 trimmed (fwd:   6,406,150  rev:   7,162,574)     194,901 removed (fwd:      73,701  rev:     121,200)
[45:56]  22,000,000 read pairs processed:  14,235,916 trimmed (fwd:   6,719,592  rev:   7,516,324)     204,585 removed (fwd:      77,431  rev:     127,154)
[48:00]  23,000,000 read pairs processed:  14,896,545 trimmed (fwd:   7,029,698  rev:   7,866,847)     214,286 removed (fwd:      81,337  rev:     132,949)
[50:05]  24,000,000 read pairs processed:  15,556,521 trimmed (fwd:   7,338,074  rev:   8,218,447)     223,684 removed (fwd:      84,975  rev:     138,709)
[52:09]  25,000,000 read pairs processed:  16,223,233 trimmed (fwd:   7,655,324  rev:   8,567,909)     233,188 removed (fwd:      88,795  rev:     144,393)
[54:14]  26,000,000 read pairs processed:  16,882,398 trimmed (fwd:   7,965,143  rev:   8,917,255)     242,467 removed (fwd:      92,352  rev:     150,115)
[57:04]  27,000,000 read pairs processed:  17,583,116 trimmed (fwd:   8,299,308  rev:   9,283,808)     253,249 removed (fwd:      96,859  rev:     156,390)
[59:08]  28,000,000 read pairs processed:  18,259,950 trimmed (fwd:   8,618,444  rev:   9,641,506)     263,306 removed (fwd:     101,066  rev:     162,240)
[60:00]  28,409,832 read pairs processed:  18,528,725 trimmed (fwd:   8,743,794  rev:   9,784,931)     266,991 removed (fwd:     102,536  rev:     164,455)
...Fri Jun 11 14:34:20 CEST 2021: Trim - done
...time taken: 0

...Fri Jun 11 14:34:20 CEST 2021: Import - begin

ruby: warning: shebang line ending with \r may cause problems
Import /scratch/20427496/oral_catalog/sample/P18161_267_S134_L004_2.fastq
Import /scratch/20427496/oral_catalog/sample/P18161_267_S134_L004_1.fastq
Importation done!
...Fri Jun 11 14:34:24 CEST 2021: Import - done
...time taken: 0

...Fri Jun 11 14:34:24 CEST 2021: Map_reads - begin

/proj/uppstore2019028/projects/metagenome/software/meteor_linux_2019.11.04/meteor.rb:146: warning: constant ::Fixnum is deprecated
/proj/uppstore2019028/projects/metagenome/software/meteor_linux_2019.11.04/meteor.rb:161: warning: Insecure world writable dir /proj/uppstore2019028/Helen/meteor-linux.2019-11-04 in PATH, mode 042777

Launch mapping


######### Meteor Mapping task description
Sample name = P18161_267_S134_L004
Library name = P18161_267_S134_L004_1
Project name = oral_catalog
Sequencing device = illumina
Workflow = P18161_267_S134_L004.ini

######### Task main mapping 0
Executing mapping command:
bowtie2-align-l --mm -p 10 --end-to-end --sensitive -k 10000 --no-head --no-sq --no-unal --omit-sec-seq -x /scratch/20427496/reference/oral_catalog/fasta/oral_catalog_dnaspace_index -U /scratch/20427496/oral_catalog/sample/P18161_267_S134_L004/1075e76d54c3645fbd3853e54b1f84cc/P18161_267_S134_L004_1.fastq.idx -S /scratch/20427496/oral_catalog/mapping/P18161_267_S134_L004/mapping_vs_oral_catalog_P18161_267_S134_L004_1/P18161_267_S134_L004_1_1.sam
