Bowtie2 looks for the specified index first in the current directory, then in the directory specified in the BOWTIE2_INDEXES environment variable.
The pregenerated indexes for the reference genonomes are placed under /sw/data/reference/*/*/program_files/bowtie2 for each reference genome
[Pipeline]
sample=P18161_281/02-FASTQ/201104_A00187_0373_BHGM2CDSXY/P18161_281_S148_L004
forward_identifier="_R1_001.fastq.gz"
reverse_identifier="_R2_001.fastq.gz"
seq_data_dir="/proj/snic2020-6-153/delivery04021/P18161"
project_dir_rel="/proj/uppstore2019028/projects/metagenome/theo/newscripts/tmp"
catalog_type="oral_catalog"
seq_platform="illumina"
trimFasta="/proj/uppstore2019028/projects/metagenome/alienTrimmerPF8contaminants.fasta"
meteorImportScript="/proj/uppstore2019028/meteor.2019.11.04/MeteorImportFastq.rb"
meteor="/proj/uppstore2019028/projects/metagenome/software/meteor_linux_2019.11.04"
Rdir="/proj/uppstore2019028/projects/metagenome/meteor_downstream_rscripts"
reference_dir="/proj/uppstore2019028/projects/metagenome/meteor_ref"
[worksession]
meteor.reference.dir=/scratch/20281203/reference
meteor.db.type=binary
meteor.nb.attempts=3
meteor.read.cleaning.program=none
meteor.read.cleaning.cmd=
meteor.mapping.program=bowtie2
meteor.mapping.file.format=sam
meteor.is.cpu.percentage=0
meteor.cpu.count=10
meteor.checksum=md5
meteor.excluded.reference.count=3
[main_reference]
meteor.reference.name=oral_catalog
meteor.matches=10000
meteor.mismatches=5
meteor.is.perc.mismatches=1
meteor.bestalignment=1
meteor.mapper.cmd=
meteor.mapping.prefix.name=mapping_vs_oral_catalog
meteor.counting.prefix.name=vs_hs_10_4_oral_catalog
[excluded_reference_1]
meteor.reference.name=Homo_sapiens_GRCh38
meteor.matches=1
meteor.mismatches=5
meteor.is.perc.mismatches=1
meteor.bestalignment=1
meteor.mapping.prefix.name=mapping_vs_Homo_sapiens_GRCh38
[excluded_reference_2]
meteor.reference.name=A_thaliana_TAIR10
meteor.matches=1
meteor.mismatches=5
meteor.is.perc.mismatches=1
meteor.bestalignment=1
meteor.mapping.prefix.name=mapping_vs_A_thaliana_TAIR10
[excluded_reference_3]
meteor.reference.name=Bos_taurus_UMD3
meteor.matches=1
meteor.mismatches=5
meteor.is.perc.mismatches=1
meteor.bestalignment=1
meteor.mapping.prefix.name=mapping_vs_Bos_taurus_UMD3
...Wed Jun  2 15:50:42 CEST 2021: Parse_variables - begin
v_downstream_dir=/scratch/20281203/P18161_281_S148_L004/Downstream
v_fastqgz1=/crex/proj/snic2020-6-153/nobackup/delivery04021/P18161/P18161_281/02-FASTQ/201104_A00187_0373_BHGM2CDSXY/P18161_281_S148_L004_R1_001.fastq.gz
v_fastqgz1_unzip=/scratch/20281203/P18161_281_S148_L004/working/P18161_281_S148_L004/P18161_281_S148_L004_R1_001.fastq.unzipped
v_fastqgz2=/crex/proj/snic2020-6-153/nobackup/delivery04021/P18161/P18161_281/02-FASTQ/201104_A00187_0373_BHGM2CDSXY/P18161_281_S148_L004_R2_001.fastq.gz
v_fastqgz2_unzip=/scratch/20281203/P18161_281_S148_L004/working/P18161_281_S148_L004/P18161_281_S148_L004_R2_001.fastq.unzipped
v_final1=/scratch/20281203/P18161_281_S148_L004/working/P18161_281_S148_L004/P18161_281_S148_L004_1.fastq
v_final2=/scratch/20281203/P18161_281_S148_L004/working/P18161_281_S148_L004/P18161_281_S148_L004_2.fastq
v_prefix=vs_hs_10_4_oral_catalog
v_project_dir=/scratch/20281203/P18161_281_S148_L004
v_sampledir=/scratch/20281203/P18161_281_S148_L004/oral_catalog/sample/P18161_281_S148_L004
v_trimmedS=/scratch/20281203/P18161_281_S148_L004/working/P18161_281_S148_L004/P18161_281_S148_L004.trimmed.s.fastq
v_workdir=/scratch/20281203/P18161_281_S148_L004/working/P18161_281_S148_L004
...Wed Jun  2 15:50:42 CEST 2021: Parse_variables - done

...Wed Jun  2 15:50:42 CEST 2021: Init - begin
...Wed Jun  2 15:50:42 CEST 2021: Init - done

...Wed Jun  2 15:50:42 CEST 2021: Send - begin
...Wed Jun  2 15:56:16 CEST 2021: Send - done

...Wed Jun  2 15:56:16 CEST 2021: Decompress - begin
...Wed Jun  2 16:02:24 CEST 2021: Decompress - done

...Wed Jun  2 16:02:24 CEST 2021: Trim - begin
AlienTrimmer main options: -k 10 -l 45 -m 5 -q 20 -p 40 (Phred+33)  /  439 fwd alien sequence(s)  /  7856 fwd k-mers (k=10)  /  439 rev alien sequence(s)  /  7856 rev k-mers (k=10)
[02:00]   1,000,000 read pairs processed:     644,652 trimmed (fwd:     309,811  rev:     334,841)      10,956 removed (fwd:       4,181  rev:       6,775)
[04:01]   2,000,000 read pairs processed:   1,284,944 trimmed (fwd:     610,934  rev:     674,010)      21,444 removed (fwd:       7,990  rev:      13,454)
[06:04]   3,000,000 read pairs processed:   1,926,135 trimmed (fwd:     914,968  rev:   1,011,167)      32,092 removed (fwd:      11,777  rev:      20,315)
[08:06]   4,000,000 read pairs processed:   2,557,302 trimmed (fwd:   1,214,201  rev:   1,343,101)      42,560 removed (fwd:      15,586  rev:      26,974)
[10:08]   5,000,000 read pairs processed:   3,193,349 trimmed (fwd:   1,511,557  rev:   1,681,792)      52,993 removed (fwd:      19,122  rev:      33,871)
[12:09]   6,000,000 read pairs processed:   3,828,795 trimmed (fwd:   1,814,327  rev:   2,014,468)      63,436 removed (fwd:      23,054  rev:      40,382)
[14:11]   7,000,000 read pairs processed:   4,461,695 trimmed (fwd:   2,110,137  rev:   2,351,558)      73,572 removed (fwd:      26,551  rev:      47,021)
[16:10]   8,000,000 read pairs processed:   5,093,506 trimmed (fwd:   2,408,349  rev:   2,685,157)      83,739 removed (fwd:      30,180  rev:      53,559)
[18:10]   9,000,000 read pairs processed:   5,715,420 trimmed (fwd:   2,702,000  rev:   3,013,420)      93,715 removed (fwd:      33,782  rev:      59,933)
[20:12]  10,000,000 read pairs processed:   6,348,012 trimmed (fwd:   2,997,967  rev:   3,350,045)     103,483 removed (fwd:      37,221  rev:      66,262)
[22:12]  11,000,000 read pairs processed:   6,978,801 trimmed (fwd:   3,295,566  rev:   3,683,235)     113,569 removed (fwd:      40,899  rev:      72,670)
[24:14]  12,000,000 read pairs processed:   7,609,291 trimmed (fwd:   3,589,522  rev:   4,019,769)     123,419 removed (fwd:      44,355  rev:      79,064)
[26:16]  13,000,000 read pairs processed:   8,240,519 trimmed (fwd:   3,890,191  rev:   4,350,328)     133,901 removed (fwd:      48,253  rev:      85,648)
[28:16]  14,000,000 read pairs processed:   8,862,813 trimmed (fwd:   4,187,112  rev:   4,675,701)     144,508 removed (fwd:      52,302  rev:      92,206)
[30:19]  15,000,000 read pairs processed:   9,513,531 trimmed (fwd:   4,492,860  rev:   5,020,671)     154,943 removed (fwd:      55,942  rev:      99,001)
[32:23]  16,000,000 read pairs processed:  10,299,778 trimmed (fwd:   4,860,195  rev:   5,439,583)     170,052 removed (fwd:      60,220  rev:     109,832)
[34:26]  17,000,000 read pairs processed:  10,986,947 trimmed (fwd:   5,183,597  rev:   5,803,350)     181,411 removed (fwd:      64,475  rev:     116,936)
[36:30]  18,000,000 read pairs processed:  11,726,137 trimmed (fwd:   5,528,263  rev:   6,197,874)     193,527 removed (fwd:      68,636  rev:     124,891)
[38:32]  19,000,000 read pairs processed:  12,425,903 trimmed (fwd:   5,852,952  rev:   6,572,951)     205,072 removed (fwd:      72,880  rev:     132,192)
[40:34]  20,000,000 read pairs processed:  13,119,388 trimmed (fwd:   6,178,543  rev:   6,940,845)     216,399 removed (fwd:      76,981  rev:     139,418)
[42:35]  21,000,000 read pairs processed:  13,814,727 trimmed (fwd:   6,505,404  rev:   7,309,323)     228,120 removed (fwd:      81,278  rev:     146,842)
[44:37]  22,000,000 read pairs processed:  14,489,450 trimmed (fwd:   6,819,534  rev:   7,669,916)     239,129 removed (fwd:      85,313  rev:     153,816)
[46:38]  23,000,000 read pairs processed:  15,171,416 trimmed (fwd:   7,138,947  rev:   8,032,469)     250,220 removed (fwd:      89,493  rev:     160,727)
[48:40]  24,000,000 read pairs processed:  15,843,751 trimmed (fwd:   7,451,445  rev:   8,392,306)     261,166 removed (fwd:      93,508  rev:     167,658)
[50:42]  25,000,000 read pairs processed:  16,525,617 trimmed (fwd:   7,773,216  rev:   8,752,401)     272,306 removed (fwd:      97,576  rev:     174,730)
[52:43]  26,000,000 read pairs processed:  17,206,624 trimmed (fwd:   8,093,280  rev:   9,113,344)     283,314 removed (fwd:     101,715  rev:     181,599)
[55:31]  27,000,000 read pairs processed:  17,902,972 trimmed (fwd:   8,419,716  rev:   9,483,256)     294,462 removed (fwd:     105,762  rev:     188,700)
[57:33]  28,000,000 read pairs processed:  18,611,493 trimmed (fwd:   8,753,695  rev:   9,857,798)     306,491 removed (fwd:     110,290  rev:     196,201)
[59:35]  29,000,000 read pairs processed:  19,285,869 trimmed (fwd:   9,068,292  rev:  10,217,577)     317,289 removed (fwd:     114,254  rev:     203,035)
[59:39]  29,028,930 read pairs processed:  19,305,123 trimmed (fwd:   9,077,315  rev:  10,227,808)     317,564 removed (fwd:     114,352  rev:     203,212)
...Wed Jun  2 17:02:05 CEST 2021: Trim - done

...Wed Jun  2 17:02:05 CEST 2021: Import - begin
ruby: warning: shebang line ending with \r may cause problems
Import /scratch/20281203/P18161_281_S148_L004/oral_catalog/sample/P18161_281_S148_L004_1.fastq
Import /scratch/20281203/P18161_281_S148_L004/oral_catalog/sample/P18161_281_S148_L004_2.fastq
Importation done!
...Wed Jun  2 17:02:10 CEST 2021: Import - done

...Wed Jun  2 17:02:10 CEST 2021: Map_reads - begin
/proj/uppstore2019028/projects/metagenome/software/meteor_linux_2019.11.04/meteor.rb:146: warning: constant ::Fixnum is deprecated
/proj/uppstore2019028/projects/metagenome/software/meteor_linux_2019.11.04/meteor.rb:161: warning: Insecure world writable dir /proj/uppstore2019028/Helen/meteor-linux.2019-11-04 in PATH, mode 042777

Launch mapping


######### Meteor Mapping task description
Sample name = P18161_281_S148_L004
Library name = P18161_281_S148_L004_1
Project name = oral_catalog
Sequencing device = illumina
Workflow = P18161_281_S148_L004.ini

######### Task main mapping 0
Executing mapping command:
bowtie2-align-l --mm -p 10 --end-to-end --sensitive -k 10000 --no-head --no-sq --no-unal --omit-sec-seq -x /scratch/20281203/reference/oral_catalog/fasta/oral_catalog_dnaspace_index -U /scratch/20281203/P18161_281_S148_L004/oral_catalog/sample/P18161_281_S148_L004/7df2287402d602fb51e5330c870fbd5e/P18161_281_S148_L004_1.fastq.idx -S /scratch/20281203/P18161_281_S148_L004/oral_catalog/mapping/P18161_281_S148_L004/mapping_vs_oral_catalog_P18161_281_S148_L004_1/P18161_281_S148_L004_1_1.sam
slurmstepd: error: *** JOB 20281203 ON r92 CANCELLED AT 2021-06-02T23:50:46 DUE TO TIME LIMIT ***
