Bowtie2 looks for the specified index first in the current directory, then in the directory specified in the BOWTIE2_INDEXES environment variable.
The pregenerated indexes for the reference genonomes are placed under /sw/data/reference/*/*/program_files/bowtie2 for each reference genome
[Pipeline]
samples="P18161_140/02-FASTQ/201120_A00187_0386_BHGTNWDSXY/P18161_140_S1_L001"
forward_identifier="_R1_001.fastq.gz"
reverse_identifier="_R2_001.fastq.gz"
seq_data_dir="/proj/snic2020-6-153/delivery04021/P18161"
project_dir_rel="/proj/uppstore2019028/projects/metagenome/theo/newscripts/oraltest"
catalog_type="oral_catalog"
seq_platform="illumina"
trimFasta="/proj/uppstore2019028/projects/metagenome/alienTrimmerPF8contaminants.fasta"
meteorImportScript="/proj/uppstore2019028/meteor.2019.11.04/MeteorImportFastq.rb"
reference="/proj/uppstore2019028/projects/metagenome/meteor.reference"
meteor="/proj/uppstore2019028/projects/metagenome/software/meteor_linux_2019.11.04"
Rdir="/proj/uppstore2019028/projects/metagenome/meteor_downstream_rscripts"
[worksession]
meteor.reference.dir=/proj/uppstore2019028/projects/metagenome/meteor.references/
meteor.db.type=binary
meteor.nb.attempts=3
meteor.read.cleaning.program=none
meteor.read.cleaning.cmd=
meteor.mapping.program=bowtie2
meteor.mapping.file.format=sam
meteor.is.cpu.percentage=0
meteor.cpu.count=10
meteor.checksum=md5
meteor.excluded.reference.count=3
[main_reference]
meteor.reference.name=Oral_catalog_2018
meteor.matches=10000
meteor.mismatches=5
meteor.is.perc.mismatches=1
meteor.bestalignment=1
meteor.mapper.cmd=
meteor.mapping.prefix.name=mapping_vs_Oral_catalog_2018
meteor.counting.prefix.name=vs_hs_10_4_Oral_catalog_2018
[excluded_reference_1]
meteor.reference.name=Homo_sapiens_GRCh38
meteor.matches=1
meteor.mismatches=5
meteor.is.perc.mismatches=1
meteor.bestalignment=1
meteor.mapping.prefix.name=mapping_vs_Homo_sapiens_GRCh38
[excluded_reference_2]
meteor.reference.name=A_thaliana_TAIR10
meteor.matches=1
meteor.mismatches=5
meteor.is.perc.mismatches=1
meteor.bestalignment=1
meteor.mapping.prefix.name=mapping_vs_A_thaliana_TAIR10
[excluded_reference_3]
meteor.reference.name=Bos_taurus_UMD3
meteor.matches=1
meteor.mismatches=5
meteor.is.perc.mismatches=1
meteor.bestalignment=1
meteor.mapping.prefix.name=mapping_vs_Bos_taurus_UMD3
...Thu Apr 22 15:09:02 CEST 2021: Parse_variables - begin
v_downstream_dir=/scratch/19519118/P18161_140_S1_L001/Downstream
v_fastqgz1=/crex/proj/snic2020-6-153/nobackup/delivery04021/P18161/P18161_140/02-FASTQ/201120_A00187_0386_BHGTNWDSXY/P18161_140_S1_L001_R1_001.fastq.gz
v_fastqgz1_unzip=/scratch/19519118/P18161_140_S1_L001/working/P18161_140_S1_L001_R1_001.fastq.unzipped
v_fastqgz2=/crex/proj/snic2020-6-153/nobackup/delivery04021/P18161/P18161_140/02-FASTQ/201120_A00187_0386_BHGTNWDSXY/P18161_140_S1_L001_R2_001.fastq.gz
v_fastqgz2_unzip=/scratch/19519118/P18161_140_S1_L001/working/P18161_140_S1_L001_R2_001.fastq.unzipped
v_final1=/scratch/19519118/P18161_140_S1_L001/working/P18161_140_S1_L001_1.fastq
v_final2=/scratch/19519118/P18161_140_S1_L001/working/P18161_140_S1_L001_2.fastq
v_prefix=vs_hs_10_4_Oral_catalog_2018
v_project_dir=/scratch/19519118/P18161_140_S1_L001
v_sampledir=/scratch/19519118/P18161_140_S1_L001/oral_catalog/sample/P18161_140_S1_L001
v_trimmedS=/scratch/19519118/P18161_140_S1_L001/working/P18161_140_S1_L001.trimmed.s.fastq
v_workdir=/scratch/19519118/P18161_140_S1_L001/working
...Thu Apr 22 15:09:02 CEST 2021: Parse_variables - done

...Thu Apr 22 15:09:02 CEST 2021: Init - begin
...Thu Apr 22 15:09:02 CEST 2021: Init - done

...Thu Apr 22 15:09:02 CEST 2021: Decompress - begin
...Thu Apr 22 15:10:40 CEST 2021: Decompress - done

...Thu Apr 22 15:10:40 CEST 2021: Trim - begin
AlienTrimmer main options: -k 10 -l 45 -m 5 -q 20 -p 40 (Phred+33)  /  439 fwd alien sequence(s)  /  7856 fwd k-mers (k=10)  /  439 rev alien sequence(s)  /  7856 rev k-mers (k=10)
[02:05]   1,000,000 read pairs processed:     954,901 trimmed (fwd:     469,744  rev:     485,157)      31,389 removed (fwd:      15,013  rev:      16,376)
[04:07]   2,000,000 read pairs processed:   1,916,472 trimmed (fwd:     941,510  rev:     974,962)      62,982 removed (fwd:      30,203  rev:      32,779)
[06:08]   3,000,000 read pairs processed:   2,872,034 trimmed (fwd:   1,408,527  rev:   1,463,507)      94,236 removed (fwd:      45,117  rev:      49,119)
[08:06]   4,000,000 read pairs processed:   3,823,142 trimmed (fwd:   1,873,522  rev:   1,949,620)     124,862 removed (fwd:      59,669  rev:      65,193)
[10:08]   5,000,000 read pairs processed:   4,787,857 trimmed (fwd:   2,342,459  rev:   2,445,398)     155,391 removed (fwd:      74,274  rev:      81,117)
[12:09]   6,000,000 read pairs processed:   5,737,341 trimmed (fwd:   2,807,354  rev:   2,929,987)     185,988 removed (fwd:      88,906  rev:      97,082)
[14:11]   7,000,000 read pairs processed:   6,697,055 trimmed (fwd:   3,276,600  rev:   3,420,455)     217,021 removed (fwd:     103,620  rev:     113,401)
[16:11]   8,000,000 read pairs processed:   7,653,562 trimmed (fwd:   3,743,714  rev:   3,909,848)     247,988 removed (fwd:     118,396  rev:     129,592)
[18:12]   9,000,000 read pairs processed:   8,606,662 trimmed (fwd:   4,209,819  rev:   4,396,843)     279,054 removed (fwd:     133,246  rev:     145,808)
[20:14]  10,000,000 read pairs processed:   9,566,433 trimmed (fwd:   4,678,093  rev:   4,888,340)     310,527 removed (fwd:     148,333  rev:     162,194)
[22:13]  11,000,000 read pairs processed:  10,517,596 trimmed (fwd:   5,143,273  rev:   5,374,323)     341,502 removed (fwd:     163,243  rev:     178,259)
[24:14]  12,000,000 read pairs processed:  11,471,888 trimmed (fwd:   5,608,145  rev:   5,863,743)     371,887 removed (fwd:     177,898  rev:     193,989)
[26:17]  13,000,000 read pairs processed:  12,427,585 trimmed (fwd:   6,073,903  rev:   6,353,682)     402,835 removed (fwd:     192,691  rev:     210,144)
[28:16]  14,000,000 read pairs processed:  13,383,222 trimmed (fwd:   6,543,552  rev:   6,839,670)     434,440 removed (fwd:     207,842  rev:     226,598)
[30:17]  15,000,000 read pairs processed:  14,349,835 trimmed (fwd:   7,015,722  rev:   7,334,113)     466,658 removed (fwd:     223,283  rev:     243,375)
[34:08]  16,000,000 read pairs processed:  15,402,962 trimmed (fwd:   7,518,497  rev:   7,884,465)     500,862 removed (fwd:     238,599  rev:     262,263)
[36:08]  17,000,000 read pairs processed:  16,407,099 trimmed (fwd:   8,008,131  rev:   8,398,968)     534,465 removed (fwd:     254,426  rev:     280,039)
[38:12]  18,000,000 read pairs processed:  17,415,883 trimmed (fwd:   8,496,050  rev:   8,919,833)     566,701 removed (fwd:     269,674  rev:     297,027)
[40:12]  19,000,000 read pairs processed:  18,412,819 trimmed (fwd:   8,978,054  rev:   9,434,765)     597,903 removed (fwd:     284,504  rev:     313,399)
[42:13]  20,000,000 read pairs processed:  19,397,646 trimmed (fwd:   9,457,308  rev:   9,940,338)     629,685 removed (fwd:     299,611  rev:     330,074)
[44:14]  21,000,000 read pairs processed:  20,387,028 trimmed (fwd:   9,937,178  rev:  10,449,850)     661,050 removed (fwd:     314,282  rev:     346,768)
[46:14]  22,000,000 read pairs processed:  21,366,810 trimmed (fwd:  10,410,386  rev:  10,956,424)     693,594 removed (fwd:     329,633  rev:     363,961)
[48:15]  23,000,000 read pairs processed:  22,355,727 trimmed (fwd:  10,888,102  rev:  11,467,625)     725,533 removed (fwd:     344,658  rev:     380,875)
[50:16]  24,000,000 read pairs processed:  23,333,132 trimmed (fwd:  11,363,656  rev:  11,969,476)     757,726 removed (fwd:     359,801  rev:     397,925)
[52:16]  25,000,000 read pairs processed:  24,311,531 trimmed (fwd:  11,837,805  rev:  12,473,726)     790,046 removed (fwd:     375,086  rev:     414,960)
[54:16]  26,000,000 read pairs processed:  25,292,970 trimmed (fwd:  12,315,746  rev:  12,977,224)     821,700 removed (fwd:     389,979  rev:     431,721)
[56:17]  27,000,000 read pairs processed:  26,280,681 trimmed (fwd:  12,795,778  rev:  13,484,903)     853,672 removed (fwd:     404,926  rev:     448,746)
[58:19]  28,000,000 read pairs processed:  27,280,765 trimmed (fwd:  13,279,485  rev:  14,001,280)     885,573 removed (fwd:     419,981  rev:     465,592)
[60:18]  29,000,000 read pairs processed:  28,271,582 trimmed (fwd:  13,764,534  rev:  14,507,048)     918,232 removed (fwd:     435,420  rev:     482,812)
[62:19]  30,000,000 read pairs processed:  29,274,224 trimmed (fwd:  14,250,042  rev:  15,024,182)     950,595 removed (fwd:     450,591  rev:     500,004)
[62:53]  30,272,744 read pairs processed:  29,550,055 trimmed (fwd:  14,382,511  rev:  15,167,544)     959,365 removed (fwd:     454,707  rev:     504,658)
...Thu Apr 22 16:13:33 CEST 2021: Trim - done

...Thu Apr 22 16:13:33 CEST 2021: Import - begin
Import /scratch/19519118/P18161_140_S1_L001/oral_catalog/sample/P18161_140_S1_L001_1.fastq
Import /scratch/19519118/P18161_140_S1_L001/oral_catalog/sample/P18161_140_S1_L001_2.fastq
Importation done!
...Thu Apr 22 16:13:37 CEST 2021: Import - done

...Thu Apr 22 16:13:37 CEST 2021: Map_reads - begin

Launch mapping


######### Meteor Mapping task description
Sample name = P18161_140_S1_L001
Library name = P18161_140_S1_L001_1
Project name = oral_catalog
Sequencing device = illumina
Workflow = oral_msp_pipeline.ini

######### Task main mapping 0
...Thu Apr 22 16:16:51 CEST 2021: Map_reads - failed

ruby: warning: shebang line ending with \r may cause problems
/proj/uppstore2019028/projects/metagenome/software/meteor_linux_2019.11.04/meteor.rb:146: warning: constant ::Fixnum is deprecated
Error in MeteorMapper::initialize while loading /proj/uppstore2019028/projects/metagenome/meteor.references//Oral_catalog_2018/Oral_catalog_2018_reference.ini
...Thu Apr 22 16:16:51 CEST 2021: PrepareReports - begin
cat: /crex/proj/uppstore2019028/projects/metagenome/theo/newscripts/oraltest/oral_catalog/profiles/*counting_report.csv: No such file or directory
...Thu Apr 22 16:16:51 CEST 2021: PrepareReports - done

...Thu Apr 22 16:16:51 CEST 2021: PrepareReports - begin
cat: /crex/proj/uppstore2019028/projects/metagenome/theo/newscripts/oraltest/oral_catalog/profiles/*extended_counting_report.csv: No such file or directory
...Thu Apr 22 16:16:51 CEST 2021: PrepareReports - done

...Thu Apr 22 16:16:51 CEST 2021: PrepareGCT - begin
paste: /crex/proj/uppstore2019028/projects/metagenome/theo/newscripts/oraltest/oral_catalog/profiles/*.tsv: No such file or directory

...Thu Apr 22 16:16:51 CEST 2021: PrepareGCT - done

...Thu Apr 22 16:16:51 CEST 2021: SaveGCT - begin
Loading required package: dplyr

Attaching package: ‘dplyr’

The following objects are masked from ‘package:stats’:

    filter, lag

The following objects are masked from ‘package:base’:

    intersect, setdiff, setequal, union

Loading required package: ggplot2
Loading required package: momr
[1] "/crex/proj/uppstore2019028/projects/metagenome/theo/newscripts/oraltest/Downstream/merged.final.tsv"
[1] "merged.final"
[1] "/crex/proj/uppstore2019028/projects/metagenome/theo/newscripts/oraltest/Downstream"
[1] "character"
[1] "character"
[1] "character"
Error in read.table(file = file, header = header, sep = sep, quote = quote,  : 
  no lines available in input
Calls: read.delim -> read.table
Execution halted
...Thu Apr 22 16:16:56 CEST 2021: SaveGCT - failed

