Bowtie2 looks for the specified index first in the current directory, then in the directory specified in the BOWTIE2_INDEXES environment variable.
The pregenerated indexes for the reference genonomes are placed under /sw/data/reference/*/*/program_files/bowtie2 for each reference genome
[Pipeline]
samples="\
FMT105 \
FMT109 \
FMT111 \
FMT115 \
FMT117 \
FMT118 \
"
forward_identifier="_1.fastq.gz"
reverse_identifier="_2.fastq.gz"
seq_data_dir="/proj/snic2020-6-153/delivery03711"
project_dir_rel="/proj/uppstore2019028/projects/metagenome/theo/newscripts/test"
meteor_counting_prefix_name="vs_hs_10_4_igc2_id95_rmHost_id95"
catalog_type="gut_catalog"
seq_platform="illumina"
trimFasta="/proj/uppstore2019028/projects/metagenome/alienTrimmerPF8contaminants.fasta"
meteorImportScript="/proj/uppstore2019028/meteor.2019.11.04/MeteorImportFastq.rb"
reference="/proj/uppstore2019028/projects/metagenome/meteor.reference"
meteor="/proj/uppstore2019028/projects/metagenome/software/meteor_linux_2019.11.04"
Rdir="/proj/uppstore2019028/projects/metagenome/meteor_downstream_rscripts"
[worksession]
meteor.reference.dir=/proj/uppstore2019028/projects/metagenome/meteor.references
meteor.db.type=binary
meteor.nb.attempts=3
meteor.read.cleaning.program=none
meteor.read.cleaning.cmd=
meteor.mapping.program=bowtie2
meteor.mapping.file.format=sam
meteor.is.cpu.percentage=0
meteor.cpu.count=10
meteor.checksum=md5
meteor.excluded.reference.count=3
[main_reference]
meteor.reference.name=hs_10_4_igc2
meteor.matches=10000
meteor.mismatches=5
meteor.is.perc.mismatches=1
meteor.bestalignment=1
meteor.mapper.cmd=
meteor.mapping.prefix.name=mapping_vs_hs_10_4_igc2
meteor.counting.prefix.name=vs_hs_10_4_igc2_id95_rmHost_id95
[excluded_reference_1]
meteor.reference.name=Homo_sapiens_GRCh38
meteor.matches=1
meteor.mismatches=5
meteor.is.perc.mismatches=1
meteor.bestalignment=1
meteor.mapping.prefix.name=mapping_vs_Homo_sapiens_GRCh38
[excluded_reference_2]
meteor.reference.name=A_thaliana_TAIR10
meteor.matches=1
meteor.mismatches=5
meteor.is.perc.mismatches=1
meteor.bestalignment=1
meteor.mapping.prefix.name=mapping_vs_A_thaliana_TAIR10
[excluded_reference_3]
meteor.reference.name=Bos_taurus_UMD3
meteor.matches=1
meteor.mismatches=5
meteor.is.perc.mismatches=1
meteor.bestalignment=1
meteor.mapping.prefix.name=mapping_vs_Bos_taurus_UMD3
...Wed Apr 14 09:39:54 CEST 2021: Normalize - begin
[1] "/crex/proj/uppstore2019028/projects/metagenome/theo/newscripts/test/Downstream/merged.final.RData"
[1] "/crex/proj/uppstore2019028/projects/metagenome/theo/newscripts/test/Downstream/merged.final"
[1] "/crex/proj/uppstore2019028/projects/metagenome/theo/newscripts/test/Downstream"
[1] "/crex/proj/uppstore2019028/projects/metagenome/theo/newscripts/test/Downstream"
Loading required package: dplyr

Attaching package: ‘dplyr’

The following objects are masked from ‘package:stats’:

    filter, lag

The following objects are masked from ‘package:base’:

    intersect, setdiff, setequal, union

Loading required package: ggplot2
Loading required package: momr
[1] "gct RData existing"
[1] 67860593
     25% 
92573051 
     75% 
98430822 
[1] 106905299
[1] "gct loaded"
[1] "1 Sample FMT105 with 67860593 reads and 396431 genes"
[1] 1000
[1] 2000
[1] 3000
[1] 4000
[1] 5000
[1] 6000
[1] 7000
[1] 8000
[1] 9000
[1] 10000
[1] 11000
[1] 12000
[1] 13000
[1] 14000
[1] 15000
[1] 16000
[1] 17000
[1] 18000
[1] 19000
[1] 20000
[1] 21000
[1] 22000
[1] 23000
[1] 24000
[1] 25000
[1] 26000
[1] 27000
[1] 28000
[1] 29000
[1] 30000
[1] 31000
[1] 32000
[1] 33000
[1] 34000
[1] 35000
[1] 36000
[1] 37000
[1] 38000
[1] 39000
[1] 40000
[1] 41000
[1] 42000
[1] 43000
[1] 44000
[1] 45000
[1] 46000
[1] 47000
[1] 48000
[1] 49000
[1] 50000
[1] 51000
[1] 52000
[1] 53000
[1] 54000
[1] 55000
[1] 56000
[1] 57000
[1] 58000
[1] 59000
[1] 60000
[1] 61000
[1] 62000
[1] 63000
[1] 64000
[1] 65000
[1] 66000
[1] 67000
[1] 68000
[1] 69000
[1] 70000
[1] 71000
[1] 72000
[1] 73000
[1] 74000
[1] 75000
[1] 76000
[1] 77000
[1] 78000
[1] 79000
[1] 80000
[1] 81000
[1] 82000
[1] 83000
[1] 84000
[1] 85000
[1] 86000
[1] 87000
[1] 88000
[1] 89000
[1] 90000
[1] 91000
[1] 92000
[1] 93000
[1] 94000
[1] 95000
[1] 96000
[1] 97000
[1] 98000
[1] 99000
[1] 100000
[1] 101000
[1] 102000
[1] 103000
[1] 104000
[1] 105000
[1] 106000
[1] 107000
[1] 108000
[1] 109000
[1] 110000
[1] 111000
[1] 112000
[1] 113000
[1] 114000
[1] 115000
[1] 116000
[1] 117000
[1] 118000
[1] 119000
[1] 120000
[1] 121000
[1] 122000
[1] 123000
[1] 124000
[1] 125000
[1] 126000
[1] 127000
[1] 128000
[1] 129000
[1] 130000
[1] 131000
[1] 132000
[1] 133000
[1] 134000
[1] 135000
[1] 136000
[1] 137000
[1] 138000
[1] 139000
[1] 140000
[1] 141000
[1] 142000
[1] 143000
[1] 144000
[1] 145000
[1] 146000
[1] 147000
[1] 148000
[1] 149000
[1] 150000
[1] 151000
[1] 152000
[1] 153000
[1] 154000
[1] 155000
[1] 156000
[1] 157000
[1] 158000
[1] 159000
[1] 160000
[1] 161000
[1] 162000
[1] 163000
[1] 164000
[1] 165000
[1] 166000
[1] 167000
[1] 168000
[1] 169000
[1] 170000
[1] 171000
[1] 172000
[1] 173000
[1] 174000
[1] 175000
[1] 176000
[1] 177000
[1] 178000
[1] 179000
[1] 180000
[1] 181000
[1] 182000
[1] 183000
[1] 184000
[1] 185000
[1] 186000
[1] 187000
[1] 188000
[1] 189000
[1] 190000
[1] 191000
[1] 192000
[1] 193000
[1] 194000
[1] 195000
[1] 196000
[1] 197000
[1] 198000
[1] 199000
[1] 200000
[1] 201000
[1] 202000
[1] 203000
[1] 204000
[1] 205000
[1] 206000
[1] 207000
[1] 208000
[1] 209000
[1] 210000
[1] 211000
[1] 212000
[1] 213000
[1] 214000
[1] 215000
[1] 216000
[1] 217000
[1] 218000
[1] 219000
[1] 220000
[1] 221000
[1] 222000
[1] 223000
[1] 224000
[1] 225000
[1] 226000
[1] 227000
[1] 228000
[1] 229000
[1] 230000
[1] 231000
[1] 232000
[1] 233000
[1] 234000
[1] 235000
[1] 236000
[1] 237000
[1] 238000
[1] 239000
[1] 240000
[1] 241000
[1] 242000
[1] 243000
[1] 244000
[1] 245000
[1] 246000
[1] 247000
[1] 248000
[1] 249000
[1] 250000
[1] 251000
[1] 252000
[1] 253000
[1] 254000
[1] 255000
[1] 256000
[1] 257000
[1] 258000
[1] 259000
[1] 260000
[1] 261000
[1] 262000
[1] 263000
[1] 264000
[1] 265000
[1] 266000
[1] 267000
[1] 268000
[1] 269000
[1] 270000
[1] 271000
[1] 272000
[1] 273000
[1] 274000
[1] 275000
[1] 276000
[1] 277000
[1] 278000
[1] 279000
[1] 280000
[1] 281000
[1] 282000
[1] 283000
[1] 284000
[1] 285000
[1] 286000
[1] 287000
[1] 288000
[1] 289000
[1] 290000
[1] 291000
[1] 292000
[1] 293000
[1] 294000
[1] 295000
[1] 296000
[1] 297000
[1] 298000
[1] 299000
[1] 300000
[1] 301000
[1] 302000
[1] 303000
[1] 304000
[1] 305000
[1] 306000
[1] 307000
[1] 308000
[1] 309000
[1] 310000
[1] 311000
[1] 312000
[1] 313000
[1] 314000
[1] 315000
[1] 316000
[1] 317000
[1] 318000
[1] 319000
[1] 320000
[1] 321000
[1] 322000
[1] 323000
[1] 324000
[1] 325000
[1] 326000
[1] 327000
[1] 328000
[1] 329000
[1] 330000
[1] 331000
[1] 332000
[1] 333000
[1] 334000
[1] 335000
[1] 336000
[1] 337000
[1] 338000
[1] 339000
[1] 340000
[1] 341000
[1] 342000
[1] 343000
[1] 344000
[1] 345000
[1] 346000
[1] 347000
[1] 348000
[1] 349000
[1] 350000
[1] 351000
[1] 352000
[1] 353000
[1] 354000
[1] 355000
[1] 356000
[1] 357000
[1] 358000
[1] 359000
[1] 360000
[1] 361000
[1] 362000
[1] 363000
[1] 364000
[1] 365000
[1] 366000
[1] 367000
slurmstepd: error: *** JOB 19452380 ON r280 CANCELLED AT 2021-04-14T09:41:07 ***
[1] 368000
[1] 369000
