Bowtie2 looks for the specified index first in the current directory, then in the directory specified in the BOWTIE2_INDEXES environment variable.
The pregenerated indexes for the reference genonomes are placed under /sw/data/reference/*/*/program_files/bowtie2 for each reference genome
[Pipeline]
sample=P18161_279/02-FASTQ/201104_A00187_0373_BHGM2CDSXY/P18161_279_S146_L004
forward_identifier="_R1_001.fastq.gz"
reverse_identifier="_R2_001.fastq.gz"
seq_data_dir="/proj/snic2020-6-153/delivery04021/P18161"
project_dir_rel="/proj/uppstore2019028/projects/metagenome/theo/newscripts/tmp"
catalog_type="oral_catalog"
seq_platform="illumina"
trimFasta="/proj/uppstore2019028/projects/metagenome/alienTrimmerPF8contaminants.fasta"
meteorImportScript="/proj/uppstore2019028/meteor.2019.11.04/MeteorImportFastq.rb"
meteor="/proj/uppstore2019028/projects/metagenome/software/meteor_linux_2019.11.04"
Rdir="/proj/uppstore2019028/projects/metagenome/meteor_downstream_rscripts"
reference_dir="/proj/uppstore2019028/projects/metagenome/meteor_ref"
[worksession]
meteor.reference.dir=/scratch/20287435/reference
meteor.db.type=binary
meteor.nb.attempts=3
meteor.read.cleaning.program=none
meteor.read.cleaning.cmd=
meteor.mapping.program=bowtie2
meteor.mapping.file.format=sam
meteor.is.cpu.percentage=0
meteor.cpu.count=10
meteor.checksum=md5
meteor.excluded.reference.count=3
[main_reference]
meteor.reference.name=oral_catalog
meteor.matches=10000
meteor.mismatches=5
meteor.is.perc.mismatches=1
meteor.bestalignment=1
meteor.mapper.cmd=
meteor.mapping.prefix.name=mapping_vs_oral_catalog
meteor.counting.prefix.name=vs_hs_10_4_oral_catalog
[excluded_reference_1]
meteor.reference.name=Homo_sapiens_GRCh38
meteor.matches=1
meteor.mismatches=5
meteor.is.perc.mismatches=1
meteor.bestalignment=1
meteor.mapping.prefix.name=mapping_vs_Homo_sapiens_GRCh38
[excluded_reference_2]
meteor.reference.name=A_thaliana_TAIR10
meteor.matches=1
meteor.mismatches=5
meteor.is.perc.mismatches=1
meteor.bestalignment=1
meteor.mapping.prefix.name=mapping_vs_A_thaliana_TAIR10
[excluded_reference_3]
meteor.reference.name=Bos_taurus_UMD3
meteor.matches=1
meteor.mismatches=5
meteor.is.perc.mismatches=1
meteor.bestalignment=1
meteor.mapping.prefix.name=mapping_vs_Bos_taurus_UMD3
...Wed Jun  2 17:29:44 CEST 2021: Parse_variables - begin
v_downstream_dir=/scratch/20287435/P18161_279_S146_L004/Downstream
v_fastqgz1=/crex/proj/snic2020-6-153/nobackup/delivery04021/P18161/P18161_279/02-FASTQ/201104_A00187_0373_BHGM2CDSXY/P18161_279_S146_L004_R1_001.fastq.gz
v_fastqgz1_unzip=/scratch/20287435/P18161_279_S146_L004/working/P18161_279_S146_L004/P18161_279_S146_L004_R1_001.fastq.unzipped
v_fastqgz2=/crex/proj/snic2020-6-153/nobackup/delivery04021/P18161/P18161_279/02-FASTQ/201104_A00187_0373_BHGM2CDSXY/P18161_279_S146_L004_R2_001.fastq.gz
v_fastqgz2_unzip=/scratch/20287435/P18161_279_S146_L004/working/P18161_279_S146_L004/P18161_279_S146_L004_R2_001.fastq.unzipped
v_final1=/scratch/20287435/P18161_279_S146_L004/working/P18161_279_S146_L004/P18161_279_S146_L004_1.fastq
v_final2=/scratch/20287435/P18161_279_S146_L004/working/P18161_279_S146_L004/P18161_279_S146_L004_2.fastq
v_prefix=vs_hs_10_4_oral_catalog
v_project_dir=/scratch/20287435/P18161_279_S146_L004
v_sampledir=/scratch/20287435/P18161_279_S146_L004/oral_catalog/sample/P18161_279_S146_L004
v_trimmedS=/scratch/20287435/P18161_279_S146_L004/working/P18161_279_S146_L004/P18161_279_S146_L004.trimmed.s.fastq
v_workdir=/scratch/20287435/P18161_279_S146_L004/working/P18161_279_S146_L004
...Wed Jun  2 17:29:45 CEST 2021: Parse_variables - done

...Wed Jun  2 17:29:45 CEST 2021: Init - begin
...Wed Jun  2 17:29:45 CEST 2021: Init - done

...Wed Jun  2 17:29:45 CEST 2021: Send - begin
...Wed Jun  2 17:40:31 CEST 2021: Send - done

...Wed Jun  2 17:40:31 CEST 2021: Decompress - begin
...Wed Jun  2 17:47:20 CEST 2021: Decompress - done

...Wed Jun  2 17:47:20 CEST 2021: Trim - begin
AlienTrimmer main options: -k 10 -l 45 -m 5 -q 20 -p 40 (Phred+33)  /  439 fwd alien sequence(s)  /  7856 fwd k-mers (k=10)  /  439 rev alien sequence(s)  /  7856 rev k-mers (k=10)
[01:55]   1,000,000 read pairs processed:     668,385 trimmed (fwd:     321,509  rev:     346,876)      12,845 removed (fwd:       5,236  rev:       7,609)
[03:52]   2,000,000 read pairs processed:   1,331,877 trimmed (fwd:     634,028  rev:     697,849)      25,150 removed (fwd:       9,976  rev:      15,174)
[05:45]   3,000,000 read pairs processed:   1,988,616 trimmed (fwd:     948,355  rev:   1,040,261)      37,071 removed (fwd:      14,606  rev:      22,465)
[07:40]   4,000,000 read pairs processed:   2,651,309 trimmed (fwd:   1,261,231  rev:   1,390,078)      49,197 removed (fwd:      19,229  rev:      29,968)
[09:33]   5,000,000 read pairs processed:   3,305,924 trimmed (fwd:   1,572,407  rev:   1,733,517)      61,290 removed (fwd:      23,949  rev:      37,341)
[11:28]   6,000,000 read pairs processed:   3,964,461 trimmed (fwd:   1,882,782  rev:   2,081,679)      73,362 removed (fwd:      28,496  rev:      44,866)
[13:21]   7,000,000 read pairs processed:   4,610,103 trimmed (fwd:   2,188,799  rev:   2,421,304)      85,083 removed (fwd:      33,021  rev:      52,062)
[15:17]   8,000,000 read pairs processed:   5,266,604 trimmed (fwd:   2,498,637  rev:   2,767,967)      96,641 removed (fwd:      37,420  rev:      59,221)
[17:12]   9,000,000 read pairs processed:   5,918,749 trimmed (fwd:   2,805,192  rev:   3,113,557)     108,409 removed (fwd:      41,994  rev:      66,415)
[19:06]  10,000,000 read pairs processed:   6,573,296 trimmed (fwd:   3,117,306  rev:   3,455,990)     120,434 removed (fwd:      46,778  rev:      73,656)
[20:59]  11,000,000 read pairs processed:   7,217,315 trimmed (fwd:   3,425,511  rev:   3,791,804)     132,433 removed (fwd:      51,449  rev:      80,984)
[22:56]  12,000,000 read pairs processed:   7,972,762 trimmed (fwd:   3,781,603  rev:   4,191,159)     146,175 removed (fwd:      56,222  rev:      89,953)
[24:51]  13,000,000 read pairs processed:   8,696,960 trimmed (fwd:   4,123,524  rev:   4,573,436)     160,149 removed (fwd:      61,556  rev:      98,593)
[26:48]  14,000,000 read pairs processed:   9,448,048 trimmed (fwd:   4,474,292  rev:   4,973,756)     173,381 removed (fwd:      66,729  rev:     106,652)
[28:44]  15,000,000 read pairs processed:  10,156,181 trimmed (fwd:   4,804,259  rev:   5,351,922)     186,431 removed (fwd:      71,889  rev:     114,542)
[30:38]  16,000,000 read pairs processed:  10,877,141 trimmed (fwd:   5,145,359  rev:   5,731,782)     199,569 removed (fwd:      77,179  rev:     122,390)
[32:34]  17,000,000 read pairs processed:  11,578,590 trimmed (fwd:   5,473,992  rev:   6,104,598)     212,054 removed (fwd:      82,086  rev:     129,968)
[34:26]  18,000,000 read pairs processed:  12,277,261 trimmed (fwd:   5,801,791  rev:   6,475,470)     224,765 removed (fwd:      87,181  rev:     137,584)
[36:20]  19,000,000 read pairs processed:  12,975,144 trimmed (fwd:   6,129,638  rev:   6,845,506)     237,337 removed (fwd:      92,127  rev:     145,210)
[38:14]  20,000,000 read pairs processed:  13,673,774 trimmed (fwd:   6,459,965  rev:   7,213,809)     250,249 removed (fwd:      97,295  rev:     152,954)
[40:41]  21,000,000 read pairs processed:  14,397,074 trimmed (fwd:   6,801,768  rev:   7,595,306)     263,333 removed (fwd:     102,589  rev:     160,744)
[42:37]  22,000,000 read pairs processed:  15,106,208 trimmed (fwd:   7,135,219  rev:   7,970,989)     276,413 removed (fwd:     107,869  rev:     168,544)
[43:05]  22,250,471 read pairs processed:  15,278,388 trimmed (fwd:   7,215,884  rev:   8,062,504)     279,497 removed (fwd:     109,070  rev:     170,427)
...Wed Jun  2 18:31:18 CEST 2021: Trim - done

...Wed Jun  2 18:31:18 CEST 2021: Import - begin
ruby: warning: shebang line ending with \r may cause problems
Import /scratch/20287435/P18161_279_S146_L004/oral_catalog/sample/P18161_279_S146_L004_1.fastq
Import /scratch/20287435/P18161_279_S146_L004/oral_catalog/sample/P18161_279_S146_L004_2.fastq
Importation done!
...Wed Jun  2 18:31:22 CEST 2021: Import - done

...Wed Jun  2 18:31:22 CEST 2021: Map_reads - begin
/proj/uppstore2019028/projects/metagenome/software/meteor_linux_2019.11.04/meteor.rb:146: warning: constant ::Fixnum is deprecated
/proj/uppstore2019028/projects/metagenome/software/meteor_linux_2019.11.04/meteor.rb:161: warning: Insecure world writable dir /proj/uppstore2019028/Helen/meteor-linux.2019-11-04 in PATH, mode 042777

Launch mapping


######### Meteor Mapping task description
Sample name = P18161_279_S146_L004
Library name = P18161_279_S146_L004_1
Project name = oral_catalog
Sequencing device = illumina
Workflow = P18161_279_S146_L004.ini

######### Task main mapping 0
Executing mapping command:
bowtie2-align-l --mm -p 10 --end-to-end --sensitive -k 10000 --no-head --no-sq --no-unal --omit-sec-seq -x /scratch/20287435/reference/oral_catalog/fasta/oral_catalog_dnaspace_index -U /scratch/20287435/P18161_279_S146_L004/oral_catalog/sample/P18161_279_S146_L004/2fbf153b0f61f973d0c52518d6d662fd/P18161_279_S146_L004_1.fastq.idx -S /scratch/20287435/P18161_279_S146_L004/oral_catalog/mapping/P18161_279_S146_L004/mapping_vs_oral_catalog_P18161_279_S146_L004_1/P18161_279_S146_L004_1_1.sam
21995303 reads; of these:
  21995303 (100.00%) were unpaired; of these:
    16671680 (75.80%) aligned 0 times
    1279695 (5.82%) aligned exactly 1 time
    4043928 (18.39%) aligned >1 times
24.20% overall alignment rate

######### TaskExcludedMapping(0, 1) ; reference name: Homo_sapiens_GRCh38
Executing mapping command:
bowtie2-align-l --mm -p 10 --end-to-end --sensitive -k 1 --no-head --no-sq --no-unal --omit-sec-seq -x /scratch/20287435/reference/Homo_sapiens_GRCh38/fasta/Homo_sapiens_GRCh38_dnaspace_index -U /scratch/20287435/P18161_279_S146_L004/oral_catalog/sample/P18161_279_S146_L004/2fbf153b0f61f973d0c52518d6d662fd/P18161_279_S146_L004_1.fastq.idx -S /scratch/20287435/P18161_279_S146_L004/oral_catalog/mapping/P18161_279_S146_L004/mapping_vs_Homo_sapiens_GRCh38_P18161_279_S146_L004_1/P18161_279_S146_L004_1_1.sam
21995303 reads; of these:
  21995303 (100.00%) were unpaired; of these:
    5027905 (22.86%) aligned 0 times
    16967398 (77.14%) aligned exactly 1 time
    0 (0.00%) aligned >1 times
77.14% overall alignment rate

######### TaskExcludedMapping(0, 2) ; reference name: A_thaliana_TAIR10
Executing mapping command:
bowtie2-align-l --mm -p 10 --end-to-end --sensitive -k 1 --no-head --no-sq --no-unal --omit-sec-seq -x /scratch/20287435/reference/A_thaliana_TAIR10/fasta/A_thaliana_TAIR10_dnaspace_index -U /scratch/20287435/P18161_279_S146_L004/oral_catalog/sample/P18161_279_S146_L004/2fbf153b0f61f973d0c52518d6d662fd/P18161_279_S146_L004_1.fastq.idx -S /scratch/20287435/P18161_279_S146_L004/oral_catalog/mapping/P18161_279_S146_L004/mapping_vs_A_thaliana_TAIR10_P18161_279_S146_L004_1/P18161_279_S146_L004_1_1.sam
21995303 reads; of these:
  21995303 (100.00%) were unpaired; of these:
    21991324 (99.98%) aligned 0 times
    3979 (0.02%) aligned exactly 1 time
    0 (0.00%) aligned >1 times
0.02% overall alignment rate

######### TaskExcludedMapping(0, 3) ; reference name: Bos_taurus_UMD3
Executing mapping command:
bowtie2-align-l --mm -p 10 --end-to-end --sensitive -k 1 --no-head --no-sq --no-unal --omit-sec-seq -x /scratch/20287435/reference/Bos_taurus_UMD3/fasta/Bos_taurus_UMD3_dnaspace_index -U /scratch/20287435/P18161_279_S146_L004/oral_catalog/sample/P18161_279_S146_L004/2fbf153b0f61f973d0c52518d6d662fd/P18161_279_S146_L004_1.fastq.idx -S /scratch/20287435/P18161_279_S146_L004/oral_catalog/mapping/P18161_279_S146_L004/mapping_vs_Bos_taurus_UMD3_P18161_279_S146_L004_1/P18161_279_S146_L004_1_1.sam
21995303 reads; of these:
  21995303 (100.00%) were unpaired; of these:
    21701764 (98.67%) aligned 0 times
    293539 (1.33%) aligned exactly 1 time
    0 (0.00%) aligned >1 times
1.33% overall alignment rate
removing re-indexed file:
/scratch/20287435/P18161_279_S146_L004/oral_catalog/sample/P18161_279_S146_L004/2fbf153b0f61f973d0c52518d6d662fd/P18161_279_S146_L004_1.fastq.idx


######### Meteor Mapping task description
Sample name = P18161_279_S146_L004
Library name = P18161_279_S146_L004_2
Project name = oral_catalog
Sequencing device = illumina
Workflow = P18161_279_S146_L004.ini

######### Task main mapping 1
Executing mapping command:
bowtie2-align-l --mm -p 10 --end-to-end --sensitive -k 10000 --no-head --no-sq --no-unal --omit-sec-seq -x /scratch/20287435/reference/oral_catalog/fasta/oral_catalog_dnaspace_index -U /scratch/20287435/P18161_279_S146_L004/oral_catalog/sample/P18161_279_S146_L004/2fbf153b0f61f973d0c52518d6d662fd/P18161_279_S146_L004_2.fastq.idx -S /scratch/20287435/P18161_279_S146_L004/oral_catalog/mapping/P18161_279_S146_L004/mapping_vs_oral_catalog_P18161_279_S146_L004_2/P18161_279_S146_L004_2_1.sam
slurmstepd: error: *** JOB 20287435 ON r287 CANCELLED AT 2021-06-03T01:29:38 DUE TO TIME LIMIT ***
